<?xml version="1.0" encoding="UTF-8"?>
<!-- Generated by org.testng.reporters.JUnitReportReporter -->
<testsuite hostname="DESKTOP-51N1MC5" failures="0" tests="6" name="lab8.bai3.TinhTienNuocBranchCoverageTest" time="0.001" errors="0" timestamp="2026-03-10T14:44:09 GMT+07:00" skipped="0">
  <testcase classname="lab8.bai3.TinhTienNuocBranchCoverageTest" name="testTinhTienNuoc_DanCu_Bac2" time="0.000"/>
  <testcase classname="lab8.bai3.TinhTienNuocBranchCoverageTest" name="testTinhTienNuoc_HoNgheo" time="0.000"/>
  <testcase classname="lab8.bai3.TinhTienNuocBranchCoverageTest" name="testTinhTienNuoc_KinhDoanh" time="0.000"/>
  <testcase classname="lab8.bai3.TinhTienNuocBranchCoverageTest" name="testTinhTienNuoc_DanCu_Bac3" time="0.000"/>
  <testcase classname="lab8.bai3.TinhTienNuocBranchCoverageTest" name="testTinhTienNuoc_DanCu_Bac1" time="0.001"/>
  <testcase classname="lab8.bai3.TinhTienNuocBranchCoverageTest" name="testTinhTienNuoc_SoM3KhongHopLe" time="0.000"/>
</testsuite> <!-- lab8.bai3.TinhTienNuocBranchCoverageTest -->
