<?xml version="1.0" encoding="UTF-8"?>
<!-- Generated by org.testng.reporters.JUnitReportReporter -->
<testsuite hostname="DESKTOP-51N1MC5" failures="0" tests="6" name="lab8.bai3.XepLoaiBranchCoverageTest" time="0.004" errors="0" timestamp="2026-03-10T14:44:09 GMT+07:00" skipped="0">
  <testcase classname="lab8.bai3.XepLoaiBranchCoverageTest" name="testXepLoai_ThiLai" time="0.000"/>
  <testcase classname="lab8.bai3.XepLoaiBranchCoverageTest" name="testXepLoai_TrungBinh" time="0.000"/>
  <testcase classname="lab8.bai3.XepLoaiBranchCoverageTest" name="testXepLoai_InvalidScore" time="0.001"/>
  <testcase classname="lab8.bai3.XepLoaiBranchCoverageTest" name="testXepLoai_YeuHocLai" time="0.000"/>
  <testcase classname="lab8.bai3.XepLoaiBranchCoverageTest" name="testXepLoai_Gioi" time="0.003"/>
  <testcase classname="lab8.bai3.XepLoaiBranchCoverageTest" name="testXepLoai_Kha" time="0.000"/>
</testsuite> <!-- lab8.bai3.XepLoaiBranchCoverageTest -->
