<?xml version="1.0" encoding="UTF-8"?>
<testng-results ignored="0" total="12" passed="12" failed="0" skipped="0">
  <reporter-output>
  </reporter-output>
  <suite started-at="2026-03-10T14:44:09 GMT+07:00" name="Lab8_Bai3_Statement_Branch_Suite" finished-at="2026-03-10T14:44:09 GMT+07:00" duration-ms="25">
    <groups>
    </groups>
    <test started-at="2026-03-10T14:44:09 GMT+07:00" name="Branch Coverage Tests" finished-at="2026-03-10T14:44:09 GMT+07:00" duration-ms="25">
      <class name="lab8.bai3.XepLoaiBranchCoverageTest">
        <test-method signature="testXepLoai_Gioi()[pri:0, instance:lab8.bai3.XepLoaiBranchCoverageTest@45f45fa1]" started-at="2026-03-10T14:44:09 GMT+07:00" name="testXepLoai_Gioi" description="TC2 - N1 False, N2 True: xep loai Gioi" finished-at="2026-03-10T14:44:09 GMT+07:00" duration-ms="3" status="PASS">
          <reporter-output>
          </reporter-output>
        </test-method> <!-- testXepLoai_Gioi -->
        <test-method signature="testXepLoai_InvalidScore()[pri:0, instance:lab8.bai3.XepLoaiBranchCoverageTest@45f45fa1]" started-at="2026-03-10T14:44:09 GMT+07:00" name="testXepLoai_InvalidScore" description="TC1 - N1 True: diem khong hop le" finished-at="2026-03-10T14:44:09 GMT+07:00" duration-ms="1" status="PASS">
          <reporter-output>
          </reporter-output>
        </test-method> <!-- testXepLoai_InvalidScore -->
        <test-method signature="testXepLoai_ThiLai()[pri:0, instance:lab8.bai3.XepLoaiBranchCoverageTest@45f45fa1]" started-at="2026-03-10T14:44:09 GMT+07:00" name="testXepLoai_ThiLai" description="TC5 - N1 False, N2 False, N3 False, N4 False, N5 True: Thi lai" finished-at="2026-03-10T14:44:09 GMT+07:00" duration-ms="0" status="PASS">
          <reporter-output>
          </reporter-output>
        </test-method> <!-- testXepLoai_ThiLai -->
        <test-method signature="testXepLoai_Kha()[pri:0, instance:lab8.bai3.XepLoaiBranchCoverageTest@45f45fa1]" started-at="2026-03-10T14:44:09 GMT+07:00" name="testXepLoai_Kha" description="TC3 - N1 False, N2 False, N3 True: xep loai Kha" finished-at="2026-03-10T14:44:09 GMT+07:00" duration-ms="0" status="PASS">
          <reporter-output>
          </reporter-output>
        </test-method> <!-- testXepLoai_Kha -->
        <test-method signature="testXepLoai_TrungBinh()[pri:0, instance:lab8.bai3.XepLoaiBranchCoverageTest@45f45fa1]" started-at="2026-03-10T14:44:09 GMT+07:00" name="testXepLoai_TrungBinh" description="TC4 - N1 False, N2 False, N3 False, N4 True: xep loai Trung Binh" finished-at="2026-03-10T14:44:09 GMT+07:00" duration-ms="0" status="PASS">
          <reporter-output>
          </reporter-output>
        </test-method> <!-- testXepLoai_TrungBinh -->
        <test-method signature="testXepLoai_YeuHocLai()[pri:0, instance:lab8.bai3.XepLoaiBranchCoverageTest@45f45fa1]" started-at="2026-03-10T14:44:09 GMT+07:00" name="testXepLoai_YeuHocLai" description="TC6 - N1 False, N2 False, N3 False, N4 False, N5 False: Yeu - Hoc lai" finished-at="2026-03-10T14:44:09 GMT+07:00" duration-ms="0" status="PASS">
          <reporter-output>
          </reporter-output>
        </test-method> <!-- testXepLoai_YeuHocLai -->
      </class> <!-- lab8.bai3.XepLoaiBranchCoverageTest -->
      <class name="lab8.bai3.TinhTienNuocBranchCoverageTest">
        <test-method signature="testTinhTienNuoc_DanCu_Bac1()[pri:0, instance:lab8.bai3.TinhTienNuocBranchCoverageTest@40e6dfe1]" started-at="2026-03-10T14:44:09 GMT+07:00" name="testTinhTienNuoc_DanCu_Bac1" description="TC3 - N1 False, N2 False, N3 True, N4 True: dan_cu &lt;= 10m3" finished-at="2026-03-10T14:44:09 GMT+07:00" duration-ms="1" status="PASS">
          <reporter-output>
          </reporter-output>
        </test-method> <!-- testTinhTienNuoc_DanCu_Bac1 -->
        <test-method signature="testTinhTienNuoc_DanCu_Bac2()[pri:0, instance:lab8.bai3.TinhTienNuocBranchCoverageTest@40e6dfe1]" started-at="2026-03-10T14:44:09 GMT+07:00" name="testTinhTienNuoc_DanCu_Bac2" description="TC4 - N1 False, N2 False, N3 True, N4 False, N5 True: dan_cu 11-20m3" finished-at="2026-03-10T14:44:09 GMT+07:00" duration-ms="0" status="PASS">
          <reporter-output>
          </reporter-output>
        </test-method> <!-- testTinhTienNuoc_DanCu_Bac2 -->
        <test-method signature="testTinhTienNuoc_DanCu_Bac3()[pri:0, instance:lab8.bai3.TinhTienNuocBranchCoverageTest@40e6dfe1]" started-at="2026-03-10T14:44:09 GMT+07:00" name="testTinhTienNuoc_DanCu_Bac3" description="TC5 - N1 False, N2 False, N3 True, N4 False, N5 False: dan_cu &gt; 20m3" finished-at="2026-03-10T14:44:09 GMT+07:00" duration-ms="0" status="PASS">
          <reporter-output>
          </reporter-output>
        </test-method> <!-- testTinhTienNuoc_DanCu_Bac3 -->
        <test-method signature="testTinhTienNuoc_HoNgheo()[pri:0, instance:lab8.bai3.TinhTienNuocBranchCoverageTest@40e6dfe1]" started-at="2026-03-10T14:44:09 GMT+07:00" name="testTinhTienNuoc_HoNgheo" description="TC2 - N1 False, N2 True: ho_ngheo" finished-at="2026-03-10T14:44:09 GMT+07:00" duration-ms="0" status="PASS">
          <reporter-output>
          </reporter-output>
        </test-method> <!-- testTinhTienNuoc_HoNgheo -->
        <test-method signature="testTinhTienNuoc_KinhDoanh()[pri:0, instance:lab8.bai3.TinhTienNuocBranchCoverageTest@40e6dfe1]" started-at="2026-03-10T14:44:09 GMT+07:00" name="testTinhTienNuoc_KinhDoanh" description="TC6 - N1 False, N2 False, N3 False: kinh_doanh" finished-at="2026-03-10T14:44:09 GMT+07:00" duration-ms="0" status="PASS">
          <reporter-output>
          </reporter-output>
        </test-method> <!-- testTinhTienNuoc_KinhDoanh -->
        <test-method signature="testTinhTienNuoc_SoM3KhongHopLe()[pri:0, instance:lab8.bai3.TinhTienNuocBranchCoverageTest@40e6dfe1]" started-at="2026-03-10T14:44:09 GMT+07:00" name="testTinhTienNuoc_SoM3KhongHopLe" description="TC1 - N1 True: soM3 &lt;= 0" finished-at="2026-03-10T14:44:09 GMT+07:00" duration-ms="0" status="PASS">
          <reporter-output>
          </reporter-output>
        </test-method> <!-- testTinhTienNuoc_SoM3KhongHopLe -->
      </class> <!-- lab8.bai3.TinhTienNuocBranchCoverageTest -->
    </test> <!-- Branch Coverage Tests -->
  </suite> <!-- Lab8_Bai3_Statement_Branch_Suite -->
</testng-results>
