<?xml version="1.0" encoding="UTF-8"?>
<testsuite xmlns:xsi="http://www.w3.org/2001/XMLSchema-instance" xsi:noNamespaceSchemaLocation="https://maven.apache.org/surefire/maven-surefire-plugin/xsd/surefire-test-report-3.0.xsd" version="3.0" name="TestSuite" time="0.23" tests="12" errors="0" skipped="0" failures="0">
  <properties>
[...]
</properties>
  <testcase name="testXepLoai_Gioi" classname="lab8.bai3.XepLoaiBranchCoverageTest" time="0.003">
    <system-err><![CDATA[SLF4J: Failed to load class "org.slf4j.impl.StaticLoggerBinder".
SLF4J: Defaulting to no-operation (NOP) logger implementation
SLF4J: See http://www.slf4j.org/codes.html#StaticLoggerBinder for further details.
]]></system-err>
  </testcase>
  <testcase name="testXepLoai_InvalidScore" classname="lab8.bai3.XepLoaiBranchCoverageTest" time="0.0"/>
  <testcase name="testXepLoai_Kha" classname="lab8.bai3.XepLoaiBranchCoverageTest" time="0.0"/>
  <testcase name="testXepLoai_ThiLai" classname="lab8.bai3.XepLoaiBranchCoverageTest" time="0.0"/>
  <testcase name="testXepLoai_TrungBinh" classname="lab8.bai3.XepLoaiBranchCoverageTest" time="0.0"/>
  <testcase name="testXepLoai_YeuHocLai" classname="lab8.bai3.XepLoaiBranchCoverageTest" time="0.0"/>
  <testcase name="testTinhTienNuoc_DanCu_Bac1" classname="lab8.bai3.TinhTienNuocBranchCoverageTest" time="0.001"/>
  <testcase name="testTinhTienNuoc_DanCu_Bac2" classname="lab8.bai3.TinhTienNuocBranchCoverageTest" time="0.0"/>
  <testcase name="testTinhTienNuoc_DanCu_Bac3" classname="lab8.bai3.TinhTienNuocBranchCoverageTest" time="0.001"/>
  <testcase name="testTinhTienNuoc_HoNgheo" classname="lab8.bai3.TinhTienNuocBranchCoverageTest" time="0.0"/>
  <testcase name="testTinhTienNuoc_KinhDoanh" classname="lab8.bai3.TinhTienNuocBranchCoverageTest" time="0.001"/>
  <testcase name="testTinhTienNuoc_SoM3KhongHopLe" classname="lab8.bai3.TinhTienNuocBranchCoverageTest" time="0.0"/>
</testsuite>