<?xml version="1.0" encoding="UTF-8"?>
<!-- Generated by org.testng.reporters.JUnitXMLReporter -->
<testsuite ignored="0" hostname="DESKTOP-51N1MC5" failures="1" tests="4" name="Bai1_Verify_Framework" time="3.49" errors="0" timestamp="2026-03-17T14:01:39 GMT+07:00">
  <testcase classname="tests.Bai1VerificationTest" name="testParallelThree" time="0.003"/>
  <testcase classname="tests.Bai1VerificationTest" name="testFailIntentionalToCaptureScreenshot" time="0.011">
    <failure type="java.lang.AssertionError" message="Fail co y de kiem tra screenshot expected [true] but found [false]">
      <![CDATA[java.lang.AssertionError: Fail co y de kiem tra screenshot expected [true] but found [false]
at tests.Bai1VerificationTest.testFailIntentionalToCaptureScreenshot(Bai1VerificationTest.java:12)
at java.base/java.util.concurrent.Executors$RunnableAdapter.call(Executors.java:545)
at java.base/java.util.concurrent.FutureTask.run(FutureTask.java:328)
at java.base/java.util.concurrent.ThreadPoolExecutor.runWorker(ThreadPoolExecutor.java:1090)
at java.base/java.util.concurrent.ThreadPoolExecutor$Worker.run(ThreadPoolExecutor.java:614)
at java.base/java.lang.Thread.run(Thread.java:1474)
... Removed 14 stack frames]]>
    </failure>
  </testcase> <!-- testFailIntentionalToCaptureScreenshot -->
  <testcase classname="tests.Bai1VerificationTest" name="testParallelOne" time="0.006"/>
  <testcase classname="tests.Bai1VerificationTest" name="testParallelTwo" time="0.004"/>
</testsuite> <!-- Bai1_Verify_Framework -->
