<?xml version="1.0" encoding="UTF-8"?>
<!-- Generated by org.testng.reporters.JUnitXMLReporter -->
<testsuite ignored="0" hostname="DESKTOP-51N1MC5" failures="0" tests="12" name="Branch Coverage Tests" time="0.025" errors="0" timestamp="2026-03-10T14:44:09 GMT+07:00">
  <testcase classname="lab8.bai3.XepLoaiBranchCoverageTest" name="testXepLoai_Gioi" time="0.003"/>
  <testcase classname="lab8.bai3.XepLoaiBranchCoverageTest" name="testXepLoai_InvalidScore" time="0.001"/>
  <testcase classname="lab8.bai3.XepLoaiBranchCoverageTest" name="testXepLoai_Kha" time="0.0"/>
  <testcase classname="lab8.bai3.XepLoaiBranchCoverageTest" name="testXepLoai_ThiLai" time="0.0"/>
  <testcase classname="lab8.bai3.XepLoaiBranchCoverageTest" name="testXepLoai_TrungBinh" time="0.0"/>
  <testcase classname="lab8.bai3.XepLoaiBranchCoverageTest" name="testXepLoai_YeuHocLai" time="0.0"/>
  <testcase classname="lab8.bai3.TinhTienNuocBranchCoverageTest" name="testTinhTienNuoc_DanCu_Bac1" time="0.001"/>
  <testcase classname="lab8.bai3.TinhTienNuocBranchCoverageTest" name="testTinhTienNuoc_DanCu_Bac2" time="0.0"/>
  <testcase classname="lab8.bai3.TinhTienNuocBranchCoverageTest" name="testTinhTienNuoc_DanCu_Bac3" time="0.0"/>
  <testcase classname="lab8.bai3.TinhTienNuocBranchCoverageTest" name="testTinhTienNuoc_HoNgheo" time="0.0"/>
  <testcase classname="lab8.bai3.TinhTienNuocBranchCoverageTest" name="testTinhTienNuoc_KinhDoanh" time="0.0"/>
  <testcase classname="lab8.bai3.TinhTienNuocBranchCoverageTest" name="testTinhTienNuoc_SoM3KhongHopLe" time="0.0"/>
</testsuite> <!-- Branch Coverage Tests -->
