<?xml version="1.0" encoding="UTF-8"?>
<testng-results ignored="0" total="6" passed="6" failed="0" skipped="0">
  <reporter-output>
  </reporter-output>
  <suite started-at="2026-03-10T14:29:11 GMT+07:00" name="Lab8_Bai21_Regression_Suite" finished-at="2026-03-10T14:29:11 GMT+07:00" duration-ms="24">
    <groups>
      <group name="regression">
        <method signature="CartTest.testAddToCart()[pri:0, instance:lab8.bai21.CartTest@482cd91f]" name="testAddToCart" class="lab8.bai21.CartTest"/>
        <method signature="CartTest.testRemoveFromCart()[pri:0, instance:lab8.bai21.CartTest@482cd91f]" name="testRemoveFromCart" class="lab8.bai21.CartTest"/>
        <method signature="CheckoutTest.testCheckoutSuccess()[pri:0, instance:lab8.bai21.CheckoutTest@123f1134]" name="testCheckoutSuccess" class="lab8.bai21.CheckoutTest"/>
        <method signature="CheckoutTest.testOpenCheckoutPage()[pri:0, instance:lab8.bai21.CheckoutTest@123f1134]" name="testOpenCheckoutPage" class="lab8.bai21.CheckoutTest"/>
        <method signature="LoginTest.testLoginSuccess()[pri:0, instance:lab8.bai21.LoginTest@35083305]" name="testLoginSuccess" class="lab8.bai21.LoginTest"/>
        <method signature="LoginTest.testLoginWrongPassword()[pri:0, instance:lab8.bai21.LoginTest@35083305]" name="testLoginWrongPassword" class="lab8.bai21.LoginTest"/>
      </group> <!-- regression -->
      <group name="smoke">
        <method signature="CartTest.testAddToCart()[pri:0, instance:lab8.bai21.CartTest@482cd91f]" name="testAddToCart" class="lab8.bai21.CartTest"/>
        <method signature="CheckoutTest.testOpenCheckoutPage()[pri:0, instance:lab8.bai21.CheckoutTest@123f1134]" name="testOpenCheckoutPage" class="lab8.bai21.CheckoutTest"/>
        <method signature="LoginTest.testLoginSuccess()[pri:0, instance:lab8.bai21.LoginTest@35083305]" name="testLoginSuccess" class="lab8.bai21.LoginTest"/>
      </group> <!-- smoke -->
    </groups>
    <test started-at="2026-03-10T14:29:11 GMT+07:00" name="Regression Tests" finished-at="2026-03-10T14:29:11 GMT+07:00" duration-ms="24">
      <class name="lab8.bai21.LoginTest">
        <test-method signature="testLoginSuccess()[pri:0, instance:lab8.bai21.LoginTest@35083305]" started-at="2026-03-10T14:29:11 GMT+07:00" name="testLoginSuccess" description="Smoke - login thanh cong" finished-at="2026-03-10T14:29:11 GMT+07:00" duration-ms="4" status="PASS">
          <reporter-output>
          </reporter-output>
        </test-method> <!-- testLoginSuccess -->
        <test-method signature="testLoginWrongPassword()[pri:0, instance:lab8.bai21.LoginTest@35083305]" started-at="2026-03-10T14:29:11 GMT+07:00" name="testLoginWrongPassword" description="Regression - login sai mat khau" finished-at="2026-03-10T14:29:11 GMT+07:00" duration-ms="1" status="PASS">
          <reporter-output>
          </reporter-output>
        </test-method> <!-- testLoginWrongPassword -->
      </class> <!-- lab8.bai21.LoginTest -->
      <class name="lab8.bai21.CheckoutTest">
        <test-method signature="testCheckoutSuccess()[pri:0, instance:lab8.bai21.CheckoutTest@123f1134]" started-at="2026-03-10T14:29:11 GMT+07:00" name="testCheckoutSuccess" description="Regression - thanh toan thanh cong" finished-at="2026-03-10T14:29:11 GMT+07:00" duration-ms="1" status="PASS">
          <reporter-output>
          </reporter-output>
        </test-method> <!-- testCheckoutSuccess -->
        <test-method signature="testOpenCheckoutPage()[pri:0, instance:lab8.bai21.CheckoutTest@123f1134]" started-at="2026-03-10T14:29:11 GMT+07:00" name="testOpenCheckoutPage" description="Smoke - mo trang checkout" finished-at="2026-03-10T14:29:11 GMT+07:00" duration-ms="1" status="PASS">
          <reporter-output>
          </reporter-output>
        </test-method> <!-- testOpenCheckoutPage -->
      </class> <!-- lab8.bai21.CheckoutTest -->
      <class name="lab8.bai21.CartTest">
        <test-method signature="testAddToCart()[pri:0, instance:lab8.bai21.CartTest@482cd91f]" started-at="2026-03-10T14:29:11 GMT+07:00" name="testAddToCart" description="Smoke - them san pham vao gio" finished-at="2026-03-10T14:29:11 GMT+07:00" duration-ms="0" status="PASS">
          <reporter-output>
          </reporter-output>
        </test-method> <!-- testAddToCart -->
        <test-method signature="testRemoveFromCart()[pri:0, instance:lab8.bai21.CartTest@482cd91f]" started-at="2026-03-10T14:29:11 GMT+07:00" name="testRemoveFromCart" description="Regression - xoa san pham khoi gio" finished-at="2026-03-10T14:29:11 GMT+07:00" duration-ms="0" status="PASS">
          <reporter-output>
          </reporter-output>
        </test-method> <!-- testRemoveFromCart -->
      </class> <!-- lab8.bai21.CartTest -->
    </test> <!-- Regression Tests -->
  </suite> <!-- Lab8_Bai21_Regression_Suite -->
</testng-results>
