<?xml version="1.0" encoding="UTF-8"?>
<!-- Generated by org.testng.reporters.JUnitReportReporter -->
<testsuite hostname="DESKTOP-51N1MC5" failures="0" tests="4" name="tests.bai1.ReqresGetApiTest" time="3.306" errors="0" timestamp="2026-03-24T15:03:14 GMT+07:00" skipped="0">
  <testcase classname="tests.bai1.ReqresGetApiTest" name="getNonExistingUser_shouldReturn404AndEmptyBody" time="1.152"/>
  <testcase classname="tests.bai1.ReqresGetApiTest" name="getUsersPage1_shouldReturnPage1AndNonEmptyData" time="0.656"/>
  <testcase classname="tests.bai1.ReqresGetApiTest" name="getUsersPage2_shouldContainRequiredFieldsForEachUser" time="0.667"/>
  <testcase classname="tests.bai1.ReqresGetApiTest" name="getUser3_shouldReturnValidReqresEmailAndFirstName" time="0.831"/>
</testsuite> <!-- tests.bai1.ReqresGetApiTest -->
