<?xml version="1.0" encoding="UTF-8"?>
<!-- Generated by org.testng.reporters.JUnitReportReporter -->
<testsuite hostname="DESKTOP-51N1MC5" failures="0" tests="3" name="tests.bai3.ReqresSchemaApiTest" time="1.344" errors="0" timestamp="2026-03-24T15:03:14 GMT+07:00" skipped="0">
  <testcase classname="tests.bai3.ReqresSchemaApiTest" name="createUser_shouldMatchCreateUserSchema" time="0.511"/>
  <testcase classname="tests.bai3.ReqresSchemaApiTest" name="listUsers_shouldMatchUserListSchema" time="0.431"/>
  <testcase classname="tests.bai3.ReqresSchemaApiTest" name="singleUser_shouldMatchUserSchema" time="0.402"/>
</testsuite> <!-- tests.bai3.ReqresSchemaApiTest -->
