<?xml version="1.0" encoding="UTF-8"?>
<!-- Generated by org.testng.reporters.JUnitReportReporter -->
<testsuite hostname="DESKTOP-51N1MC5" failures="0" tests="2" name="tests.bai6.ApiUiPartATest" time="3.424" errors="0" timestamp="2026-03-24T15:03:14 GMT+07:00" skipped="0">
  <testcase classname="tests.bai6.ApiUiPartATest" name="uiLogin_shouldNavigateToInventory" time="2.192"/>
  <testcase classname="tests.bai6.ApiUiPartATest" name="apiLoginPrecondition_shouldReturnToken" time="1.232"/>
</testsuite> <!-- tests.bai6.ApiUiPartATest -->
