<?xml version="1.0" encoding="UTF-8"?>
<!-- Generated by org.testng.reporters.JUnitReportReporter -->
<testsuite hostname="DESKTOP-51N1MC5" failures="0" tests="2" name="tests.bai7.JsonPlaceholderUserApiTest" time="0.247" errors="0" timestamp="2026-03-24T15:03:14 GMT+07:00" skipped="0">
  <testcase classname="tests.bai7.JsonPlaceholderUserApiTest" name="getUser1_shouldMatchUserSchema" time="0.125"/>
  <testcase classname="tests.bai7.JsonPlaceholderUserApiTest" name="getUsers_shouldReturn10Users" time="0.122"/>
</testsuite> <!-- tests.bai7.JsonPlaceholderUserApiTest -->
