<?xml version="1.0" encoding="UTF-8"?>
<!-- Generated by org.testng.reporters.JUnitReportReporter -->
<testsuite hostname="DESKTOP-51N1MC5" failures="0" tests="5" name="tests.bai2.ReqresCrudApiTest" time="2.935" errors="0" timestamp="2026-03-24T15:03:14 GMT+07:00" skipped="0">
  <testcase classname="tests.bai2.ReqresCrudApiTest" name="deleteUser_shouldReturn204AndEmptyBody" time="0.396"/>
  <testcase classname="tests.bai2.ReqresCrudApiTest" name="createThenGet_shouldConfirmPersistedData" time="0.754"/>
  <testcase classname="tests.bai2.ReqresCrudApiTest" name="updateUserWithPut_shouldReturnUpdatedFields" time="0.679"/>
  <testcase classname="tests.bai2.ReqresCrudApiTest" name="createUser_shouldReturn201AndCreatedFields" time="0.676"/>
  <testcase classname="tests.bai2.ReqresCrudApiTest" name="patchUser_shouldUpdateOnlySentField" time="0.430"/>
</testsuite> <!-- tests.bai2.ReqresCrudApiTest -->
