<?xml version="1.0" encoding="UTF-8"?>
<!-- Generated by org.testng.reporters.JUnitXMLReporter -->
<testsuite ignored="0" hostname="DESKTOP-51N1MC5" failures="0" tests="13" name="PhoneValidator Tests" time="0.054" errors="0" timestamp="2026-03-10T15:13:35 GMT+07:00">
  <testcase classname="lab8.bai61.PhoneValidatorTest" name="testInvalid_Empty" time="0.008"/>
  <testcase classname="lab8.bai61.PhoneValidatorTest" name="testInvalid_LongLength" time="0.0"/>
  <testcase classname="lab8.bai61.PhoneValidatorTest" name="testInvalid_Null" time="0.0"/>
  <testcase classname="lab8.bai61.PhoneValidatorTest" name="testInvalid_OnlySpaces" time="0.0"/>
  <testcase classname="lab8.bai61.PhoneValidatorTest" name="testInvalid_Plus84WrongLength" time="0.001"/>
  <testcase classname="lab8.bai61.PhoneValidatorTest" name="testInvalid_ShortLength" time="0.001"/>
  <testcase classname="lab8.bai61.PhoneValidatorTest" name="testInvalid_SpecialCharacter" time="0.0"/>
  <testcase classname="lab8.bai61.PhoneValidatorTest" name="testInvalid_WrongPrefix" time="0.001"/>
  <testcase classname="lab8.bai61.PhoneValidatorTest" name="testValid_03Prefix" time="0.0"/>
  <testcase classname="lab8.bai61.PhoneValidatorTest" name="testValid_07Prefix" time="0.0"/>
  <testcase classname="lab8.bai61.PhoneValidatorTest" name="testValid_09Prefix" time="0.001"/>
  <testcase classname="lab8.bai61.PhoneValidatorTest" name="testValid_Plus84Format" time="0.0"/>
  <testcase classname="lab8.bai61.PhoneValidatorTest" name="testValid_WithSpaces" time="0.0"/>
</testsuite> <!-- PhoneValidator Tests -->
