<?xml version="1.0" encoding="UTF-8"?>
<!-- Generated by org.testng.reporters.JUnitXMLReporter -->
<testsuite ignored="0" hostname="DESKTOP-51N1MC5" failures="0" tests="5" name="Bai2_CRUD_Full" time="2.945" errors="0" timestamp="2026-03-24T15:02:53 GMT+07:00">
  <testcase classname="tests.bai2.ReqresCrudApiTest" name="createThenGet_shouldConfirmPersistedData" time="0.754"/>
  <testcase classname="tests.bai2.ReqresCrudApiTest" name="createUser_shouldReturn201AndCreatedFields" time="0.676"/>
  <testcase classname="tests.bai2.ReqresCrudApiTest" name="deleteUser_shouldReturn204AndEmptyBody" time="0.396"/>
  <testcase classname="tests.bai2.ReqresCrudApiTest" name="patchUser_shouldUpdateOnlySentField" time="0.43"/>
  <testcase classname="tests.bai2.ReqresCrudApiTest" name="updateUserWithPut_shouldReturnUpdatedFields" time="0.679"/>
</testsuite> <!-- Bai2_CRUD_Full -->
