<?xml version="1.0" encoding="UTF-8"?>
<!-- Generated by org.testng.reporters.JUnitXMLReporter -->
<testsuite ignored="0" hostname="DESKTOP-51N1MC5" failures="0" tests="10" name="Bai4_Authorization_And_DataDriven" time="5.054" errors="0" timestamp="2026-03-24T15:02:59 GMT+07:00">
  <testcase classname="tests.bai4.ReqresAuthorizationApiTest" name="loginScenarios_shouldBehaveAsExpected" time="0.421"/>
  <testcase classname="tests.bai4.ReqresAuthorizationApiTest" name="loginScenarios_shouldBehaveAsExpected" time="0.728"/>
  <testcase classname="tests.bai4.ReqresAuthorizationApiTest" name="loginScenarios_shouldBehaveAsExpected" time="0.404"/>
  <testcase classname="tests.bai4.ReqresAuthorizationApiTest" name="loginScenarios_shouldBehaveAsExpected" time="0.396"/>
  <testcase classname="tests.bai4.ReqresAuthorizationApiTest" name="loginScenarios_shouldBehaveAsExpected" time="0.391"/>
  <testcase classname="tests.bai4.ReqresAuthorizationApiTest" name="loginWithoutEmail_shouldReturn400" time="0.644"/>
  <testcase classname="tests.bai4.ReqresAuthorizationApiTest" name="loginWithoutPassword_shouldReturn400" time="0.641"/>
  <testcase classname="tests.bai4.ReqresAuthorizationApiTest" name="login_shouldReturnTokenForValidCredential" time="0.642"/>
  <testcase classname="tests.bai4.ReqresAuthorizationApiTest" name="registerWithoutPassword_shouldReturn400" time="0.386"/>
  <testcase classname="tests.bai4.ReqresAuthorizationApiTest" name="register_shouldReturnIdAndToken" time="0.383"/>
</testsuite> <!-- Bai4_Authorization_And_DataDriven -->
