<?xml version="1.0" encoding="UTF-8"?>
<!-- Generated by org.testng.reporters.JUnitXMLReporter -->
<testsuite ignored="0" hostname="DESKTOP-51N1MC5" failures="0" tests="3" name="Bai6_Api_Ui_Integration" time="5.594" errors="0" timestamp="2026-03-24T15:03:11 GMT+07:00">
  <testcase classname="tests.bai6.ApiUiPartATest" name="apiLoginPrecondition_shouldReturnToken" time="0.001"/>
  <testcase classname="tests.bai6.ApiUiPartATest" name="uiLogin_shouldNavigateToInventory" time="1.169"/>
  <testcase classname="tests.bai6.ApiUiPartBTest" name="uiCartFlow_shouldDependOnApiHealth" time="1.086"/>
</testsuite> <!-- Bai6_Api_Ui_Integration -->
