<?xml version="1.0" encoding="UTF-8"?>
<!-- Generated by org.testng.reporters.JUnitXMLReporter -->
<testsuite ignored="0" hostname="DESKTOP-51N1MC5" failures="0" tests="8" name="Bai7_JsonPlaceholder_Project" time="2.862" errors="0" timestamp="2026-03-24T15:03:14 GMT+07:00">
  <testcase classname="tests.bai7.PostApiTest" name="createPost_shouldReturnCreatedPost" time="0.741"/>
  <testcase classname="tests.bai7.PostApiTest" name="deletePost_shouldReturn200" time="0.352"/>
  <testcase classname="tests.bai7.PostApiTest" name="getAllPosts_shouldReturn100Records" time="0.254"/>
  <testcase classname="tests.bai7.PostApiTest" name="getSinglePost_shouldReturnPost1" time="0.165"/>
  <testcase classname="tests.bai7.PostApiTest" name="updatePost_shouldReturnUpdatedPost" time="0.891"/>
  <testcase classname="tests.bai7.CommentApiTest" name="getCommentsByPost_shouldReturn5Comments" time="0.197"/>
  <testcase classname="tests.bai7.JsonPlaceholderUserApiTest" name="getUser1_shouldMatchUserSchema" time="0.125"/>
  <testcase classname="tests.bai7.JsonPlaceholderUserApiTest" name="getUsers_shouldReturn10Users" time="0.122"/>
</testsuite> <!-- Bai7_JsonPlaceholder_Project -->
