<?xml version="1.0" encoding="UTF-8"?>
<!-- Generated by org.testng.reporters.JUnitReportReporter -->
<testsuite hostname="DESKTOP-51N1MC5" failures="0" tests="2" name="lab8.bai5.VayVonConditionCoverageTest" time="0.004" errors="0" timestamp="2026-03-10T15:06:01 GMT+07:00" skipped="0">
  <testcase classname="lab8.bai5.VayVonConditionCoverageTest" name="testConditionCoverage_AllFalse" time="0.003"/>
  <testcase classname="lab8.bai5.VayVonConditionCoverageTest" name="testConditionCoverage_AllTrue" time="0.001"/>
</testsuite> <!-- lab8.bai5.VayVonConditionCoverageTest -->
