<?xml version="1.0" encoding="UTF-8"?>
<!-- Generated by org.testng.reporters.JUnitXMLReporter -->
<testsuite ignored="0" hostname="DESKTOP-51N1MC5" failures="0" tests="23" name="All Tests" time="0.081" errors="0" timestamp="2026-03-03T15:22:01 GMT+07:00">
  <testcase classname="dtm.base.BaseTest" name="@BeforeMethod setUp" time="0.033">
    <failure type="org.openqa.selenium.remote.NoSuchDriverException" message="msedgedriver located at drivers/msedgedriver.exe, but invalid
For documentation on this error, please visit: https://www.selenium.dev/documentation/webdriver/troubleshooting/errors/driver_location/
Build info: version: &amp;apos;4.15.0&amp;apos;, revision: &amp;apos;1d14b5521b&amp;apos;
System info: os.name: &amp;apos;Windows 11&amp;apos;, os.arch: &amp;apos;amd64&amp;apos;, os.version: &amp;apos;10.0&amp;apos;, java.version: &amp;apos;25.0.1&amp;apos;
Driver info: driver.version: EdgeDriver">
      <![CDATA[org.openqa.selenium.remote.NoSuchDriverException: msedgedriver located at drivers/msedgedriver.exe, but invalid
For documentation on this error, please visit: https://www.selenium.dev/documentation/webdriver/troubleshooting/errors/driver_location/
Build info: version: '4.15.0', revision: '1d14b5521b'
System info: os.name: 'Windows 11', os.arch: 'amd64', os.version: '10.0', java.version: '25.0.1'
Driver info: driver.version: EdgeDriver
at org.openqa.selenium.remote.service.DriverFinder.getPath(DriverFinder.java:45)
at org.openqa.selenium.remote.service.DriverFinder.getPath(DriverFinder.java:13)
at org.openqa.selenium.edge.EdgeDriver.generateExecutor(EdgeDriver.java:72)
at org.openqa.selenium.edge.EdgeDriver.<init>(EdgeDriver.java:61)
at org.openqa.selenium.edge.EdgeDriver.<init>(EdgeDriver.java:57)
at org.openqa.selenium.edge.EdgeDriver.<init>(EdgeDriver.java:49)
at org.openqa.selenium.edge.EdgeDriver.<init>(EdgeDriver.java:45)
at dtm.base.BaseTest.setUp(BaseTest.java:29)
at java.base/java.util.ArrayList.forEach(ArrayList.java:1604)
... Removed 33 stack frames]]>
    </failure>
  </testcase> <!-- @BeforeMethod setUp -->
  <testcase classname="dtm.base.BaseTest" name="@AfterMethod tearDown" time="0.0">
    <skipped/>
  </testcase> <!-- @AfterMethod tearDown -->
  <testcase classname="dtm.base.BaseTest" name="@BeforeMethod setUp" time="0.0">
    <skipped/>
  </testcase> <!-- @BeforeMethod setUp -->
  <testcase classname="dtm.base.BaseTest" name="@AfterMethod tearDown" time="0.0">
    <skipped/>
  </testcase> <!-- @AfterMethod tearDown -->
  <testcase classname="dtm.base.BaseTest" name="@BeforeMethod setUp" time="0.0">
    <skipped/>
  </testcase> <!-- @BeforeMethod setUp -->
  <testcase classname="dtm.base.BaseTest" name="@AfterMethod tearDown" time="0.0">
    <skipped/>
  </testcase> <!-- @AfterMethod tearDown -->
  <testcase classname="dtm.base.BaseTest" name="@BeforeMethod setUp" time="0.0">
    <skipped/>
  </testcase> <!-- @BeforeMethod setUp -->
  <testcase classname="dtm.base.BaseTest" name="@AfterMethod tearDown" time="0.0">
    <skipped/>
  </testcase> <!-- @AfterMethod tearDown -->
  <testcase classname="dtm.base.BaseTest" name="@BeforeMethod setUp" time="0.0">
    <skipped/>
  </testcase> <!-- @BeforeMethod setUp -->
  <testcase classname="dtm.base.BaseTest" name="@AfterMethod tearDown" time="0.0">
    <skipped/>
  </testcase> <!-- @AfterMethod tearDown -->
  <testcase classname="dtm.base.BaseTest" name="@BeforeMethod setUp" time="0.0">
    <skipped/>
  </testcase> <!-- @BeforeMethod setUp -->
  <testcase classname="dtm.base.BaseTest" name="@AfterMethod tearDown" time="0.0">
    <skipped/>
  </testcase> <!-- @AfterMethod tearDown -->
  <testcase classname="dtm.base.BaseTest" name="@BeforeMethod setUp" time="0.0">
    <skipped/>
  </testcase> <!-- @BeforeMethod setUp -->
  <testcase classname="dtm.base.BaseTest" name="@AfterMethod tearDown" time="0.0">
    <skipped/>
  </testcase> <!-- @AfterMethod tearDown -->
  <testcase classname="dtm.base.BaseTest" name="@BeforeMethod setUp" time="0.0">
    <skipped/>
  </testcase> <!-- @BeforeMethod setUp -->
  <testcase classname="dtm.base.BaseTest" name="@AfterMethod tearDown" time="0.0">
    <skipped/>
  </testcase> <!-- @AfterMethod tearDown -->
  <testcase classname="dtm.base.BaseTest" name="@BeforeMethod setUp" time="0.0">
    <skipped/>
  </testcase> <!-- @BeforeMethod setUp -->
  <testcase classname="dtm.base.BaseTest" name="@AfterMethod tearDown" time="0.0">
    <skipped/>
  </testcase> <!-- @AfterMethod tearDown -->
  <testcase classname="dtm.base.BaseTest" name="@BeforeMethod setUp" time="0.0">
    <skipped/>
  </testcase> <!-- @BeforeMethod setUp -->
  <testcase classname="dtm.base.BaseTest" name="@AfterMethod tearDown" time="0.0">
    <skipped/>
  </testcase> <!-- @AfterMethod tearDown -->
  <testcase classname="dtm.base.BaseTest" name="@BeforeMethod setUp" time="0.0">
    <skipped/>
  </testcase> <!-- @BeforeMethod setUp -->
  <testcase classname="dtm.base.BaseTest" name="@AfterMethod tearDown" time="0.0">
    <skipped/>
  </testcase> <!-- @AfterMethod tearDown -->
  <testcase classname="dtm.base.BaseTest" name="@BeforeMethod setUp" time="0.0">
    <skipped/>
  </testcase> <!-- @BeforeMethod setUp -->
  <testcase classname="dtm.base.BaseTest" name="@AfterMethod tearDown" time="0.0">
    <skipped/>
  </testcase> <!-- @AfterMethod tearDown -->
  <testcase classname="dtm.base.BaseTest" name="@BeforeMethod setUp" time="0.0">
    <skipped/>
  </testcase> <!-- @BeforeMethod setUp -->
  <testcase classname="dtm.base.BaseTest" name="@AfterMethod tearDown" time="0.0">
    <skipped/>
  </testcase> <!-- @AfterMethod tearDown -->
  <testcase classname="dtm.base.BaseTest" name="@BeforeMethod setUp" time="0.0">
    <skipped/>
  </testcase> <!-- @BeforeMethod setUp -->
  <testcase classname="dtm.base.BaseTest" name="@AfterMethod tearDown" time="0.0">
    <skipped/>
  </testcase> <!-- @AfterMethod tearDown -->
  <testcase classname="dtm.base.BaseTest" name="@BeforeMethod setUp" time="0.0">
    <skipped/>
  </testcase> <!-- @BeforeMethod setUp -->
  <testcase classname="dtm.base.BaseTest" name="@AfterMethod tearDown" time="0.0">
    <skipped/>
  </testcase> <!-- @AfterMethod tearDown -->
  <testcase classname="dtm.base.BaseTest" name="@BeforeMethod setUp" time="0.001">
    <failure type="org.openqa.selenium.remote.NoSuchDriverException" message="msedgedriver located at drivers/msedgedriver.exe, but invalid
For documentation on this error, please visit: https://www.selenium.dev/documentation/webdriver/troubleshooting/errors/driver_location/
Build info: version: &amp;apos;4.15.0&amp;apos;, revision: &amp;apos;1d14b5521b&amp;apos;
System info: os.name: &amp;apos;Windows 11&amp;apos;, os.arch: &amp;apos;amd64&amp;apos;, os.version: &amp;apos;10.0&amp;apos;, java.version: &amp;apos;25.0.1&amp;apos;
Driver info: driver.version: EdgeDriver">
      <![CDATA[org.openqa.selenium.remote.NoSuchDriverException: msedgedriver located at drivers/msedgedriver.exe, but invalid
For documentation on this error, please visit: https://www.selenium.dev/documentation/webdriver/troubleshooting/errors/driver_location/
Build info: version: '4.15.0', revision: '1d14b5521b'
System info: os.name: 'Windows 11', os.arch: 'amd64', os.version: '10.0', java.version: '25.0.1'
Driver info: driver.version: EdgeDriver
at org.openqa.selenium.remote.service.DriverFinder.getPath(DriverFinder.java:45)
at org.openqa.selenium.remote.service.DriverFinder.getPath(DriverFinder.java:13)
at org.openqa.selenium.edge.EdgeDriver.generateExecutor(EdgeDriver.java:72)
at org.openqa.selenium.edge.EdgeDriver.<init>(EdgeDriver.java:61)
at org.openqa.selenium.edge.EdgeDriver.<init>(EdgeDriver.java:57)
at org.openqa.selenium.edge.EdgeDriver.<init>(EdgeDriver.java:49)
at org.openqa.selenium.edge.EdgeDriver.<init>(EdgeDriver.java:45)
at dtm.base.BaseTest.setUp(BaseTest.java:29)
at java.base/java.util.ArrayList.forEach(ArrayList.java:1604)
... Removed 33 stack frames]]>
    </failure>
  </testcase> <!-- @BeforeMethod setUp -->
  <testcase classname="dtm.tests.TC_GioHangTest" name="@BeforeMethod dangNhap" time="0.0">
    <skipped/>
  </testcase> <!-- @BeforeMethod dangNhap -->
  <testcase classname="dtm.base.BaseTest" name="@AfterMethod tearDown" time="0.0">
    <skipped/>
  </testcase> <!-- @AfterMethod tearDown -->
  <testcase classname="dtm.base.BaseTest" name="@BeforeMethod setUp" time="0.0">
    <skipped/>
  </testcase> <!-- @BeforeMethod setUp -->
  <testcase classname="dtm.tests.TC_GioHangTest" name="@BeforeMethod dangNhap" time="0.0">
    <skipped/>
  </testcase> <!-- @BeforeMethod dangNhap -->
  <testcase classname="dtm.base.BaseTest" name="@AfterMethod tearDown" time="0.0">
    <skipped/>
  </testcase> <!-- @AfterMethod tearDown -->
  <testcase classname="dtm.base.BaseTest" name="@BeforeMethod setUp" time="0.0">
    <skipped/>
  </testcase> <!-- @BeforeMethod setUp -->
  <testcase classname="dtm.tests.TC_GioHangTest" name="@BeforeMethod dangNhap" time="0.0">
    <skipped/>
  </testcase> <!-- @BeforeMethod dangNhap -->
  <testcase classname="dtm.base.BaseTest" name="@AfterMethod tearDown" time="0.0">
    <skipped/>
  </testcase> <!-- @AfterMethod tearDown -->
  <testcase classname="dtm.base.BaseTest" name="@BeforeMethod setUp" time="0.0">
    <skipped/>
  </testcase> <!-- @BeforeMethod setUp -->
  <testcase classname="dtm.tests.TC_GioHangTest" name="@BeforeMethod dangNhap" time="0.0">
    <skipped/>
  </testcase> <!-- @BeforeMethod dangNhap -->
  <testcase classname="dtm.base.BaseTest" name="@AfterMethod tearDown" time="0.0">
    <skipped/>
  </testcase> <!-- @AfterMethod tearDown -->
  <testcase classname="dtm.base.BaseTest" name="@BeforeMethod setUp" time="0.0">
    <failure type="org.openqa.selenium.remote.NoSuchDriverException" message="msedgedriver located at drivers/msedgedriver.exe, but invalid
For documentation on this error, please visit: https://www.selenium.dev/documentation/webdriver/troubleshooting/errors/driver_location/
Build info: version: &amp;apos;4.15.0&amp;apos;, revision: &amp;apos;1d14b5521b&amp;apos;
System info: os.name: &amp;apos;Windows 11&amp;apos;, os.arch: &amp;apos;amd64&amp;apos;, os.version: &amp;apos;10.0&amp;apos;, java.version: &amp;apos;25.0.1&amp;apos;
Driver info: driver.version: EdgeDriver">
      <![CDATA[org.openqa.selenium.remote.NoSuchDriverException: msedgedriver located at drivers/msedgedriver.exe, but invalid
For documentation on this error, please visit: https://www.selenium.dev/documentation/webdriver/troubleshooting/errors/driver_location/
Build info: version: '4.15.0', revision: '1d14b5521b'
System info: os.name: 'Windows 11', os.arch: 'amd64', os.version: '10.0', java.version: '25.0.1'
Driver info: driver.version: EdgeDriver
at org.openqa.selenium.remote.service.DriverFinder.getPath(DriverFinder.java:45)
at org.openqa.selenium.remote.service.DriverFinder.getPath(DriverFinder.java:13)
at org.openqa.selenium.edge.EdgeDriver.generateExecutor(EdgeDriver.java:72)
at org.openqa.selenium.edge.EdgeDriver.<init>(EdgeDriver.java:61)
at org.openqa.selenium.edge.EdgeDriver.<init>(EdgeDriver.java:57)
at org.openqa.selenium.edge.EdgeDriver.<init>(EdgeDriver.java:49)
at org.openqa.selenium.edge.EdgeDriver.<init>(EdgeDriver.java:45)
at dtm.base.BaseTest.setUp(BaseTest.java:29)
at java.base/java.util.ArrayList.forEach(ArrayList.java:1604)
... Removed 33 stack frames]]>
    </failure>
  </testcase> <!-- @BeforeMethod setUp -->
  <testcase classname="dtm.tests.TC_CheckoutTest" name="@BeforeMethod loginVaCo1ItemTrongGio" time="0.0">
    <skipped/>
  </testcase> <!-- @BeforeMethod loginVaCo1ItemTrongGio -->
  <testcase classname="dtm.base.BaseTest" name="@AfterMethod tearDown" time="0.0">
    <skipped/>
  </testcase> <!-- @AfterMethod tearDown -->
  <testcase classname="dtm.base.BaseTest" name="@BeforeMethod setUp" time="0.0">
    <skipped/>
  </testcase> <!-- @BeforeMethod setUp -->
  <testcase classname="dtm.tests.TC_CheckoutTest" name="@BeforeMethod loginVaCo1ItemTrongGio" time="0.0">
    <skipped/>
  </testcase> <!-- @BeforeMethod loginVaCo1ItemTrongGio -->
  <testcase classname="dtm.base.BaseTest" name="@AfterMethod tearDown" time="0.0">
    <skipped/>
  </testcase> <!-- @AfterMethod tearDown -->
  <testcase classname="dtm.base.BaseTest" name="@BeforeMethod setUp" time="0.0">
    <skipped/>
  </testcase> <!-- @BeforeMethod setUp -->
  <testcase classname="dtm.tests.TC_CheckoutTest" name="@BeforeMethod loginVaCo1ItemTrongGio" time="0.0">
    <skipped/>
  </testcase> <!-- @BeforeMethod loginVaCo1ItemTrongGio -->
  <testcase classname="dtm.base.BaseTest" name="@AfterMethod tearDown" time="0.0">
    <skipped/>
  </testcase> <!-- @AfterMethod tearDown -->
  <testcase classname="dtm.base.BaseTest" name="@BeforeMethod setUp" time="0.001">
    <failure type="org.openqa.selenium.remote.NoSuchDriverException" message="msedgedriver located at drivers/msedgedriver.exe, but invalid
For documentation on this error, please visit: https://www.selenium.dev/documentation/webdriver/troubleshooting/errors/driver_location/
Build info: version: &amp;apos;4.15.0&amp;apos;, revision: &amp;apos;1d14b5521b&amp;apos;
System info: os.name: &amp;apos;Windows 11&amp;apos;, os.arch: &amp;apos;amd64&amp;apos;, os.version: &amp;apos;10.0&amp;apos;, java.version: &amp;apos;25.0.1&amp;apos;
Driver info: driver.version: EdgeDriver">
      <![CDATA[org.openqa.selenium.remote.NoSuchDriverException: msedgedriver located at drivers/msedgedriver.exe, but invalid
For documentation on this error, please visit: https://www.selenium.dev/documentation/webdriver/troubleshooting/errors/driver_location/
Build info: version: '4.15.0', revision: '1d14b5521b'
System info: os.name: 'Windows 11', os.arch: 'amd64', os.version: '10.0', java.version: '25.0.1'
Driver info: driver.version: EdgeDriver
at org.openqa.selenium.remote.service.DriverFinder.getPath(DriverFinder.java:45)
at org.openqa.selenium.remote.service.DriverFinder.getPath(DriverFinder.java:13)
at org.openqa.selenium.edge.EdgeDriver.generateExecutor(EdgeDriver.java:72)
at org.openqa.selenium.edge.EdgeDriver.<init>(EdgeDriver.java:61)
at org.openqa.selenium.edge.EdgeDriver.<init>(EdgeDriver.java:57)
at org.openqa.selenium.edge.EdgeDriver.<init>(EdgeDriver.java:49)
at org.openqa.selenium.edge.EdgeDriver.<init>(EdgeDriver.java:45)
at dtm.base.BaseTest.setUp(BaseTest.java:29)
at java.base/java.util.ArrayList.forEach(ArrayList.java:1604)
... Removed 33 stack frames]]>
    </failure>
  </testcase> <!-- @BeforeMethod setUp -->
  <testcase classname="dtm.base.BaseTest" name="@AfterMethod tearDown" time="0.0">
    <skipped/>
  </testcase> <!-- @AfterMethod tearDown -->
  <testcase classname="dtm.tests.TC_DangNhapTest" name="kiemThuDangNhap" time="0.0">
    <skipped/>
  </testcase> <!-- kiemThuDangNhap -->
  <testcase classname="dtm.tests.TC_DangNhapTest" name="kiemThuDangNhap" time="0.0">
    <skipped/>
  </testcase> <!-- kiemThuDangNhap -->
  <testcase classname="dtm.tests.TC_DangNhapTest" name="kiemThuDangNhap" time="0.001">
    <skipped/>
  </testcase> <!-- kiemThuDangNhap -->
  <testcase classname="dtm.tests.TC_DangNhapTest" name="kiemThuDangNhap" time="0.0">
    <skipped/>
  </testcase> <!-- kiemThuDangNhap -->
  <testcase classname="dtm.tests.TC_DangNhapTest" name="kiemThuDangNhap" time="0.0">
    <skipped/>
  </testcase> <!-- kiemThuDangNhap -->
  <testcase classname="dtm.tests.TC_DangNhapTest" name="kiemThuDangNhap" time="0.0">
    <skipped/>
  </testcase> <!-- kiemThuDangNhap -->
  <testcase classname="dtm.tests.TC_DangNhapTest" name="kiemThuDangNhap" time="0.0">
    <skipped/>
  </testcase> <!-- kiemThuDangNhap -->
  <testcase classname="dtm.tests.TC_DangNhapTest" name="kiemThuDangNhap" time="0.0">
    <skipped/>
  </testcase> <!-- kiemThuDangNhap -->
  <testcase classname="dtm.tests.TC_DangNhapTest" name="kiemThuDangNhap" time="0.0">
    <skipped/>
  </testcase> <!-- kiemThuDangNhap -->
  <testcase classname="dtm.tests.TC_DangNhapTest" name="kiemThuDangNhap" time="0.0">
    <skipped/>
  </testcase> <!-- kiemThuDangNhap -->
  <testcase classname="dtm.tests.TC_DangNhapTest" name="kiemThuDangNhap" time="0.0">
    <skipped/>
  </testcase> <!-- kiemThuDangNhap -->
  <testcase classname="dtm.tests.TC_DangNhapTest" name="kiemThuDangNhap" time="0.0">
    <skipped/>
  </testcase> <!-- kiemThuDangNhap -->
  <testcase classname="dtm.tests.TC_DangNhapTest" name="kiemThuDangNhap" time="0.0">
    <skipped/>
  </testcase> <!-- kiemThuDangNhap -->
  <testcase classname="dtm.tests.TC_DangNhapTest" name="kiemThuDangNhap" time="0.0">
    <skipped/>
  </testcase> <!-- kiemThuDangNhap -->
  <testcase classname="dtm.tests.TC_DangNhapTest" name="kiemThuDangNhap" time="0.0">
    <skipped/>
  </testcase> <!-- kiemThuDangNhap -->
  <testcase classname="dtm.tests.TC_GioHangTest" name="sortGiaTangDan" time="0.0">
    <skipped/>
  </testcase> <!-- sortGiaTangDan -->
  <testcase classname="dtm.tests.TC_GioHangTest" name="them1SanPham" time="0.0">
    <skipped/>
  </testcase> <!-- them1SanPham -->
  <testcase classname="dtm.tests.TC_GioHangTest" name="them3SanPham" time="0.0">
    <skipped/>
  </testcase> <!-- them3SanPham -->
  <testcase classname="dtm.tests.TC_GioHangTest" name="xoaHetSanPham" time="0.0">
    <skipped/>
  </testcase> <!-- xoaHetSanPham -->
  <testcase classname="dtm.tests.TC_CheckoutTest" name="checkoutFinish" time="0.0">
    <skipped/>
  </testcase> <!-- checkoutFinish -->
  <testcase classname="dtm.tests.TC_CheckoutTest" name="checkoutFirstNameTrong" time="0.0">
    <skipped/>
  </testcase> <!-- checkoutFirstNameTrong -->
  <testcase classname="dtm.tests.TC_CheckoutTest" name="checkoutThanhCongSangStep2" time="0.0">
    <skipped/>
  </testcase> <!-- checkoutThanhCongSangStep2 -->
  <testcase classname="dtm.tests.TC_TotalTest" name="kiemTraTinhToanTongTien" time="0.0">
    <skipped/>
  </testcase> <!-- kiemTraTinhToanTongTien -->
</testsuite> <!-- All Tests -->
