<?xml version="1.0" encoding="UTF-8"?>
<testng-results ignored="0" total="2" passed="2" failed="0" skipped="0">
  <reporter-output>
  </reporter-output>
  <suite started-at="2026-03-10T14:32:38 GMT+07:00" name="Lab8_Bai22_Parallel_Suite" finished-at="2026-03-10T14:32:46 GMT+07:00" duration-ms="7443">
    <groups>
    </groups>
    <test started-at="2026-03-10T14:32:38 GMT+07:00" name="Parallel Classes Test" finished-at="2026-03-10T14:32:46 GMT+07:00" duration-ms="7443">
      <class name="lab8.bai22.CartParallelTest">
        <test-method is-config="true" signature="setUp(java.lang.String)[pri:0, instance:lab8.bai22.CartParallelTest@60704c]" started-at="2026-03-10T14:32:38 GMT+07:00" name="setUp" finished-at="2026-03-10T14:32:39 GMT+07:00" duration-ms="1052" status="PASS">
          <params>
            <param index="0">
              <value>
                <![CDATA[edge]]>
              </value>
            </param>
          </params>
          <reporter-output>
          </reporter-output>
        </test-method> <!-- setUp -->
        <test-method signature="testAddToCartParallel(java.lang.String)[pri:0, instance:lab8.bai22.CartParallelTest@60704c]" started-at="2026-03-10T14:32:39 GMT+07:00" name="testAddToCartParallel" description="Them vao gio song song - CartTest" finished-at="2026-03-10T14:32:45 GMT+07:00" duration-ms="6206" status="PASS">
          <params>
            <param index="0">
              <value>
                <![CDATA[https://www.saucedemo.com/]]>
              </value>
            </param>
          </params>
          <reporter-output>
          </reporter-output>
        </test-method> <!-- testAddToCartParallel -->
        <test-method is-config="true" signature="tearDown()[pri:0, instance:lab8.bai22.CartParallelTest@60704c]" started-at="2026-03-10T14:32:45 GMT+07:00" name="tearDown" finished-at="2026-03-10T14:32:46 GMT+07:00" duration-ms="169" status="PASS">
          <reporter-output>
          </reporter-output>
        </test-method> <!-- tearDown -->
      </class> <!-- lab8.bai22.CartParallelTest -->
      <class name="lab8.bai22.LoginParallelTest">
        <test-method is-config="true" signature="setUp(java.lang.String)[pri:0, instance:lab8.bai22.LoginParallelTest@1a0dcaa]" started-at="2026-03-10T14:32:38 GMT+07:00" name="setUp" finished-at="2026-03-10T14:32:39 GMT+07:00" duration-ms="1065" status="PASS">
          <params>
            <param index="0">
              <value>
                <![CDATA[edge]]>
              </value>
            </param>
          </params>
          <reporter-output>
          </reporter-output>
        </test-method> <!-- setUp -->
        <test-method signature="testLoginSuccessParallel(java.lang.String)[pri:0, instance:lab8.bai22.LoginParallelTest@1a0dcaa]" started-at="2026-03-10T14:32:39 GMT+07:00" name="testLoginSuccessParallel" description="Dang nhap song song - LoginTest" finished-at="2026-03-10T14:32:45 GMT+07:00" duration-ms="6177" status="PASS">
          <params>
            <param index="0">
              <value>
                <![CDATA[https://www.saucedemo.com/]]>
              </value>
            </param>
          </params>
          <reporter-output>
          </reporter-output>
        </test-method> <!-- testLoginSuccessParallel -->
        <test-method is-config="true" signature="tearDown()[pri:0, instance:lab8.bai22.LoginParallelTest@1a0dcaa]" started-at="2026-03-10T14:32:45 GMT+07:00" name="tearDown" finished-at="2026-03-10T14:32:46 GMT+07:00" duration-ms="137" status="PASS">
          <reporter-output>
          </reporter-output>
        </test-method> <!-- tearDown -->
      </class> <!-- lab8.bai22.LoginParallelTest -->
    </test> <!-- Parallel Classes Test -->
  </suite> <!-- Lab8_Bai22_Parallel_Suite -->
</testng-results>
