<?xml version="1.0" encoding="UTF-8"?>
<testng-results ignored="0" total="4" passed="3" failed="1" skipped="0">
  <reporter-output>
  </reporter-output>
  <suite started-at="2026-03-17T14:01:35 GMT+07:00" name="Lab9_Bai1_Suite" finished-at="2026-03-17T14:01:39 GMT+07:00" duration-ms="3490">
    <groups>
    </groups>
    <test started-at="2026-03-17T14:01:35 GMT+07:00" name="Bai1_Verify_Framework" finished-at="2026-03-17T14:01:39 GMT+07:00" duration-ms="3490">
      <class name="tests.Bai1VerificationTest">
        <test-method is-config="true" signature="setUp(java.lang.String,java.lang.String)[pri:0, instance:tests.Bai1VerificationTest@7d3a22a9]" started-at="2026-03-17T14:01:35 GMT+07:00" name="setUp" finished-at="2026-03-17T14:01:37 GMT+07:00" duration-ms="2046" status="PASS">
          <params>
            <param index="0">
              <value>
                <![CDATA[edge]]>
              </value>
            </param>
            <param index="1">
              <value>
                <![CDATA[dev]]>
              </value>
            </param>
          </params>
          <reporter-output>
          </reporter-output>
        </test-method> <!-- setUp -->
        <test-method is-config="true" signature="setUp(java.lang.String,java.lang.String)[pri:0, instance:tests.Bai1VerificationTest@7d3a22a9]" started-at="2026-03-17T14:01:35 GMT+07:00" name="setUp" finished-at="2026-03-17T14:01:37 GMT+07:00" duration-ms="2035" status="PASS">
          <params>
            <param index="0">
              <value>
                <![CDATA[edge]]>
              </value>
            </param>
            <param index="1">
              <value>
                <![CDATA[dev]]>
              </value>
            </param>
          </params>
          <reporter-output>
          </reporter-output>
        </test-method> <!-- setUp -->
        <test-method is-config="true" signature="setUp(java.lang.String,java.lang.String)[pri:0, instance:tests.Bai1VerificationTest@7d3a22a9]" started-at="2026-03-17T14:01:35 GMT+07:00" name="setUp" finished-at="2026-03-17T14:01:37 GMT+07:00" duration-ms="2126" status="PASS">
          <params>
            <param index="0">
              <value>
                <![CDATA[edge]]>
              </value>
            </param>
            <param index="1">
              <value>
                <![CDATA[dev]]>
              </value>
            </param>
          </params>
          <reporter-output>
          </reporter-output>
        </test-method> <!-- setUp -->
        <test-method signature="testFailIntentionalToCaptureScreenshot()[pri:0, instance:tests.Bai1VerificationTest@7d3a22a9]" started-at="2026-03-17T14:01:37 GMT+07:00" name="testFailIntentionalToCaptureScreenshot" description="Fail co y de kiem tra screenshot" finished-at="2026-03-17T14:01:37 GMT+07:00" duration-ms="11" status="FAIL">
          <exception class="java.lang.AssertionError">
            <message>
              <![CDATA[Fail co y de kiem tra screenshot expected [true] but found [false]]]>
            </message>
            <full-stacktrace>
              <![CDATA[java.lang.AssertionError: Fail co y de kiem tra screenshot expected [true] but found [false]
at org.testng.Assert.fail(Assert.java:111)
at org.testng.Assert.failNotEquals(Assert.java:1578)
at org.testng.Assert.assertTrue(Assert.java:57)
at tests.Bai1VerificationTest.testFailIntentionalToCaptureScreenshot(Bai1VerificationTest.java:12)
at java.base/jdk.internal.reflect.DirectMethodHandleAccessor.invoke(DirectMethodHandleAccessor.java:104)
at java.base/java.lang.reflect.Method.invoke(Method.java:565)
at org.testng.internal.invokers.MethodInvocationHelper.invokeMethod(MethodInvocationHelper.java:139)
at org.testng.internal.invokers.TestInvoker.invokeMethod(TestInvoker.java:664)
at org.testng.internal.invokers.TestInvoker.invokeTestMethod(TestInvoker.java:228)
at org.testng.internal.invokers.MethodRunner.runInSequence(MethodRunner.java:63)
at org.testng.internal.invokers.TestInvoker$MethodInvocationAgent.invoke(TestInvoker.java:961)
at org.testng.internal.invokers.TestInvoker.invokeTestMethods(TestInvoker.java:201)
at org.testng.internal.invokers.TestMethodWorker.invokeTestMethods(TestMethodWorker.java:148)
at org.testng.internal.invokers.TestMethodWorker.run(TestMethodWorker.java:128)
at java.base/java.util.concurrent.Executors$RunnableAdapter.call(Executors.java:545)
at java.base/java.util.concurrent.FutureTask.run(FutureTask.java:328)
at org.testng.internal.thread.graph.TestNGFutureTask.run(TestNGFutureTask.java:22)
at java.base/java.util.concurrent.ThreadPoolExecutor.runWorker(ThreadPoolExecutor.java:1090)
at java.base/java.util.concurrent.ThreadPoolExecutor$Worker.run(ThreadPoolExecutor.java:614)
at java.base/java.lang.Thread.run(Thread.java:1474)
]]>
            </full-stacktrace>
          </exception> <!-- java.lang.AssertionError -->
          <reporter-output>
          </reporter-output>
        </test-method> <!-- testFailIntentionalToCaptureScreenshot -->
        <test-method signature="testParallelThree()[pri:0, instance:tests.Bai1VerificationTest@7d3a22a9]" started-at="2026-03-17T14:01:37 GMT+07:00" name="testParallelThree" description="Parallel test 3" finished-at="2026-03-17T14:01:37 GMT+07:00" duration-ms="3" status="PASS">
          <reporter-output>
          </reporter-output>
        </test-method> <!-- testParallelThree -->
        <test-method is-config="true" signature="tearDown(org.testng.ITestResult)[pri:0, instance:tests.Bai1VerificationTest@7d3a22a9]" started-at="2026-03-17T14:01:37 GMT+07:00" name="tearDown" finished-at="2026-03-17T14:01:38 GMT+07:00" duration-ms="108" status="PASS">
          <params>
            <param index="0">
              <value>
                <![CDATA[[TestResult name=testParallelThree status=SUCCESS method=Bai1VerificationTest.testParallelThree()[pri:0, instance:tests.Bai1VerificationTest@7d3a22a9] output={null}]]]>
              </value>
            </param>
          </params>
          <reporter-output>
          </reporter-output>
        </test-method> <!-- tearDown -->
        <test-method is-config="true" signature="tearDown(org.testng.ITestResult)[pri:0, instance:tests.Bai1VerificationTest@7d3a22a9]" started-at="2026-03-17T14:01:37 GMT+07:00" name="tearDown" finished-at="2026-03-17T14:01:38 GMT+07:00" duration-ms="212" status="PASS">
          <params>
            <param index="0">
              <value>
                <![CDATA[[TestResult name=testFailIntentionalToCaptureScreenshot status=FAILURE method=Bai1VerificationTest.testFailIntentionalToCaptureScreenshot()[pri:0, instance:tests.Bai1VerificationTest@7d3a22a9] output={null}]]]>
              </value>
            </param>
          </params>
          <reporter-output>
          </reporter-output>
        </test-method> <!-- tearDown -->
        <test-method signature="testParallelOne()[pri:0, instance:tests.Bai1VerificationTest@7d3a22a9]" started-at="2026-03-17T14:01:37 GMT+07:00" name="testParallelOne" description="Parallel test 1" finished-at="2026-03-17T14:01:37 GMT+07:00" duration-ms="6" status="PASS">
          <reporter-output>
          </reporter-output>
        </test-method> <!-- testParallelOne -->
        <test-method is-config="true" signature="tearDown(org.testng.ITestResult)[pri:0, instance:tests.Bai1VerificationTest@7d3a22a9]" started-at="2026-03-17T14:01:37 GMT+07:00" name="tearDown" finished-at="2026-03-17T14:01:38 GMT+07:00" duration-ms="125" status="PASS">
          <params>
            <param index="0">
              <value>
                <![CDATA[[TestResult name=testParallelOne status=SUCCESS method=Bai1VerificationTest.testParallelOne()[pri:0, instance:tests.Bai1VerificationTest@7d3a22a9] output={null}]]]>
              </value>
            </param>
          </params>
          <reporter-output>
          </reporter-output>
        </test-method> <!-- tearDown -->
        <test-method is-config="true" signature="setUp(java.lang.String,java.lang.String)[pri:0, instance:tests.Bai1VerificationTest@7d3a22a9]" started-at="2026-03-17T14:01:38 GMT+07:00" name="setUp" finished-at="2026-03-17T14:01:39 GMT+07:00" duration-ms="1209" status="PASS">
          <params>
            <param index="0">
              <value>
                <![CDATA[edge]]>
              </value>
            </param>
            <param index="1">
              <value>
                <![CDATA[dev]]>
              </value>
            </param>
          </params>
          <reporter-output>
          </reporter-output>
        </test-method> <!-- setUp -->
        <test-method signature="testParallelTwo()[pri:0, instance:tests.Bai1VerificationTest@7d3a22a9]" started-at="2026-03-17T14:01:39 GMT+07:00" name="testParallelTwo" description="Parallel test 2" finished-at="2026-03-17T14:01:39 GMT+07:00" duration-ms="4" status="PASS">
          <reporter-output>
          </reporter-output>
        </test-method> <!-- testParallelTwo -->
        <test-method is-config="true" signature="tearDown(org.testng.ITestResult)[pri:0, instance:tests.Bai1VerificationTest@7d3a22a9]" started-at="2026-03-17T14:01:39 GMT+07:00" name="tearDown" finished-at="2026-03-17T14:01:39 GMT+07:00" duration-ms="101" status="PASS">
          <params>
            <param index="0">
              <value>
                <![CDATA[[TestResult name=testParallelTwo status=SUCCESS method=Bai1VerificationTest.testParallelTwo()[pri:0, instance:tests.Bai1VerificationTest@7d3a22a9] output={null}]]]>
              </value>
            </param>
          </params>
          <reporter-output>
          </reporter-output>
        </test-method> <!-- tearDown -->
      </class> <!-- tests.Bai1VerificationTest -->
    </test> <!-- Bai1_Verify_Framework -->
  </suite> <!-- Lab9_Bai1_Suite -->
</testng-results>
