<?xml version="1.0" encoding="UTF-8"?>
<!-- Generated by org.testng.reporters.JUnitXMLReporter -->
<testsuite ignored="0" hostname="DESKTOP-51N1MC5" failures="0" tests="5" name="TextBox WhiteBox Tests" time="39.229" errors="0" timestamp="2026-03-10T15:23:11 GMT+07:00">
  <testcase classname="lab8.bai62.TextBoxWhiteBoxTest" name="testEmptyFields_ShouldNotDisplayMeaningfulOutput" time="10.638"/>
  <testcase classname="lab8.bai62.TextBoxWhiteBoxTest" name="testInvalidEmail_ShouldFailBrowserValidation" time="10.703"/>
  <testcase classname="lab8.bai62.TextBoxWhiteBoxTest" name="testSpecialCharactersInName_ShouldAcceptText" time="0.343"/>
  <testcase classname="lab8.bai62.TextBoxWhiteBoxTest" name="testValidInput_ShouldDisplayOutput" time="0.362"/>
  <testcase classname="lab8.bai62.TextBoxWhiteBoxTest" name="testWhitespaceName_ShouldKeepWhitespaceInput" time="0.24"/>
</testsuite> <!-- TextBox WhiteBox Tests -->
