<?xml version="1.0" encoding="UTF-8"?>
<testsuite xmlns:xsi="http://www.w3.org/2001/XMLSchema-instance" xsi:noNamespaceSchemaLocation="https://maven.apache.org/surefire/maven-surefire-plugin/xsd/surefire-test-report-3.0.xsd" version="3.0" name="TestSuite" time="27.767" tests="39" errors="0" skipped="0" failures="0">
  <properties>
[...]
</properties>
  <testcase name="getNonExistingUser_shouldReturn404AndEmptyBody" classname="tests.bai1.ReqresGetApiTest" time="1.179">
    <system-out><![CDATA[Request method:	GET
Request URI:	https://reqres.in/api/users/9999
Proxy:			<none>
Request params:	<none>
Query params:	<none>
Form params:	<none>
Path params:	<none>
Headers:		Accept=application/json
				User-Agent=lab10-api-tests/1.0
				x-api-key=reqres_7e9abe50e2074205afe71a02e24762c3
				Content-Type=application/json
Cookies:		<none>
Multiparts:		<none>
Body:			<none>
HTTP/1.1 404 Not Found
Date: Tue, 24 Mar 2026 08:02:03 GMT
Content-Type: application/json; charset=utf-8
Content-Length: 2
Connection: keep-alive
Access-Control-Allow-Origin: *
Cache-Control: no-store
Cross-Origin-Opener-Policy: same-origin
Cross-Origin-Resource-Policy: same-origin
Etag: W/"2-vyGp6PvFo4RvsFtPoIWeCReyIC8"
Nel: {"report_to":"heroku-nel","response_headers":["Via"],"max_age":3600,"success_fraction":0.01,"failure_fraction":0.1}
Origin-Agent-Cluster: ?1
Ratelimit-Limit: 20
Ratelimit-Policy: 20;w=60
Ratelimit-Remaining: 19
Ratelimit-Reset: 60
Referrer-Policy: strict-origin-when-cross-origin
Report-To: {"group":"heroku-nel","endpoints":[{"url":"https://nel.heroku.com/reports?s=1lABETRky0xyKI3yvakOFqt%2FgKK4hwZ9BbTRoIdd%2F0o%3D\u0026sid=c4c9725f-1ab0-44d8-820f-430df2718e11\u0026ts=1774339323"}],"max_age":3600}
Reporting-Endpoints: heroku-nel="https://nel.heroku.com/reports?s=1lABETRky0xyKI3yvakOFqt%2FgKK4hwZ9BbTRoIdd%2F0o%3D&sid=c4c9725f-1ab0-44d8-820f-430df2718e11&ts=1774339323"
Server: cloudflare
Strict-Transport-Security: max-age=31536000; includeSubDomains
Via: 1.1 heroku-router
X-Content-Type-Options: nosniff
X-Dns-Prefetch-Control: off
X-Download-Options: noopen
X-Frame-Options: DENY
X-Permitted-Cross-Domain-Policies: none
X-Powered-By: ReqRes.in - Deploy backends in 30 seconds
X-Ratelimit-Limit: 250
X-Ratelimit-Remaining: 170
X-Ratelimit-Reset: 1774396800
X-Reqres-Docs: https://reqres.in
X-Reqres-Message: This API is powered by ReqRes. Deploy your own backend in 30 seconds!
X-Reqres-Templates: https://app.reqres.in/templates
X-Reqres-Tip: Create your own API with custom data - app.reqres.in/dashboard
X-Reqres-Trial: true
X-Reqres-Trial-Days-Remaining: 14
X-Reqres-Trial-Expires: 2026-04-07T07:35:21.031Z
X-Reqres-Upgrade: https://app.reqres.in/upgrade
X-Request-Id: 44411263-9b06-7da0-0751-4ae61160882e
X-Robots-Tag: noindex, nofollow
X-Xss-Protection: 0
cf-cache-status: BYPASS
CF-RAY: 9e1426c16c2b5098-HKG

{
    
}
]]></system-out>
    <system-err><![CDATA[SLF4J(W): No SLF4J providers were found.
SLF4J(W): Defaulting to no-operation (NOP) logger implementation
SLF4J(W): See https://www.slf4j.org/codes.html#noProviders for further details.
]]></system-err>
  </testcase>
  <testcase name="getUser3_shouldReturnValidReqresEmailAndFirstName" classname="tests.bai1.ReqresGetApiTest" time="0.823">
    <system-out><![CDATA[Request method:	GET
Request URI:	https://reqres.in/api/users/3
Proxy:			<none>
Request params:	<none>
Query params:	<none>
Form params:	<none>
Path params:	<none>
Headers:		Accept=application/json
				User-Agent=lab10-api-tests/1.0
				x-api-key=reqres_7e9abe50e2074205afe71a02e24762c3
				Content-Type=application/json
Cookies:		<none>
Multiparts:		<none>
Body:			<none>
HTTP/1.1 200 OK
Date: Tue, 24 Mar 2026 08:02:04 GMT
Content-Type: application/json; charset=utf-8
Transfer-Encoding: chunked
Connection: keep-alive
Access-Control-Allow-Origin: *
Cache-Control: no-store
Cross-Origin-Opener-Policy: same-origin
Cross-Origin-Resource-Policy: same-origin
Etag: W/"2e8-6GLIe+LUWqGp8qrv0G+QdwY5uSo"
Nel: {"report_to":"heroku-nel","response_headers":["Via"],"max_age":3600,"success_fraction":0.01,"failure_fraction":0.1}
Origin-Agent-Cluster: ?1
Ratelimit-Limit: 20
Ratelimit-Policy: 20;w=60
Ratelimit-Remaining: 19
Ratelimit-Reset: 60
Referrer-Policy: strict-origin-when-cross-origin
Report-To: {"group":"heroku-nel","endpoints":[{"url":"https://nel.heroku.com/reports?s=Qcw5%2FKzeq4qwLg45hLLRc6FaIMOrmZSQBzxwlwHdZN8%3D\u0026sid=c4c9725f-1ab0-44d8-820f-430df2718e11\u0026ts=1774339324"}],"max_age":3600}
Reporting-Endpoints: heroku-nel="https://nel.heroku.com/reports?s=Qcw5%2FKzeq4qwLg45hLLRc6FaIMOrmZSQBzxwlwHdZN8%3D&sid=c4c9725f-1ab0-44d8-820f-430df2718e11&ts=1774339324"
Server: cloudflare
Strict-Transport-Security: max-age=31536000; includeSubDomains
Via: 1.1 heroku-router
X-Content-Type-Options: nosniff
X-Dns-Prefetch-Control: off
X-Download-Options: noopen
X-Frame-Options: DENY
X-Permitted-Cross-Domain-Policies: none
X-Powered-By: ReqRes.in - Deploy backends in 30 seconds
X-Ratelimit-Limit: 250
X-Ratelimit-Remaining: 169
X-Ratelimit-Reset: 1774396800
X-Reqres-Docs: https://reqres.in
X-Reqres-Message: This API is powered by ReqRes. Deploy your own backend in 30 seconds!
X-Reqres-Templates: https://app.reqres.in/templates
X-Reqres-Tip: Generate a complete backend from a description - app.reqres.in/dashboard
X-Reqres-Trial: true
X-Reqres-Trial-Days-Remaining: 14
X-Reqres-Trial-Expires: 2026-04-07T07:35:21.031Z
X-Reqres-Upgrade: https://app.reqres.in/upgrade
X-Request-Id: bd5a0619-f3b8-2daa-1e20-e0bb595908ea
X-Robots-Tag: noindex, nofollow
X-Xss-Protection: 0
cf-cache-status: BYPASS
Content-Encoding: gzip
CF-RAY: 9e1426c64ace58d0-HKG

{
    "data": {
        "id": 3,
        "email": "emma.wong@reqres.in",
        "first_name": "Emma",
        "last_name": "Wong",
        "avatar": "https://reqres.in/img/faces/3-image.jpg"
    },
    "support": {
        "url": "https://benhowdle.im/first-cto-playbook?utm_source=reqres&utm_medium=json&utm_campaign=referral",
        "text": "Become a better CTO. A playbook of painful stories and practical advice from a two-time startup CTO."
    },
    "_meta": {
        "powered_by": "ReqRes",
        "docs_url": "https://app.reqres.in/documentation",
        "upgrade_url": "https://app.reqres.in/upgrade",
        "example_url": "https://app.reqres.in/examples/notes-app",
        "variant": "v1_b",
        "message": "Need more than fake data? Projects give you real CRUD + auth in minutes.",
        "cta": {
            "label": "Get started",
            "url": "https://app.reqres.in/upgrade"
        },
        "context": "legacy_success"
    }
}
]]></system-out>
  </testcase>
  <testcase name="getUsersPage1_shouldReturnPage1AndNonEmptyData" classname="tests.bai1.ReqresGetApiTest" time="0.657">
    <system-out><![CDATA[Request method:	GET
Request URI:	https://reqres.in/api/users?page=1
Proxy:			<none>
Request params:	<none>
Query params:	page=1
Form params:	<none>
Path params:	<none>
Headers:		Accept=application/json
				User-Agent=lab10-api-tests/1.0
				x-api-key=reqres_7e9abe50e2074205afe71a02e24762c3
				Content-Type=application/json
Cookies:		<none>
Multiparts:		<none>
Body:			<none>
HTTP/1.1 200 OK
Date: Tue, 24 Mar 2026 08:02:05 GMT
Content-Type: application/json; charset=utf-8
Transfer-Encoding: chunked
Connection: keep-alive
Access-Control-Allow-Origin: *
Cache-Control: no-store
Cross-Origin-Opener-Policy: same-origin
Cross-Origin-Resource-Policy: same-origin
Etag: W/"5ba-Hq89QHuVAhWKacAspICIv8xBR2w"
Nel: {"report_to":"heroku-nel","response_headers":["Via"],"max_age":3600,"success_fraction":0.01,"failure_fraction":0.1}
Origin-Agent-Cluster: ?1
Ratelimit-Limit: 20
Ratelimit-Policy: 20;w=60
Ratelimit-Remaining: 19
Ratelimit-Reset: 60
Referrer-Policy: strict-origin-when-cross-origin
Report-To: {"group":"heroku-nel","endpoints":[{"url":"https://nel.heroku.com/reports?s=bcu1zpzdB7MFJv7ROTTV7hBtqaLi8IsOzeUT1YddRNo%3D\u0026sid=c4c9725f-1ab0-44d8-820f-430df2718e11\u0026ts=1774339325"}],"max_age":3600}
Reporting-Endpoints: heroku-nel="https://nel.heroku.com/reports?s=bcu1zpzdB7MFJv7ROTTV7hBtqaLi8IsOzeUT1YddRNo%3D&sid=c4c9725f-1ab0-44d8-820f-430df2718e11&ts=1774339325"
Server: cloudflare
Strict-Transport-Security: max-age=31536000; includeSubDomains
Via: 1.1 heroku-router
X-Content-Type-Options: nosniff
X-Dns-Prefetch-Control: off
X-Download-Options: noopen
X-Frame-Options: DENY
X-Permitted-Cross-Domain-Policies: none
X-Powered-By: ReqRes.in - Deploy backends in 30 seconds
X-Ratelimit-Limit: 250
X-Ratelimit-Remaining: 168
X-Ratelimit-Reset: 1774396800
X-Reqres-Docs: https://reqres.in
X-Reqres-Message: This API is powered by ReqRes. Deploy your own backend in 30 seconds!
X-Reqres-Templates: https://app.reqres.in/templates
X-Reqres-Tip: Create your own API with custom data - app.reqres.in/dashboard
X-Reqres-Trial: true
X-Reqres-Trial-Days-Remaining: 14
X-Reqres-Trial-Expires: 2026-04-07T07:35:21.031Z
X-Reqres-Upgrade: https://app.reqres.in/upgrade
X-Request-Id: be281b36-df7d-f45e-4aba-c1d6c3b7db86
X-Robots-Tag: noindex, nofollow
X-Xss-Protection: 0
cf-cache-status: BYPASS
Content-Encoding: gzip
CF-RAY: 9e1426cb6a9da880-HKG

{
    "page": 1,
    "per_page": 6,
    "total": 12,
    "total_pages": 2,
    "data": [
        {
            "id": 1,
            "email": "george.bluth@reqres.in",
            "first_name": "George",
            "last_name": "Bluth",
            "avatar": "https://reqres.in/img/faces/1-image.jpg"
        },
        {
            "id": 2,
            "email": "janet.weaver@reqres.in",
            "first_name": "Janet",
            "last_name": "Weaver",
            "avatar": "https://reqres.in/img/faces/2-image.jpg"
        },
        {
            "id": 3,
            "email": "emma.wong@reqres.in",
            "first_name": "Emma",
            "last_name": "Wong",
            "avatar": "https://reqres.in/img/faces/3-image.jpg"
        },
        {
            "id": 4,
            "email": "eve.holt@reqres.in",
            "first_name": "Eve",
            "last_name": "Holt",
            "avatar": "https://reqres.in/img/faces/4-image.jpg"
        },
        {
            "id": 5,
            "email": "charles.morris@reqres.in",
            "first_name": "Charles",
            "last_name": "Morris",
            "avatar": "https://reqres.in/img/faces/5-image.jpg"
        },
        {
            "id": 6,
            "email": "tracey.ramos@reqres.in",
            "first_name": "Tracey",
            "last_name": "Ramos",
            "avatar": "https://reqres.in/img/faces/6-image.jpg"
        }
    ],
    "support": {
        "url": "https://benhowdle.im/first-cto-playbook?utm_source=reqres&utm_medium=json&utm_campaign=referral",
        "text": "Become a better CTO. A playbook of painful stories and practical advice from a two-time startup CTO."
    },
    "_meta": {
        "powered_by": "ReqRes",
        "docs_url": "https://app.reqres.in/documentation",
        "upgrade_url": "https://app.reqres.in/upgrade",
        "example_url": "https://app.reqres.in/examples/notes-app",
        "variant": "v1_b",
        "message": "Need more than fake data? Projects give you real CRUD + auth in minutes.",
        "cta": {
            "label": "Get started",
            "url": "https://app.reqres.in/upgrade"
        },
        "context": "legacy_success"
    }
}
]]></system-out>
  </testcase>
  <testcase name="getUsersPage2_shouldContainRequiredFieldsForEachUser" classname="tests.bai1.ReqresGetApiTest" time="0.668">
    <system-out><![CDATA[Request method:	GET
Request URI:	https://reqres.in/api/users?page=2
Proxy:			<none>
Request params:	<none>
Query params:	page=2
Form params:	<none>
Path params:	<none>
Headers:		Accept=application/json
				User-Agent=lab10-api-tests/1.0
				x-api-key=reqres_7e9abe50e2074205afe71a02e24762c3
				Content-Type=application/json
Cookies:		<none>
Multiparts:		<none>
Body:			<none>
HTTP/1.1 200 OK
Date: Tue, 24 Mar 2026 08:02:05 GMT
Content-Type: application/json; charset=utf-8
Transfer-Encoding: chunked
Connection: keep-alive
Access-Control-Allow-Origin: *
Cache-Control: no-store
Cross-Origin-Opener-Policy: same-origin
Cross-Origin-Resource-Policy: same-origin
Etag: W/"5dc-TTyGyozdfzpYXpyGTjegIH49eBo"
Nel: {"report_to":"heroku-nel","response_headers":["Via"],"max_age":3600,"success_fraction":0.01,"failure_fraction":0.1}
Origin-Agent-Cluster: ?1
Ratelimit-Limit: 20
Ratelimit-Policy: 20;w=60
Ratelimit-Remaining: 19
Ratelimit-Reset: 60
Referrer-Policy: strict-origin-when-cross-origin
Report-To: {"group":"heroku-nel","endpoints":[{"url":"https://nel.heroku.com/reports?s=bcu1zpzdB7MFJv7ROTTV7hBtqaLi8IsOzeUT1YddRNo%3D\u0026sid=c4c9725f-1ab0-44d8-820f-430df2718e11\u0026ts=1774339325"}],"max_age":3600}
Reporting-Endpoints: heroku-nel="https://nel.heroku.com/reports?s=bcu1zpzdB7MFJv7ROTTV7hBtqaLi8IsOzeUT1YddRNo%3D&sid=c4c9725f-1ab0-44d8-820f-430df2718e11&ts=1774339325"
Server: cloudflare
Strict-Transport-Security: max-age=31536000; includeSubDomains
Via: 1.1 heroku-router
X-Content-Type-Options: nosniff
X-Dns-Prefetch-Control: off
X-Download-Options: noopen
X-Frame-Options: DENY
X-Permitted-Cross-Domain-Policies: none
X-Powered-By: ReqRes.in - Deploy backends in 30 seconds
X-Ratelimit-Limit: 250
X-Ratelimit-Remaining: 167
X-Ratelimit-Reset: 1774396800
X-Reqres-Docs: https://reqres.in
X-Reqres-Message: This API is powered by ReqRes. Deploy your own backend in 30 seconds!
X-Reqres-Templates: https://app.reqres.in/templates
X-Reqres-Tip: Add real user auth to your app with magic codes - reqres.in/docs
X-Reqres-Trial: true
X-Reqres-Trial-Days-Remaining: 14
X-Reqres-Trial-Expires: 2026-04-07T07:35:21.031Z
X-Reqres-Upgrade: https://app.reqres.in/upgrade
X-Request-Id: ccc90e45-bf4c-0c3a-9e05-ae2527358362
X-Robots-Tag: noindex, nofollow
X-Xss-Protection: 0
cf-cache-status: BYPASS
Content-Encoding: gzip
CF-RAY: 9e1426cf9b8807ae-HKG

{
    "page": 2,
    "per_page": 6,
    "total": 12,
    "total_pages": 2,
    "data": [
        {
            "id": 7,
            "email": "michael.lawson@reqres.in",
            "first_name": "Michael",
            "last_name": "Lawson",
            "avatar": "https://reqres.in/img/faces/7-image.jpg"
        },
        {
            "id": 8,
            "email": "lindsay.ferguson@reqres.in",
            "first_name": "Lindsay",
            "last_name": "Ferguson",
            "avatar": "https://reqres.in/img/faces/8-image.jpg"
        },
        {
            "id": 9,
            "email": "tobias.funke@reqres.in",
            "first_name": "Tobias",
            "last_name": "Funke",
            "avatar": "https://reqres.in/img/faces/9-image.jpg"
        },
        {
            "id": 10,
            "email": "byron.fields@reqres.in",
            "first_name": "Byron",
            "last_name": "Fields",
            "avatar": "https://reqres.in/img/faces/10-image.jpg"
        },
        {
            "id": 11,
            "email": "george.edwards@reqres.in",
            "first_name": "George",
            "last_name": "Edwards",
            "avatar": "https://reqres.in/img/faces/11-image.jpg"
        },
        {
            "id": 12,
            "email": "rachel.howell@reqres.in",
            "first_name": "Rachel",
            "last_name": "Howell",
            "avatar": "https://reqres.in/img/faces/12-image.jpg"
        }
    ],
    "support": {
        "url": "https://benhowdle.im/first-cto-playbook?utm_source=reqres&utm_medium=json&utm_campaign=referral",
        "text": "Become a better CTO. A playbook of painful stories and practical advice from a two-time startup CTO."
    },
    "_meta": {
        "powered_by": "ReqRes",
        "docs_url": "https://app.reqres.in/documentation",
        "upgrade_url": "https://app.reqres.in/upgrade",
        "example_url": "https://app.reqres.in/examples/notes-app",
        "variant": "v1_b",
        "message": "Need more than fake data? Projects give you real CRUD + auth in minutes.",
        "cta": {
            "label": "Get started",
            "url": "https://app.reqres.in/upgrade"
        },
        "context": "legacy_success"
    }
}
]]></system-out>
  </testcase>
  <testcase name="createThenGet_shouldConfirmPersistedData" classname="tests.bai2.ReqresCrudApiTest" time="0.756">
    <system-out><![CDATA[Request method:	POST
Request URI:	https://reqres.in/api/collections/lab10-users/records
Proxy:			<none>
Request params:	<none>
Query params:	<none>
Form params:	<none>
Path params:	<none>
Headers:		Accept=application/json
				User-Agent=lab10-api-tests/1.0
				x-api-key=reqres_7e9abe50e2074205afe71a02e24762c3
				Content-Type=application/json
Cookies:		<none>
Multiparts:		<none>
Body:
{
    "data": {
        "name": "Nemlui Persist",
        "job": "QA Student"
    }
}
HTTP/1.1 403 Forbidden
Date: Tue, 24 Mar 2026 08:02:06 GMT
Content-Type: application/json; charset=utf-8
Transfer-Encoding: chunked
Connection: keep-alive
Access-Control-Allow-Origin: *
Cache-Control: no-store
Cross-Origin-Opener-Policy: same-origin
Cross-Origin-Resource-Policy: same-origin
Etag: W/"2fb-ratwC8bCI0oMsAWglOCbGqPPpRQ"
Nel: {"report_to":"heroku-nel","response_headers":["Via"],"max_age":3600,"success_fraction":0.01,"failure_fraction":0.1}
Origin-Agent-Cluster: ?1
Referrer-Policy: strict-origin-when-cross-origin
Report-To: {"group":"heroku-nel","endpoints":[{"url":"https://nel.heroku.com/reports?s=xgWLjsrjH5SrKfjusE%2BTqnYJ5TEDjXzuBNvXnQcEt5Q%3D\u0026sid=c4c9725f-1ab0-44d8-820f-430df2718e11\u0026ts=1774339326"}],"max_age":3600}
Reporting-Endpoints: heroku-nel="https://nel.heroku.com/reports?s=xgWLjsrjH5SrKfjusE%2BTqnYJ5TEDjXzuBNvXnQcEt5Q%3D&sid=c4c9725f-1ab0-44d8-820f-430df2718e11&ts=1774339326"
Server: cloudflare
Strict-Transport-Security: max-age=31536000; includeSubDomains
Via: 1.1 heroku-router
X-Content-Type-Options: nosniff
X-Dns-Prefetch-Control: off
X-Download-Options: noopen
X-Frame-Options: DENY
X-Permitted-Cross-Domain-Policies: none
X-Ratelimit-Limit: 250
X-Ratelimit-Remaining: 166
X-Ratelimit-Reset: 1774396800
X-Reqres-Help: insufficient_scope
X-Reqres-Trial: true
X-Reqres-Trial-Days-Remaining: 14
X-Reqres-Trial-Expires: 2026-04-07T07:35:21.031Z
X-Request-Id: 43a9ab35-06d2-7df6-eeb4-301cdeaaab8b
X-Robots-Tag: noindex, nofollow
X-Xss-Protection: 0
cf-cache-status: DYNAMIC
Content-Encoding: gzip
CF-RAY: 9e1426d4884f766d-HKG

{
    "error": "insufficient_scope",
    "message": "This API key has read-only permissions.",
    "hint": "Use a manage key or a read_write key for write operations.",
    "next_steps": [
        "Check your key permissions at app.reqres.in/api-keys",
        "read: Can only read data",
        "write: Can read and write data",
        "manage: Full access including delete operations"
    ],
    "docs_url": "https://app.reqres.in/docs#api-key-permissions",
    "_meta": {
        "powered_by": "ReqRes",
        "docs_url": "https://app.reqres.in/documentation",
        "upgrade_url": "https://app.reqres.in/upgrade",
        "example_url": "https://app.reqres.in/examples/notes-app",
        "variant": "v1_b",
        "message": "Missing/invalid key. Grab a free key to keep responses consistent.",
        "cta": {
            "label": "Get started",
            "url": "https://app.reqres.in/api-keys"
        },
        "context": "invalid_key"
    }
}
[INFO] Workspace key hiện tại là read-only, ReqRes collections write bị 403.
[INFO] Nếu muốn test persistence thật cho /collections, cần manage key.
]]></system-out>
  </testcase>
  <testcase name="createUser_shouldReturn201AndCreatedFields" classname="tests.bai2.ReqresCrudApiTest" time="0.679">
    <system-out><![CDATA[Request method:	POST
Request URI:	https://reqres.in/api/users
Proxy:			<none>
Request params:	<none>
Query params:	<none>
Form params:	<none>
Path params:	<none>
Headers:		Accept=application/json
				User-Agent=lab10-api-tests/1.0
				x-api-key=reqres_7e9abe50e2074205afe71a02e24762c3
				Content-Type=application/json
Cookies:		<none>
Multiparts:		<none>
Body:
{
    "name": "Nemlui",
    "job": "QA Intern"
}
HTTP/1.1 201 Created
Date: Tue, 24 Mar 2026 08:02:07 GMT
Content-Type: application/json; charset=utf-8
Content-Length: 466
Connection: keep-alive
Access-Control-Allow-Origin: *
Cache-Control: no-store
Cross-Origin-Opener-Policy: same-origin
Cross-Origin-Resource-Policy: same-origin
Etag: W/"1d2-RmE4kbU4cKoB7SGeCNe/NCIYiOI"
Nel: {"report_to":"heroku-nel","response_headers":["Via"],"max_age":3600,"success_fraction":0.01,"failure_fraction":0.1}
Origin-Agent-Cluster: ?1
Ratelimit-Limit: 20
Ratelimit-Policy: 20;w=60
Ratelimit-Remaining: 19
Ratelimit-Reset: 60
Referrer-Policy: strict-origin-when-cross-origin
Report-To: {"group":"heroku-nel","endpoints":[{"url":"https://nel.heroku.com/reports?s=yi%2F0DVKSzPynR6UKMSVverJoyrOOK9JUwKJlf0phtFg%3D\u0026sid=c4c9725f-1ab0-44d8-820f-430df2718e11\u0026ts=1774339327"}],"max_age":3600}
Reporting-Endpoints: heroku-nel="https://nel.heroku.com/reports?s=yi%2F0DVKSzPynR6UKMSVverJoyrOOK9JUwKJlf0phtFg%3D&sid=c4c9725f-1ab0-44d8-820f-430df2718e11&ts=1774339327"
Server: cloudflare
Strict-Transport-Security: max-age=31536000; includeSubDomains
Via: 1.1 heroku-router
X-Content-Type-Options: nosniff
X-Dns-Prefetch-Control: off
X-Download-Options: noopen
X-Frame-Options: DENY
X-Permitted-Cross-Domain-Policies: none
X-Powered-By: ReqRes.in - Deploy backends in 30 seconds
X-Ratelimit-Limit: 250
X-Ratelimit-Remaining: 165
X-Ratelimit-Reset: 1774396800
X-Reqres-Docs: https://reqres.in
X-Reqres-Message: This API is powered by ReqRes. Deploy your own backend in 30 seconds!
X-Reqres-Templates: https://app.reqres.in/templates
X-Reqres-Tip: Generate a complete backend from a description - app.reqres.in/dashboard
X-Reqres-Trial: true
X-Reqres-Trial-Days-Remaining: 14
X-Reqres-Trial-Expires: 2026-04-07T07:35:21.031Z
X-Reqres-Upgrade: https://app.reqres.in/upgrade
X-Request-Id: 67551598-ae33-362e-caa6-8ddfff380495
X-Robots-Tag: noindex, nofollow
X-Xss-Protection: 0
cf-cache-status: DYNAMIC
CF-RAY: 9e1426d8bb447152-HKG

{
    "name": "Nemlui",
    "job": "QA Intern",
    "id": "631",
    "createdAt": "2026-03-24T08:02:07.242Z",
    "_meta": {
        "powered_by": "ReqRes",
        "docs_url": "https://app.reqres.in/documentation",
        "upgrade_url": "https://app.reqres.in/upgrade",
        "example_url": "https://app.reqres.in/examples/notes-app",
        "variant": "v1_b",
        "message": "Need more than fake data? Projects give you real CRUD + auth in minutes.",
        "cta": {
            "label": "Get started",
            "url": "https://app.reqres.in/upgrade"
        },
        "context": "legacy_success"
    }
}
]]></system-out>
  </testcase>
  <testcase name="deleteUser_shouldReturn204AndEmptyBody" classname="tests.bai2.ReqresCrudApiTest" time="0.397">
    <system-out><![CDATA[Request method:	DELETE
Request URI:	https://reqres.in/api/users/2
Proxy:			<none>
Request params:	<none>
Query params:	<none>
Form params:	<none>
Path params:	<none>
Headers:		Accept=application/json
				User-Agent=lab10-api-tests/1.0
				x-api-key=reqres_7e9abe50e2074205afe71a02e24762c3
				Content-Type=application/json
Cookies:		<none>
Multiparts:		<none>
Body:			<none>
HTTP/1.1 204 No Content
Date: Tue, 24 Mar 2026 08:02:07 GMT
Connection: keep-alive
Access-Control-Allow-Origin: *
Cache-Control: no-store
Cross-Origin-Opener-Policy: same-origin
Cross-Origin-Resource-Policy: same-origin
Etag: W/"2-vyGp6PvFo4RvsFtPoIWeCReyIC8"
Nel: {"report_to":"heroku-nel","response_headers":["Via"],"max_age":3600,"success_fraction":0.01,"failure_fraction":0.1}
Origin-Agent-Cluster: ?1
Ratelimit-Limit: 20
Ratelimit-Policy: 20;w=60
Ratelimit-Remaining: 18
Ratelimit-Reset: 60
Referrer-Policy: strict-origin-when-cross-origin
Report-To: {"group":"heroku-nel","endpoints":[{"url":"https://nel.heroku.com/reports?s=yi%2F0DVKSzPynR6UKMSVverJoyrOOK9JUwKJlf0phtFg%3D\u0026sid=c4c9725f-1ab0-44d8-820f-430df2718e11\u0026ts=1774339327"}],"max_age":3600}
Reporting-Endpoints: heroku-nel="https://nel.heroku.com/reports?s=yi%2F0DVKSzPynR6UKMSVverJoyrOOK9JUwKJlf0phtFg%3D&sid=c4c9725f-1ab0-44d8-820f-430df2718e11&ts=1774339327"
Server: cloudflare
Strict-Transport-Security: max-age=31536000; includeSubDomains
Via: 1.1 heroku-router
X-Content-Type-Options: nosniff
X-Dns-Prefetch-Control: off
X-Download-Options: noopen
X-Frame-Options: DENY
X-Permitted-Cross-Domain-Policies: none
X-Powered-By: ReqRes.in - Deploy backends in 30 seconds
X-Ratelimit-Limit: 250
X-Ratelimit-Remaining: 164
X-Ratelimit-Reset: 1774396800
X-Reqres-Docs: https://reqres.in
X-Reqres-Message: This API is powered by ReqRes. Deploy your own backend in 30 seconds!
X-Reqres-Templates: https://app.reqres.in/templates
X-Reqres-Tip: Test against your own data, not fixtures - app.reqres.in/dashboard
X-Reqres-Trial: true
X-Reqres-Trial-Days-Remaining: 14
X-Reqres-Trial-Expires: 2026-04-07T07:35:21.031Z
X-Reqres-Upgrade: https://app.reqres.in/upgrade
X-Request-Id: 5ec9064d-8b23-c150-f36c-11269de09dac
X-Robots-Tag: noindex, nofollow
X-Xss-Protection: 0
cf-cache-status: DYNAMIC
CF-RAY: 9e1426dce8d6db3e-HKG
]]></system-out>
  </testcase>
  <testcase name="patchUser_shouldUpdateOnlySentField" classname="tests.bai2.ReqresCrudApiTest" time="0.43">
    <system-out><![CDATA[Request method:	PATCH
Request URI:	https://reqres.in/api/users/2
Proxy:			<none>
Request params:	<none>
Query params:	<none>
Form params:	<none>
Path params:	<none>
Headers:		Accept=application/json
				User-Agent=lab10-api-tests/1.0
				x-api-key=reqres_7e9abe50e2074205afe71a02e24762c3
				Content-Type=application/json
Cookies:		<none>
Multiparts:		<none>
Body:
{
    "job": "Senior QA Engineer"
}
HTTP/1.1 200 OK
Date: Tue, 24 Mar 2026 08:02:08 GMT
Content-Type: application/json; charset=utf-8
Transfer-Encoding: chunked
Connection: keep-alive
Access-Control-Allow-Origin: *
Cache-Control: no-store
Cross-Origin-Opener-Policy: same-origin
Cross-Origin-Resource-Policy: same-origin
Etag: W/"1c0-2dTUBvc/R91GD06JQSLu77qPxUQ"
Nel: {"report_to":"heroku-nel","response_headers":["Via"],"max_age":3600,"success_fraction":0.01,"failure_fraction":0.1}
Origin-Agent-Cluster: ?1
Ratelimit-Limit: 20
Ratelimit-Policy: 20;w=60
Ratelimit-Remaining: 17
Ratelimit-Reset: 60
Referrer-Policy: strict-origin-when-cross-origin
Report-To: {"group":"heroku-nel","endpoints":[{"url":"https://nel.heroku.com/reports?s=woHXtq%2BNTqHP8kMFsthaI7JLYlSIHEbS0oJDGLvABDo%3D\u0026sid=c4c9725f-1ab0-44d8-820f-430df2718e11\u0026ts=1774339328"}],"max_age":3600}
Reporting-Endpoints: heroku-nel="https://nel.heroku.com/reports?s=woHXtq%2BNTqHP8kMFsthaI7JLYlSIHEbS0oJDGLvABDo%3D&sid=c4c9725f-1ab0-44d8-820f-430df2718e11&ts=1774339328"
Server: cloudflare
Strict-Transport-Security: max-age=31536000; includeSubDomains
Via: 1.1 heroku-router
X-Content-Type-Options: nosniff
X-Dns-Prefetch-Control: off
X-Download-Options: noopen
X-Frame-Options: DENY
X-Permitted-Cross-Domain-Policies: none
X-Powered-By: ReqRes.in - Deploy backends in 30 seconds
X-Ratelimit-Limit: 250
X-Ratelimit-Remaining: 163
X-Ratelimit-Reset: 1774396800
X-Reqres-Docs: https://reqres.in
X-Reqres-Message: This API is powered by ReqRes. Deploy your own backend in 30 seconds!
X-Reqres-Templates: https://app.reqres.in/templates
X-Reqres-Tip: Generate a complete backend from a description - app.reqres.in/dashboard
X-Reqres-Trial: true
X-Reqres-Trial-Days-Remaining: 14
X-Reqres-Trial-Expires: 2026-04-07T07:35:21.031Z
X-Reqres-Upgrade: https://app.reqres.in/upgrade
X-Request-Id: 70b4962d-969f-326a-cc87-beee8976e717
X-Robots-Tag: noindex, nofollow
X-Xss-Protection: 0
cf-cache-status: DYNAMIC
Content-Encoding: gzip
CF-RAY: 9e1426df6d57e2fc-HKG

{
    "job": "Senior QA Engineer",
    "updatedAt": "2026-03-24T08:02:08.055Z",
    "_meta": {
        "powered_by": "ReqRes",
        "docs_url": "https://app.reqres.in/documentation",
        "upgrade_url": "https://app.reqres.in/upgrade",
        "example_url": "https://app.reqres.in/examples/notes-app",
        "variant": "v1_b",
        "message": "Need more than fake data? Projects give you real CRUD + auth in minutes.",
        "cta": {
            "label": "Get started",
            "url": "https://app.reqres.in/upgrade"
        },
        "context": "legacy_success"
    }
}
]]></system-out>
  </testcase>
  <testcase name="updateUserWithPut_shouldReturnUpdatedFields" classname="tests.bai2.ReqresCrudApiTest" time="0.679">
    <system-out><![CDATA[Request method:	PUT
Request URI:	https://reqres.in/api/users/2
Proxy:			<none>
Request params:	<none>
Query params:	<none>
Form params:	<none>
Path params:	<none>
Headers:		Accept=application/json
				User-Agent=lab10-api-tests/1.0
				x-api-key=reqres_7e9abe50e2074205afe71a02e24762c3
				Content-Type=application/json
Cookies:		<none>
Multiparts:		<none>
Body:
{
    "name": "Nemlui Updated",
    "job": "QA Engineer"
}
HTTP/1.1 200 OK
Date: Tue, 24 Mar 2026 08:02:08 GMT
Content-Type: application/json; charset=utf-8
Transfer-Encoding: chunked
Connection: keep-alive
Access-Control-Allow-Origin: *
Cache-Control: no-store
Cross-Origin-Opener-Policy: same-origin
Cross-Origin-Resource-Policy: same-origin
Etag: W/"1d1-XH/W+2YdwjK0ZW0V5ZR0puQgPzg"
Nel: {"report_to":"heroku-nel","response_headers":["Via"],"max_age":3600,"success_fraction":0.01,"failure_fraction":0.1}
Origin-Agent-Cluster: ?1
Ratelimit-Limit: 20
Ratelimit-Policy: 20;w=60
Ratelimit-Remaining: 19
Ratelimit-Reset: 60
Referrer-Policy: strict-origin-when-cross-origin
Report-To: {"group":"heroku-nel","endpoints":[{"url":"https://nel.heroku.com/reports?s=woHXtq%2BNTqHP8kMFsthaI7JLYlSIHEbS0oJDGLvABDo%3D\u0026sid=c4c9725f-1ab0-44d8-820f-430df2718e11\u0026ts=1774339328"}],"max_age":3600}
Reporting-Endpoints: heroku-nel="https://nel.heroku.com/reports?s=woHXtq%2BNTqHP8kMFsthaI7JLYlSIHEbS0oJDGLvABDo%3D&sid=c4c9725f-1ab0-44d8-820f-430df2718e11&ts=1774339328"
Server: cloudflare
Strict-Transport-Security: max-age=31536000; includeSubDomains
Via: 1.1 heroku-router
X-Content-Type-Options: nosniff
X-Dns-Prefetch-Control: off
X-Download-Options: noopen
X-Frame-Options: DENY
X-Permitted-Cross-Domain-Policies: none
X-Powered-By: ReqRes.in - Deploy backends in 30 seconds
X-Ratelimit-Limit: 250
X-Ratelimit-Remaining: 162
X-Ratelimit-Reset: 1774396800
X-Reqres-Docs: https://reqres.in
X-Reqres-Message: This API is powered by ReqRes. Deploy your own backend in 30 seconds!
X-Reqres-Templates: https://app.reqres.in/templates
X-Reqres-Tip: Add real user auth to your app with magic codes - reqres.in/docs
X-Reqres-Trial: true
X-Reqres-Trial-Days-Remaining: 14
X-Reqres-Trial-Expires: 2026-04-07T07:35:21.031Z
X-Reqres-Upgrade: https://app.reqres.in/upgrade
X-Request-Id: 572ea852-62c9-903a-b59d-1951a1cc0eaf
X-Robots-Tag: noindex, nofollow
X-Xss-Protection: 0
cf-cache-status: DYNAMIC
Content-Encoding: gzip
CF-RAY: 9e1426e24e8e02c6-HKG

{
    "name": "Nemlui Updated",
    "job": "QA Engineer",
    "updatedAt": "2026-03-24T08:02:08.770Z",
    "_meta": {
        "powered_by": "ReqRes",
        "docs_url": "https://app.reqres.in/documentation",
        "upgrade_url": "https://app.reqres.in/upgrade",
        "example_url": "https://app.reqres.in/examples/notes-app",
        "variant": "v1_b",
        "message": "Need more than fake data? Projects give you real CRUD + auth in minutes.",
        "cta": {
            "label": "Get started",
            "url": "https://app.reqres.in/upgrade"
        },
        "context": "legacy_success"
    }
}
]]></system-out>
  </testcase>
  <testcase name="createUser_shouldMatchCreateUserSchema" classname="tests.bai3.ReqresSchemaApiTest" time="0.511">
    <system-out><![CDATA[Request method:	POST
Request URI:	https://reqres.in/api/users
Proxy:			<none>
Request params:	<none>
Query params:	<none>
Form params:	<none>
Path params:	<none>
Headers:		Accept=application/json
				User-Agent=lab10-api-tests/1.0
				x-api-key=reqres_7e9abe50e2074205afe71a02e24762c3
				Content-Type=application/json
Cookies:		<none>
Multiparts:		<none>
Body:
{
    "name": "Nemlui",
    "job": "Tester"
}
HTTP/1.1 201 Created
Date: Tue, 24 Mar 2026 08:02:09 GMT
Content-Type: application/json; charset=utf-8
Content-Length: 463
Connection: keep-alive
Access-Control-Allow-Origin: *
Cache-Control: no-store
Cross-Origin-Opener-Policy: same-origin
Cross-Origin-Resource-Policy: same-origin
Etag: W/"1cf-3cRAS7TSfmKcaQ1jnUYh0bPgKJ8"
Nel: {"report_to":"heroku-nel","response_headers":["Via"],"max_age":3600,"success_fraction":0.01,"failure_fraction":0.1}
Origin-Agent-Cluster: ?1
Ratelimit-Limit: 20
Ratelimit-Policy: 20;w=60
Ratelimit-Remaining: 16
Ratelimit-Reset: 59
Referrer-Policy: strict-origin-when-cross-origin
Report-To: {"group":"heroku-nel","endpoints":[{"url":"https://nel.heroku.com/reports?s=AH4as5mdb172CwCfxqjV1s18%2FW0NXFlm6VKr8MiXtR0%3D\u0026sid=c4c9725f-1ab0-44d8-820f-430df2718e11\u0026ts=1774339329"}],"max_age":3600}
Reporting-Endpoints: heroku-nel="https://nel.heroku.com/reports?s=AH4as5mdb172CwCfxqjV1s18%2FW0NXFlm6VKr8MiXtR0%3D&sid=c4c9725f-1ab0-44d8-820f-430df2718e11&ts=1774339329"
Server: cloudflare
Strict-Transport-Security: max-age=31536000; includeSubDomains
Via: 1.1 heroku-router
X-Content-Type-Options: nosniff
X-Dns-Prefetch-Control: off
X-Download-Options: noopen
X-Frame-Options: DENY
X-Permitted-Cross-Domain-Policies: none
X-Powered-By: ReqRes.in - Deploy backends in 30 seconds
X-Ratelimit-Limit: 250
X-Ratelimit-Remaining: 161
X-Ratelimit-Reset: 1774396800
X-Reqres-Docs: https://reqres.in
X-Reqres-Message: This API is powered by ReqRes. Deploy your own backend in 30 seconds!
X-Reqres-Templates: https://app.reqres.in/templates
X-Reqres-Tip: Create your own API with custom data - app.reqres.in/dashboard
X-Reqres-Trial: true
X-Reqres-Trial-Days-Remaining: 14
X-Reqres-Trial-Expires: 2026-04-07T07:35:21.031Z
X-Reqres-Upgrade: https://app.reqres.in/upgrade
X-Request-Id: a521ca3b-e9cf-ec7f-ef85-c4b431ff9e36
X-Robots-Tag: noindex, nofollow
X-Xss-Protection: 0
cf-cache-status: DYNAMIC
CF-RAY: 9e1426e65e54ddc3-HKG

{
    "name": "Nemlui",
    "job": "Tester",
    "id": "811",
    "createdAt": "2026-03-24T08:02:09.168Z",
    "_meta": {
        "powered_by": "ReqRes",
        "docs_url": "https://app.reqres.in/documentation",
        "upgrade_url": "https://app.reqres.in/upgrade",
        "example_url": "https://app.reqres.in/examples/notes-app",
        "variant": "v1_b",
        "message": "Need more than fake data? Projects give you real CRUD + auth in minutes.",
        "cta": {
            "label": "Get started",
            "url": "https://app.reqres.in/upgrade"
        },
        "context": "legacy_success"
    }
}
]]></system-out>
  </testcase>
  <testcase name="listUsers_shouldMatchUserListSchema" classname="tests.bai3.ReqresSchemaApiTest" time="0.432">
    <system-out><![CDATA[Request method:	GET
Request URI:	https://reqres.in/api/users?page=1
Proxy:			<none>
Request params:	<none>
Query params:	page=1
Form params:	<none>
Path params:	<none>
Headers:		Accept=application/json
				User-Agent=lab10-api-tests/1.0
				x-api-key=reqres_7e9abe50e2074205afe71a02e24762c3
				Content-Type=application/json
Cookies:		<none>
Multiparts:		<none>
Body:			<none>
HTTP/1.1 200 OK
Date: Tue, 24 Mar 2026 08:02:09 GMT
Content-Type: application/json; charset=utf-8
Transfer-Encoding: chunked
Connection: keep-alive
Access-Control-Allow-Origin: *
Cache-Control: no-store
Cross-Origin-Opener-Policy: same-origin
Cross-Origin-Resource-Policy: same-origin
Etag: W/"5ba-Hq89QHuVAhWKacAspICIv8xBR2w"
Nel: {"report_to":"heroku-nel","response_headers":["Via"],"max_age":3600,"success_fraction":0.01,"failure_fraction":0.1}
Origin-Agent-Cluster: ?1
Ratelimit-Limit: 20
Ratelimit-Policy: 20;w=60
Ratelimit-Remaining: 18
Ratelimit-Reset: 56
Referrer-Policy: strict-origin-when-cross-origin
Report-To: {"group":"heroku-nel","endpoints":[{"url":"https://nel.heroku.com/reports?s=AH4as5mdb172CwCfxqjV1s18%2FW0NXFlm6VKr8MiXtR0%3D\u0026sid=c4c9725f-1ab0-44d8-820f-430df2718e11\u0026ts=1774339329"}],"max_age":3600}
Reporting-Endpoints: heroku-nel="https://nel.heroku.com/reports?s=AH4as5mdb172CwCfxqjV1s18%2FW0NXFlm6VKr8MiXtR0%3D&sid=c4c9725f-1ab0-44d8-820f-430df2718e11&ts=1774339329"
Server: cloudflare
Strict-Transport-Security: max-age=31536000; includeSubDomains
Via: 1.1 heroku-router
X-Content-Type-Options: nosniff
X-Dns-Prefetch-Control: off
X-Download-Options: noopen
X-Frame-Options: DENY
X-Permitted-Cross-Domain-Policies: none
X-Powered-By: ReqRes.in - Deploy backends in 30 seconds
X-Ratelimit-Limit: 250
X-Ratelimit-Remaining: 160
X-Ratelimit-Reset: 1774396800
X-Reqres-Docs: https://reqres.in
X-Reqres-Message: This API is powered by ReqRes. Deploy your own backend in 30 seconds!
X-Reqres-Templates: https://app.reqres.in/templates
X-Reqres-Tip: Generate a complete backend from a description - app.reqres.in/dashboard
X-Reqres-Trial: true
X-Reqres-Trial-Days-Remaining: 14
X-Reqres-Trial-Expires: 2026-04-07T07:35:21.031Z
X-Reqres-Upgrade: https://app.reqres.in/upgrade
X-Request-Id: e792aeb6-8ea5-8d78-4f85-84639842e6d4
X-Robots-Tag: noindex, nofollow
X-Xss-Protection: 0
cf-cache-status: BYPASS
Content-Encoding: gzip
CF-RAY: 9e1426e99bd30965-HKG

{
    "page": 1,
    "per_page": 6,
    "total": 12,
    "total_pages": 2,
    "data": [
        {
            "id": 1,
            "email": "george.bluth@reqres.in",
            "first_name": "George",
            "last_name": "Bluth",
            "avatar": "https://reqres.in/img/faces/1-image.jpg"
        },
        {
            "id": 2,
            "email": "janet.weaver@reqres.in",
            "first_name": "Janet",
            "last_name": "Weaver",
            "avatar": "https://reqres.in/img/faces/2-image.jpg"
        },
        {
            "id": 3,
            "email": "emma.wong@reqres.in",
            "first_name": "Emma",
            "last_name": "Wong",
            "avatar": "https://reqres.in/img/faces/3-image.jpg"
        },
        {
            "id": 4,
            "email": "eve.holt@reqres.in",
            "first_name": "Eve",
            "last_name": "Holt",
            "avatar": "https://reqres.in/img/faces/4-image.jpg"
        },
        {
            "id": 5,
            "email": "charles.morris@reqres.in",
            "first_name": "Charles",
            "last_name": "Morris",
            "avatar": "https://reqres.in/img/faces/5-image.jpg"
        },
        {
            "id": 6,
            "email": "tracey.ramos@reqres.in",
            "first_name": "Tracey",
            "last_name": "Ramos",
            "avatar": "https://reqres.in/img/faces/6-image.jpg"
        }
    ],
    "support": {
        "url": "https://benhowdle.im/first-cto-playbook?utm_source=reqres&utm_medium=json&utm_campaign=referral",
        "text": "Become a better CTO. A playbook of painful stories and practical advice from a two-time startup CTO."
    },
    "_meta": {
        "powered_by": "ReqRes",
        "docs_url": "https://app.reqres.in/documentation",
        "upgrade_url": "https://app.reqres.in/upgrade",
        "example_url": "https://app.reqres.in/examples/notes-app",
        "variant": "v1_b",
        "message": "Need more than fake data? Projects give you real CRUD + auth in minutes.",
        "cta": {
            "label": "Get started",
            "url": "https://app.reqres.in/upgrade"
        },
        "context": "legacy_success"
    }
}
]]></system-out>
  </testcase>
  <testcase name="singleUser_shouldMatchUserSchema" classname="tests.bai3.ReqresSchemaApiTest" time="0.405">
    <system-out><![CDATA[Request method:	GET
Request URI:	https://reqres.in/api/users/2
Proxy:			<none>
Request params:	<none>
Query params:	<none>
Form params:	<none>
Path params:	<none>
Headers:		Accept=application/json
				User-Agent=lab10-api-tests/1.0
				x-api-key=reqres_7e9abe50e2074205afe71a02e24762c3
				Content-Type=application/json
Cookies:		<none>
Multiparts:		<none>
Body:			<none>
HTTP/1.1 200 OK
Date: Tue, 24 Mar 2026 08:02:10 GMT
Content-Type: application/json; charset=utf-8
Transfer-Encoding: chunked
Connection: keep-alive
Access-Control-Allow-Origin: *
Cache-Control: no-store
Cross-Origin-Opener-Policy: same-origin
Cross-Origin-Resource-Policy: same-origin
Etag: W/"2ee-Zr5oqRGXSANrBizT/MNHCB44AuQ"
Nel: {"report_to":"heroku-nel","response_headers":["Via"],"max_age":3600,"success_fraction":0.01,"failure_fraction":0.1}
Origin-Agent-Cluster: ?1
Ratelimit-Limit: 20
Ratelimit-Policy: 20;w=60
Ratelimit-Remaining: 18
Ratelimit-Reset: 59
Referrer-Policy: strict-origin-when-cross-origin
Report-To: {"group":"heroku-nel","endpoints":[{"url":"https://nel.heroku.com/reports?s=TUCqW3J2fYr25dROV2fEZQsSsxXGlNfkgqmaXaecT%2BQ%3D\u0026sid=c4c9725f-1ab0-44d8-820f-430df2718e11\u0026ts=1774339330"}],"max_age":3600}
Reporting-Endpoints: heroku-nel="https://nel.heroku.com/reports?s=TUCqW3J2fYr25dROV2fEZQsSsxXGlNfkgqmaXaecT%2BQ%3D&sid=c4c9725f-1ab0-44d8-820f-430df2718e11&ts=1774339330"
Server: cloudflare
Strict-Transport-Security: max-age=31536000; includeSubDomains
Via: 1.1 heroku-router
X-Content-Type-Options: nosniff
X-Dns-Prefetch-Control: off
X-Download-Options: noopen
X-Frame-Options: DENY
X-Permitted-Cross-Domain-Policies: none
X-Powered-By: ReqRes.in - Deploy backends in 30 seconds
X-Ratelimit-Limit: 250
X-Ratelimit-Remaining: 159
X-Ratelimit-Reset: 1774396800
X-Reqres-Docs: https://reqres.in
X-Reqres-Message: This API is powered by ReqRes. Deploy your own backend in 30 seconds!
X-Reqres-Templates: https://app.reqres.in/templates
X-Reqres-Tip: Test against your own data, not fixtures - app.reqres.in/dashboard
X-Reqres-Trial: true
X-Reqres-Trial-Days-Remaining: 14
X-Reqres-Trial-Expires: 2026-04-07T07:35:21.031Z
X-Reqres-Upgrade: https://app.reqres.in/upgrade
X-Request-Id: 66e0e848-9f1f-9732-14e8-5f183d9d0f3d
X-Robots-Tag: noindex, nofollow
X-Xss-Protection: 0
cf-cache-status: BYPASS
Content-Encoding: gzip
CF-RAY: 9e1426ec3be504e5-HKG

{
    "data": {
        "id": 2,
        "email": "janet.weaver@reqres.in",
        "first_name": "Janet",
        "last_name": "Weaver",
        "avatar": "https://reqres.in/img/faces/2-image.jpg"
    },
    "support": {
        "url": "https://benhowdle.im/first-cto-playbook?utm_source=reqres&utm_medium=json&utm_campaign=referral",
        "text": "Become a better CTO. A playbook of painful stories and practical advice from a two-time startup CTO."
    },
    "_meta": {
        "powered_by": "ReqRes",
        "docs_url": "https://app.reqres.in/documentation",
        "upgrade_url": "https://app.reqres.in/upgrade",
        "example_url": "https://app.reqres.in/examples/notes-app",
        "variant": "v1_b",
        "message": "Need more than fake data? Projects give you real CRUD + auth in minutes.",
        "cta": {
            "label": "Get started",
            "url": "https://app.reqres.in/upgrade"
        },
        "context": "legacy_success"
    }
}
]]></system-out>
  </testcase>
  <testcase name="loginScenarios_shouldBehaveAsExpected[eve.holt@reqres.in, pistol, 200, null](1)" classname="tests.bai4.ReqresAuthorizationApiTest" time="0.424">
    <system-out><![CDATA[Request method:	POST
Request URI:	https://reqres.in/api/login
Proxy:			<none>
Request params:	<none>
Query params:	<none>
Form params:	<none>
Path params:	<none>
Headers:		Accept=application/json
				User-Agent=lab10-api-tests/1.0
				x-api-key=reqres_7e9abe50e2074205afe71a02e24762c3
				Content-Type=application/json
Cookies:		<none>
Multiparts:		<none>
Body:
{
    "email": "eve.holt@reqres.in",
    "password": "pistol"
}
HTTP/1.1 200 OK
Date: Tue, 24 Mar 2026 08:02:10 GMT
Content-Type: application/json; charset=utf-8
Transfer-Encoding: chunked
Connection: keep-alive
Access-Control-Allow-Origin: *
Cache-Control: no-store
Cross-Origin-Opener-Policy: same-origin
Cross-Origin-Resource-Policy: same-origin
Etag: W/"19a-SdwilsGwcTwLVDJHg//ZVaLP1k8"
Nel: {"report_to":"heroku-nel","response_headers":["Via"],"max_age":3600,"success_fraction":0.01,"failure_fraction":0.1}
Origin-Agent-Cluster: ?1
Referrer-Policy: strict-origin-when-cross-origin
Report-To: {"group":"heroku-nel","endpoints":[{"url":"https://nel.heroku.com/reports?s=TUCqW3J2fYr25dROV2fEZQsSsxXGlNfkgqmaXaecT%2BQ%3D\u0026sid=c4c9725f-1ab0-44d8-820f-430df2718e11\u0026ts=1774339330"}],"max_age":3600}
Reporting-Endpoints: heroku-nel="https://nel.heroku.com/reports?s=TUCqW3J2fYr25dROV2fEZQsSsxXGlNfkgqmaXaecT%2BQ%3D&sid=c4c9725f-1ab0-44d8-820f-430df2718e11&ts=1774339330"
Server: cloudflare
Strict-Transport-Security: max-age=31536000; includeSubDomains
Via: 1.1 heroku-router
X-Content-Type-Options: nosniff
X-Dns-Prefetch-Control: off
X-Download-Options: noopen
X-Frame-Options: DENY
X-Permitted-Cross-Domain-Policies: none
X-Powered-By: ReqRes.in - Deploy backends in 30 seconds
X-Ratelimit-Limit: 250
X-Ratelimit-Remaining: 158
X-Ratelimit-Reset: 1774396800
X-Reqres-Docs: https://reqres.in
X-Reqres-Message: This API is powered by ReqRes. Deploy your own backend in 30 seconds!
X-Reqres-Templates: https://app.reqres.in/templates
X-Reqres-Tip: Generate a complete backend from a description - app.reqres.in/dashboard
X-Reqres-Trial: true
X-Reqres-Trial-Days-Remaining: 14
X-Reqres-Trial-Expires: 2026-04-07T07:35:21.031Z
X-Reqres-Upgrade: https://app.reqres.in/upgrade
X-Request-Id: 4a1278a2-2c81-d125-647b-bd278204a67e
X-Robots-Tag: noindex, nofollow
X-Xss-Protection: 0
cf-cache-status: DYNAMIC
Content-Encoding: gzip
CF-RAY: 9e1426eeff8dc3e8-HKG

{
    "token": "QpwL5tke4Pnpja7X4",
    "_meta": {
        "powered_by": "ReqRes",
        "docs_url": "https://app.reqres.in/documentation",
        "upgrade_url": "https://app.reqres.in/upgrade",
        "example_url": "https://app.reqres.in/examples/notes-app",
        "variant": "v1_b",
        "message": "Need more than fake data? Projects give you real CRUD + auth in minutes.",
        "cta": {
            "label": "Get started",
            "url": "https://app.reqres.in/upgrade"
        },
        "context": "legacy_success"
    }
}
]]></system-out>
  </testcase>
  <testcase name="loginScenarios_shouldBehaveAsExpected[eve.holt@reqres.in, null, 400, Missing password](2)" classname="tests.bai4.ReqresAuthorizationApiTest" time="0.729">
    <system-out><![CDATA[Request method:	POST
Request URI:	https://reqres.in/api/login
Proxy:			<none>
Request params:	<none>
Query params:	<none>
Form params:	<none>
Path params:	<none>
Headers:		Accept=application/json
				User-Agent=lab10-api-tests/1.0
				x-api-key=reqres_7e9abe50e2074205afe71a02e24762c3
				Content-Type=application/json
Cookies:		<none>
Multiparts:		<none>
Body:
{
    "email": "eve.holt@reqres.in"
}
HTTP/1.1 400 Bad Request
Date: Tue, 24 Mar 2026 08:02:11 GMT
Content-Type: application/json; charset=utf-8
Content-Length: 28
Connection: keep-alive
Access-Control-Allow-Origin: *
Cache-Control: no-store
Cross-Origin-Opener-Policy: same-origin
Cross-Origin-Resource-Policy: same-origin
Etag: W/"1c-NmpazMScs9tOqR7eDEesn+pqC9Q"
Nel: {"report_to":"heroku-nel","response_headers":["Via"],"max_age":3600,"success_fraction":0.01,"failure_fraction":0.1}
Origin-Agent-Cluster: ?1
Referrer-Policy: strict-origin-when-cross-origin
Report-To: {"group":"heroku-nel","endpoints":[{"url":"https://nel.heroku.com/reports?s=%2B1qxzbrI63lEWOZi2HGEYs8j4bWCU5IiCGtTKyeJ5wA%3D\u0026sid=c4c9725f-1ab0-44d8-820f-430df2718e11\u0026ts=1774339331"}],"max_age":3600}
Reporting-Endpoints: heroku-nel="https://nel.heroku.com/reports?s=%2B1qxzbrI63lEWOZi2HGEYs8j4bWCU5IiCGtTKyeJ5wA%3D&sid=c4c9725f-1ab0-44d8-820f-430df2718e11&ts=1774339331"
Server: cloudflare
Strict-Transport-Security: max-age=31536000; includeSubDomains
Via: 1.1 heroku-router
X-Content-Type-Options: nosniff
X-Dns-Prefetch-Control: off
X-Download-Options: noopen
X-Frame-Options: DENY
X-Permitted-Cross-Domain-Policies: none
X-Powered-By: ReqRes.in - Deploy backends in 30 seconds
X-Ratelimit-Limit: 250
X-Ratelimit-Remaining: 157
X-Ratelimit-Reset: 1774396800
X-Reqres-Docs: https://reqres.in
X-Reqres-Message: This API is powered by ReqRes. Deploy your own backend in 30 seconds!
X-Reqres-Templates: https://app.reqres.in/templates
X-Reqres-Tip: Add real user auth to your app with magic codes - reqres.in/docs
X-Reqres-Trial: true
X-Reqres-Trial-Days-Remaining: 14
X-Reqres-Trial-Expires: 2026-04-07T07:35:21.031Z
X-Reqres-Upgrade: https://app.reqres.in/upgrade
X-Request-Id: 8ddbf93c-e118-db55-295f-0ebb45db1057
X-Robots-Tag: noindex, nofollow
X-Xss-Protection: 0
cf-cache-status: DYNAMIC
CF-RAY: 9e1426f1b929ddfb-HKG

{
    "error": "Missing password"
}
]]></system-out>
  </testcase>
  <testcase name="loginScenarios_shouldBehaveAsExpected[null, pistol, 400, Missing email or username](3)" classname="tests.bai4.ReqresAuthorizationApiTest" time="0.406">
    <system-out><![CDATA[Request method:	POST
Request URI:	https://reqres.in/api/login
Proxy:			<none>
Request params:	<none>
Query params:	<none>
Form params:	<none>
Path params:	<none>
Headers:		Accept=application/json
				User-Agent=lab10-api-tests/1.0
				x-api-key=reqres_7e9abe50e2074205afe71a02e24762c3
				Content-Type=application/json
Cookies:		<none>
Multiparts:		<none>
Body:
{
    "password": "pistol"
}
HTTP/1.1 400 Bad Request
Date: Tue, 24 Mar 2026 08:02:11 GMT
Content-Type: application/json; charset=utf-8
Content-Length: 37
Connection: keep-alive
Access-Control-Allow-Origin: *
Cache-Control: no-store
Cross-Origin-Opener-Policy: same-origin
Cross-Origin-Resource-Policy: same-origin
Etag: W/"25-Ik70kof1lbc973ShN5FoVPxYn7A"
Nel: {"report_to":"heroku-nel","response_headers":["Via"],"max_age":3600,"success_fraction":0.01,"failure_fraction":0.1}
Origin-Agent-Cluster: ?1
Referrer-Policy: strict-origin-when-cross-origin
Report-To: {"group":"heroku-nel","endpoints":[{"url":"https://nel.heroku.com/reports?s=%2B1qxzbrI63lEWOZi2HGEYs8j4bWCU5IiCGtTKyeJ5wA%3D\u0026sid=c4c9725f-1ab0-44d8-820f-430df2718e11\u0026ts=1774339331"}],"max_age":3600}
Reporting-Endpoints: heroku-nel="https://nel.heroku.com/reports?s=%2B1qxzbrI63lEWOZi2HGEYs8j4bWCU5IiCGtTKyeJ5wA%3D&sid=c4c9725f-1ab0-44d8-820f-430df2718e11&ts=1774339331"
Server: cloudflare
Strict-Transport-Security: max-age=31536000; includeSubDomains
Via: 1.1 heroku-router
X-Content-Type-Options: nosniff
X-Dns-Prefetch-Control: off
X-Download-Options: noopen
X-Frame-Options: DENY
X-Permitted-Cross-Domain-Policies: none
X-Powered-By: ReqRes.in - Deploy backends in 30 seconds
X-Ratelimit-Limit: 250
X-Ratelimit-Remaining: 156
X-Ratelimit-Reset: 1774396800
X-Reqres-Docs: https://reqres.in
X-Reqres-Message: This API is powered by ReqRes. Deploy your own backend in 30 seconds!
X-Reqres-Templates: https://app.reqres.in/templates
X-Reqres-Tip: Generate a complete backend from a description - app.reqres.in/dashboard
X-Reqres-Trial: true
X-Reqres-Trial-Days-Remaining: 14
X-Reqres-Trial-Expires: 2026-04-07T07:35:21.031Z
X-Reqres-Upgrade: https://app.reqres.in/upgrade
X-Request-Id: bbef0d0f-77ba-c9cb-c4db-ecf80066e3bc
X-Robots-Tag: noindex, nofollow
X-Xss-Protection: 0
cf-cache-status: DYNAMIC
CF-RAY: 9e1426f60e075ea6-HKG

{
    "error": "Missing email or username"
}
]]></system-out>
  </testcase>
  <testcase name="loginScenarios_shouldBehaveAsExpected[notexist@reqres.in, wrongpass, 400, user not found](4)" classname="tests.bai4.ReqresAuthorizationApiTest" time="0.397">
    <system-out><![CDATA[Request method:	POST
Request URI:	https://reqres.in/api/login
Proxy:			<none>
Request params:	<none>
Query params:	<none>
Form params:	<none>
Path params:	<none>
Headers:		Accept=application/json
				User-Agent=lab10-api-tests/1.0
				x-api-key=reqres_7e9abe50e2074205afe71a02e24762c3
				Content-Type=application/json
Cookies:		<none>
Multiparts:		<none>
Body:
{
    "email": "notexist@reqres.in",
    "password": "wrongpass"
}
HTTP/1.1 400 Bad Request
Date: Tue, 24 Mar 2026 08:02:12 GMT
Content-Type: application/json; charset=utf-8
Content-Length: 26
Connection: keep-alive
Access-Control-Allow-Origin: *
Cache-Control: no-store
Cross-Origin-Opener-Policy: same-origin
Cross-Origin-Resource-Policy: same-origin
Etag: W/"1a-EGIcyP6BIiCXl5Gb1aph5CGf4VQ"
Nel: {"report_to":"heroku-nel","response_headers":["Via"],"max_age":3600,"success_fraction":0.01,"failure_fraction":0.1}
Origin-Agent-Cluster: ?1
Referrer-Policy: strict-origin-when-cross-origin
Report-To: {"group":"heroku-nel","endpoints":[{"url":"https://nel.heroku.com/reports?s=H1e0UpVGNxLvZULvIAK7zdJdVQtywqz4ixkVdCXAld0%3D\u0026sid=c4c9725f-1ab0-44d8-820f-430df2718e11\u0026ts=1774339332"}],"max_age":3600}
Reporting-Endpoints: heroku-nel="https://nel.heroku.com/reports?s=H1e0UpVGNxLvZULvIAK7zdJdVQtywqz4ixkVdCXAld0%3D&sid=c4c9725f-1ab0-44d8-820f-430df2718e11&ts=1774339332"
Server: cloudflare
Strict-Transport-Security: max-age=31536000; includeSubDomains
Via: 1.1 heroku-router
X-Content-Type-Options: nosniff
X-Dns-Prefetch-Control: off
X-Download-Options: noopen
X-Frame-Options: DENY
X-Permitted-Cross-Domain-Policies: none
X-Powered-By: ReqRes.in - Deploy backends in 30 seconds
X-Ratelimit-Limit: 250
X-Ratelimit-Remaining: 155
X-Ratelimit-Reset: 1774396800
X-Reqres-Docs: https://reqres.in
X-Reqres-Message: This API is powered by ReqRes. Deploy your own backend in 30 seconds!
X-Reqres-Templates: https://app.reqres.in/templates
X-Reqres-Tip: Test against your own data, not fixtures - app.reqres.in/dashboard
X-Reqres-Trial: true
X-Reqres-Trial-Days-Remaining: 14
X-Reqres-Trial-Expires: 2026-04-07T07:35:21.031Z
X-Reqres-Upgrade: https://app.reqres.in/upgrade
X-Request-Id: 29e05f52-568c-61fc-86c6-741d903dc36a
X-Robots-Tag: noindex, nofollow
X-Xss-Protection: 0
cf-cache-status: DYNAMIC
CF-RAY: 9e1426f87ba4050e-HKG

{
    "error": "user not found"
}
]]></system-out>
  </testcase>
  <testcase name="loginScenarios_shouldBehaveAsExpected[invalid-email, pass123, 400, user not found](5)" classname="tests.bai4.ReqresAuthorizationApiTest" time="0.392">
    <system-out><![CDATA[Request method:	POST
Request URI:	https://reqres.in/api/login
Proxy:			<none>
Request params:	<none>
Query params:	<none>
Form params:	<none>
Path params:	<none>
Headers:		Accept=application/json
				User-Agent=lab10-api-tests/1.0
				x-api-key=reqres_7e9abe50e2074205afe71a02e24762c3
				Content-Type=application/json
Cookies:		<none>
Multiparts:		<none>
Body:
{
    "email": "invalid-email",
    "password": "pass123"
}
HTTP/1.1 400 Bad Request
Date: Tue, 24 Mar 2026 08:02:12 GMT
Content-Type: application/json; charset=utf-8
Content-Length: 26
Connection: keep-alive
Access-Control-Allow-Origin: *
Cache-Control: no-store
Cross-Origin-Opener-Policy: same-origin
Cross-Origin-Resource-Policy: same-origin
Etag: W/"1a-EGIcyP6BIiCXl5Gb1aph5CGf4VQ"
Nel: {"report_to":"heroku-nel","response_headers":["Via"],"max_age":3600,"success_fraction":0.01,"failure_fraction":0.1}
Origin-Agent-Cluster: ?1
Referrer-Policy: strict-origin-when-cross-origin
Report-To: {"group":"heroku-nel","endpoints":[{"url":"https://nel.heroku.com/reports?s=H1e0UpVGNxLvZULvIAK7zdJdVQtywqz4ixkVdCXAld0%3D\u0026sid=c4c9725f-1ab0-44d8-820f-430df2718e11\u0026ts=1774339332"}],"max_age":3600}
Reporting-Endpoints: heroku-nel="https://nel.heroku.com/reports?s=H1e0UpVGNxLvZULvIAK7zdJdVQtywqz4ixkVdCXAld0%3D&sid=c4c9725f-1ab0-44d8-820f-430df2718e11&ts=1774339332"
Server: cloudflare
Strict-Transport-Security: max-age=31536000; includeSubDomains
Via: 1.1 heroku-router
X-Content-Type-Options: nosniff
X-Dns-Prefetch-Control: off
X-Download-Options: noopen
X-Frame-Options: DENY
X-Permitted-Cross-Domain-Policies: none
X-Powered-By: ReqRes.in - Deploy backends in 30 seconds
X-Ratelimit-Limit: 250
X-Ratelimit-Remaining: 154
X-Ratelimit-Reset: 1774396800
X-Reqres-Docs: https://reqres.in
X-Reqres-Message: This API is powered by ReqRes. Deploy your own backend in 30 seconds!
X-Reqres-Templates: https://app.reqres.in/templates
X-Reqres-Tip: Test against your own data, not fixtures - app.reqres.in/dashboard
X-Reqres-Trial: true
X-Reqres-Trial-Days-Remaining: 14
X-Reqres-Trial-Expires: 2026-04-07T07:35:21.031Z
X-Reqres-Upgrade: https://app.reqres.in/upgrade
X-Request-Id: 6d4903e6-5a96-3956-0467-eb667730cdc4
X-Robots-Tag: noindex, nofollow
X-Xss-Protection: 0
cf-cache-status: DYNAMIC
CF-RAY: 9e1426fafd6c21a6-HKG

{
    "error": "user not found"
}
]]></system-out>
  </testcase>
  <testcase name="loginWithoutEmail_shouldReturn400" classname="tests.bai4.ReqresAuthorizationApiTest" time="0.645">
    <system-out><![CDATA[Request method:	POST
Request URI:	https://reqres.in/api/login
Proxy:			<none>
Request params:	<none>
Query params:	<none>
Form params:	<none>
Path params:	<none>
Headers:		Accept=application/json
				User-Agent=lab10-api-tests/1.0
				x-api-key=reqres_7e9abe50e2074205afe71a02e24762c3
				Content-Type=application/json
Cookies:		<none>
Multiparts:		<none>
Body:
{
    "password": "pistol"
}
HTTP/1.1 400 Bad Request
Date: Tue, 24 Mar 2026 08:02:13 GMT
Content-Type: application/json; charset=utf-8
Content-Length: 37
Connection: keep-alive
Access-Control-Allow-Origin: *
Cache-Control: no-store
Cross-Origin-Opener-Policy: same-origin
Cross-Origin-Resource-Policy: same-origin
Etag: W/"25-Ik70kof1lbc973ShN5FoVPxYn7A"
Nel: {"report_to":"heroku-nel","response_headers":["Via"],"max_age":3600,"success_fraction":0.01,"failure_fraction":0.1}
Origin-Agent-Cluster: ?1
Referrer-Policy: strict-origin-when-cross-origin
Report-To: {"group":"heroku-nel","endpoints":[{"url":"https://nel.heroku.com/reports?s=q2qx7AEl%2FXdLBKlNn3cPU81jwM6F3un8Ztl1qAILLpA%3D\u0026sid=c4c9725f-1ab0-44d8-820f-430df2718e11\u0026ts=1774339333"}],"max_age":3600}
Reporting-Endpoints: heroku-nel="https://nel.heroku.com/reports?s=q2qx7AEl%2FXdLBKlNn3cPU81jwM6F3un8Ztl1qAILLpA%3D&sid=c4c9725f-1ab0-44d8-820f-430df2718e11&ts=1774339333"
Server: cloudflare
Strict-Transport-Security: max-age=31536000; includeSubDomains
Via: 1.1 heroku-router
X-Content-Type-Options: nosniff
X-Dns-Prefetch-Control: off
X-Download-Options: noopen
X-Frame-Options: DENY
X-Permitted-Cross-Domain-Policies: none
X-Powered-By: ReqRes.in - Deploy backends in 30 seconds
X-Ratelimit-Limit: 250
X-Ratelimit-Remaining: 153
X-Ratelimit-Reset: 1774396800
X-Reqres-Docs: https://reqres.in
X-Reqres-Message: This API is powered by ReqRes. Deploy your own backend in 30 seconds!
X-Reqres-Templates: https://app.reqres.in/templates
X-Reqres-Tip: Add real user auth to your app with magic codes - reqres.in/docs
X-Reqres-Trial: true
X-Reqres-Trial-Days-Remaining: 14
X-Reqres-Trial-Expires: 2026-04-07T07:35:21.031Z
X-Reqres-Upgrade: https://app.reqres.in/upgrade
X-Request-Id: 682051e1-ea43-c0ac-5358-a0ceec9d7c23
X-Robots-Tag: noindex, nofollow
X-Xss-Protection: 0
cf-cache-status: DYNAMIC
CF-RAY: 9e1426fd6e0e06ff-HKG

{
    "error": "Missing email or username"
}
]]></system-out>
  </testcase>
  <testcase name="loginWithoutPassword_shouldReturn400" classname="tests.bai4.ReqresAuthorizationApiTest" time="0.642">
    <system-out><![CDATA[Request method:	POST
Request URI:	https://reqres.in/api/login
Proxy:			<none>
Request params:	<none>
Query params:	<none>
Form params:	<none>
Path params:	<none>
Headers:		Accept=application/json
				User-Agent=lab10-api-tests/1.0
				x-api-key=reqres_7e9abe50e2074205afe71a02e24762c3
				Content-Type=application/json
Cookies:		<none>
Multiparts:		<none>
Body:
{
    "email": "eve.holt@reqres.in"
}
HTTP/1.1 400 Bad Request
Date: Tue, 24 Mar 2026 08:02:13 GMT
Content-Type: application/json; charset=utf-8
Content-Length: 28
Connection: keep-alive
Access-Control-Allow-Origin: *
Cache-Control: no-store
Cross-Origin-Opener-Policy: same-origin
Cross-Origin-Resource-Policy: same-origin
Etag: W/"1c-NmpazMScs9tOqR7eDEesn+pqC9Q"
Nel: {"report_to":"heroku-nel","response_headers":["Via"],"max_age":3600,"success_fraction":0.01,"failure_fraction":0.1}
Origin-Agent-Cluster: ?1
Referrer-Policy: strict-origin-when-cross-origin
Report-To: {"group":"heroku-nel","endpoints":[{"url":"https://nel.heroku.com/reports?s=q2qx7AEl%2FXdLBKlNn3cPU81jwM6F3un8Ztl1qAILLpA%3D\u0026sid=c4c9725f-1ab0-44d8-820f-430df2718e11\u0026ts=1774339333"}],"max_age":3600}
Reporting-Endpoints: heroku-nel="https://nel.heroku.com/reports?s=q2qx7AEl%2FXdLBKlNn3cPU81jwM6F3un8Ztl1qAILLpA%3D&sid=c4c9725f-1ab0-44d8-820f-430df2718e11&ts=1774339333"
Server: cloudflare
Strict-Transport-Security: max-age=31536000; includeSubDomains
Via: 1.1 heroku-router
X-Content-Type-Options: nosniff
X-Dns-Prefetch-Control: off
X-Download-Options: noopen
X-Frame-Options: DENY
X-Permitted-Cross-Domain-Policies: none
X-Powered-By: ReqRes.in - Deploy backends in 30 seconds
X-Ratelimit-Limit: 250
X-Ratelimit-Remaining: 152
X-Ratelimit-Reset: 1774396800
X-Reqres-Docs: https://reqres.in
X-Reqres-Message: This API is powered by ReqRes. Deploy your own backend in 30 seconds!
X-Reqres-Templates: https://app.reqres.in/templates
X-Reqres-Tip: Test against your own data, not fixtures - app.reqres.in/dashboard
X-Reqres-Trial: true
X-Reqres-Trial-Days-Remaining: 14
X-Reqres-Trial-Expires: 2026-04-07T07:35:21.031Z
X-Reqres-Upgrade: https://app.reqres.in/upgrade
X-Request-Id: 13d9b557-db62-6234-cf53-fea179f85fcf
X-Robots-Tag: noindex, nofollow
X-Xss-Protection: 0
cf-cache-status: DYNAMIC
CF-RAY: 9e1427017d2985e6-HKG

{
    "error": "Missing password"
}
]]></system-out>
  </testcase>
  <testcase name="login_shouldReturnTokenForValidCredential" classname="tests.bai4.ReqresAuthorizationApiTest" time="0.643">
    <system-out><![CDATA[Request method:	POST
Request URI:	https://reqres.in/api/login
Proxy:			<none>
Request params:	<none>
Query params:	<none>
Form params:	<none>
Path params:	<none>
Headers:		Accept=application/json
				User-Agent=lab10-api-tests/1.0
				x-api-key=reqres_7e9abe50e2074205afe71a02e24762c3
				Content-Type=application/json
Cookies:		<none>
Multiparts:		<none>
Body:
{
    "email": "eve.holt@reqres.in",
    "password": "pistol"
}
HTTP/1.1 200 OK
Date: Tue, 24 Mar 2026 08:02:14 GMT
Content-Type: application/json; charset=utf-8
Transfer-Encoding: chunked
Connection: keep-alive
Access-Control-Allow-Origin: *
Cache-Control: no-store
Cross-Origin-Opener-Policy: same-origin
Cross-Origin-Resource-Policy: same-origin
Etag: W/"19a-SdwilsGwcTwLVDJHg//ZVaLP1k8"
Nel: {"report_to":"heroku-nel","response_headers":["Via"],"max_age":3600,"success_fraction":0.01,"failure_fraction":0.1}
Origin-Agent-Cluster: ?1
Referrer-Policy: strict-origin-when-cross-origin
Report-To: {"group":"heroku-nel","endpoints":[{"url":"https://nel.heroku.com/reports?s=nq5yBqIV4ICLj4hY5plx3sN7nb1JZntJLIIwAfpMO8Q%3D\u0026sid=c4c9725f-1ab0-44d8-820f-430df2718e11\u0026ts=1774339334"}],"max_age":3600}
Reporting-Endpoints: heroku-nel="https://nel.heroku.com/reports?s=nq5yBqIV4ICLj4hY5plx3sN7nb1JZntJLIIwAfpMO8Q%3D&sid=c4c9725f-1ab0-44d8-820f-430df2718e11&ts=1774339334"
Server: cloudflare
Strict-Transport-Security: max-age=31536000; includeSubDomains
Via: 1.1 heroku-router
X-Content-Type-Options: nosniff
X-Dns-Prefetch-Control: off
X-Download-Options: noopen
X-Frame-Options: DENY
X-Permitted-Cross-Domain-Policies: none
X-Powered-By: ReqRes.in - Deploy backends in 30 seconds
X-Ratelimit-Limit: 250
X-Ratelimit-Remaining: 151
X-Ratelimit-Reset: 1774396800
X-Reqres-Docs: https://reqres.in
X-Reqres-Message: This API is powered by ReqRes. Deploy your own backend in 30 seconds!
X-Reqres-Templates: https://app.reqres.in/templates
X-Reqres-Tip: Add real user auth to your app with magic codes - reqres.in/docs
X-Reqres-Trial: true
X-Reqres-Trial-Days-Remaining: 14
X-Reqres-Trial-Expires: 2026-04-07T07:35:21.031Z
X-Reqres-Upgrade: https://app.reqres.in/upgrade
X-Request-Id: 1dfcec1b-76cc-5ee5-c636-be6b69baadf6
X-Robots-Tag: noindex, nofollow
X-Xss-Protection: 0
cf-cache-status: DYNAMIC
Content-Encoding: gzip
CF-RAY: 9e14270579f5e5d4-HKG

{
    "token": "QpwL5tke4Pnpja7X4",
    "_meta": {
        "powered_by": "ReqRes",
        "docs_url": "https://app.reqres.in/documentation",
        "upgrade_url": "https://app.reqres.in/upgrade",
        "example_url": "https://app.reqres.in/examples/notes-app",
        "variant": "v1_b",
        "message": "Need more than fake data? Projects give you real CRUD + auth in minutes.",
        "cta": {
            "label": "Get started",
            "url": "https://app.reqres.in/upgrade"
        },
        "context": "legacy_success"
    }
}
]]></system-out>
  </testcase>
  <testcase name="registerWithoutPassword_shouldReturn400" classname="tests.bai4.ReqresAuthorizationApiTest" time="0.386">
    <system-out><![CDATA[Request method:	POST
Request URI:	https://reqres.in/api/register
Proxy:			<none>
Request params:	<none>
Query params:	<none>
Form params:	<none>
Path params:	<none>
Headers:		Accept=application/json
				User-Agent=lab10-api-tests/1.0
				x-api-key=reqres_7e9abe50e2074205afe71a02e24762c3
				Content-Type=application/json
Cookies:		<none>
Multiparts:		<none>
Body:
{
    "email": "eve.holt@reqres.in"
}
HTTP/1.1 400 Bad Request
Date: Tue, 24 Mar 2026 08:02:14 GMT
Content-Type: application/json; charset=utf-8
Content-Length: 28
Connection: keep-alive
Access-Control-Allow-Origin: *
Cache-Control: no-store
Cross-Origin-Opener-Policy: same-origin
Cross-Origin-Resource-Policy: same-origin
Etag: W/"1c-NmpazMScs9tOqR7eDEesn+pqC9Q"
Nel: {"report_to":"heroku-nel","response_headers":["Via"],"max_age":3600,"success_fraction":0.01,"failure_fraction":0.1}
Origin-Agent-Cluster: ?1
Referrer-Policy: strict-origin-when-cross-origin
Report-To: {"group":"heroku-nel","endpoints":[{"url":"https://nel.heroku.com/reports?s=nq5yBqIV4ICLj4hY5plx3sN7nb1JZntJLIIwAfpMO8Q%3D\u0026sid=c4c9725f-1ab0-44d8-820f-430df2718e11\u0026ts=1774339334"}],"max_age":3600}
Reporting-Endpoints: heroku-nel="https://nel.heroku.com/reports?s=nq5yBqIV4ICLj4hY5plx3sN7nb1JZntJLIIwAfpMO8Q%3D&sid=c4c9725f-1ab0-44d8-820f-430df2718e11&ts=1774339334"
Server: cloudflare
Strict-Transport-Security: max-age=31536000; includeSubDomains
Via: 1.1 heroku-router
X-Content-Type-Options: nosniff
X-Dns-Prefetch-Control: off
X-Download-Options: noopen
X-Frame-Options: DENY
X-Permitted-Cross-Domain-Policies: none
X-Powered-By: ReqRes.in - Deploy backends in 30 seconds
X-Ratelimit-Limit: 250
X-Ratelimit-Remaining: 150
X-Ratelimit-Reset: 1774396800
X-Reqres-Docs: https://reqres.in
X-Reqres-Message: This API is powered by ReqRes. Deploy your own backend in 30 seconds!
X-Reqres-Templates: https://app.reqres.in/templates
X-Reqres-Tip: Create your own API with custom data - app.reqres.in/dashboard
X-Reqres-Trial: true
X-Reqres-Trial-Days-Remaining: 14
X-Reqres-Trial-Expires: 2026-04-07T07:35:21.031Z
X-Reqres-Upgrade: https://app.reqres.in/upgrade
X-Request-Id: 0350d495-1e3c-8d21-25f9-106d6e7b4a2e
X-Robots-Tag: noindex, nofollow
X-Xss-Protection: 0
cf-cache-status: DYNAMIC
CF-RAY: 9e1427097a239354-HKG

{
    "error": "Missing password"
}
]]></system-out>
  </testcase>
  <testcase name="register_shouldReturnIdAndToken" classname="tests.bai4.ReqresAuthorizationApiTest" time="0.385">
    <system-out><![CDATA[Request method:	POST
Request URI:	https://reqres.in/api/register
Proxy:			<none>
Request params:	<none>
Query params:	<none>
Form params:	<none>
Path params:	<none>
Headers:		Accept=application/json
				User-Agent=lab10-api-tests/1.0
				x-api-key=reqres_7e9abe50e2074205afe71a02e24762c3
				Content-Type=application/json
Cookies:		<none>
Multiparts:		<none>
Body:
{
    "email": "eve.holt@reqres.in",
    "password": "pistol"
}
HTTP/1.1 200 OK
Date: Tue, 24 Mar 2026 08:02:15 GMT
Content-Type: application/json; charset=utf-8
Transfer-Encoding: chunked
Connection: keep-alive
Access-Control-Allow-Origin: *
Cache-Control: no-store
Cross-Origin-Opener-Policy: same-origin
Cross-Origin-Resource-Policy: same-origin
Etag: W/"1a1-ciJq0HjuW+c7C24d0K6SWRY/H/c"
Nel: {"report_to":"heroku-nel","response_headers":["Via"],"max_age":3600,"success_fraction":0.01,"failure_fraction":0.1}
Origin-Agent-Cluster: ?1
Referrer-Policy: strict-origin-when-cross-origin
Report-To: {"group":"heroku-nel","endpoints":[{"url":"https://nel.heroku.com/reports?s=FlFdo%2BPImmESfQk485cKpJLGaS3Arb6%2Bz9vUjf5w4As%3D\u0026sid=c4c9725f-1ab0-44d8-820f-430df2718e11\u0026ts=1774339335"}],"max_age":3600}
Reporting-Endpoints: heroku-nel="https://nel.heroku.com/reports?s=FlFdo%2BPImmESfQk485cKpJLGaS3Arb6%2Bz9vUjf5w4As%3D&sid=c4c9725f-1ab0-44d8-820f-430df2718e11&ts=1774339335"
Server: cloudflare
Strict-Transport-Security: max-age=31536000; includeSubDomains
Via: 1.1 heroku-router
X-Content-Type-Options: nosniff
X-Dns-Prefetch-Control: off
X-Download-Options: noopen
X-Frame-Options: DENY
X-Permitted-Cross-Domain-Policies: none
X-Powered-By: ReqRes.in - Deploy backends in 30 seconds
X-Ratelimit-Limit: 250
X-Ratelimit-Remaining: 149
X-Ratelimit-Reset: 1774396800
X-Reqres-Docs: https://reqres.in
X-Reqres-Message: This API is powered by ReqRes. Deploy your own backend in 30 seconds!
X-Reqres-Templates: https://app.reqres.in/templates
X-Reqres-Tip: Add real user auth to your app with magic codes - reqres.in/docs
X-Reqres-Trial: true
X-Reqres-Trial-Days-Remaining: 14
X-Reqres-Trial-Expires: 2026-04-07T07:35:21.031Z
X-Reqres-Upgrade: https://app.reqres.in/upgrade
X-Request-Id: f66ca3bd-8048-4355-3d70-c6744390cab1
X-Robots-Tag: noindex, nofollow
X-Xss-Protection: 0
cf-cache-status: DYNAMIC
Content-Encoding: gzip
CF-RAY: 9e14270bdf4b0972-HKG

{
    "id": 4,
    "token": "QpwL5tke4Pnpja7X4",
    "_meta": {
        "powered_by": "ReqRes",
        "docs_url": "https://app.reqres.in/documentation",
        "upgrade_url": "https://app.reqres.in/upgrade",
        "example_url": "https://app.reqres.in/examples/notes-app",
        "variant": "v1_b",
        "message": "Need more than fake data? Projects give you real CRUD + auth in minutes.",
        "cta": {
            "label": "Get started",
            "url": "https://app.reqres.in/upgrade"
        },
        "context": "legacy_success"
    }
}
]]></system-out>
  </testcase>
  <testcase name="endpoints_shouldMeetSla[GET, /users, 200, 2000](1)" classname="tests.bai5.ReqresPerformanceApiTest" time="0.653">
    <system-out><![CDATA[Request method:	GET
Request URI:	https://reqres.in/api/users
Proxy:			<none>
Request params:	<none>
Query params:	<none>
Form params:	<none>
Path params:	<none>
Headers:		Accept=application/json
				User-Agent=lab10-api-tests/1.0
				x-api-key=reqres_7e9abe50e2074205afe71a02e24762c3
				Content-Type=application/json
Cookies:		<none>
Multiparts:		<none>
Body:			<none>
HTTP/1.1 200 OK
Date: Tue, 24 Mar 2026 08:02:15 GMT
Content-Type: application/json; charset=utf-8
Transfer-Encoding: chunked
Connection: keep-alive
Access-Control-Allow-Origin: *
Cache-Control: no-store
Cross-Origin-Opener-Policy: same-origin
Cross-Origin-Resource-Policy: same-origin
Etag: W/"5ba-Hq89QHuVAhWKacAspICIv8xBR2w"
Nel: {"report_to":"heroku-nel","response_headers":["Via"],"max_age":3600,"success_fraction":0.01,"failure_fraction":0.1}
Origin-Agent-Cluster: ?1
Ratelimit-Limit: 20
Ratelimit-Policy: 20;w=60
Ratelimit-Remaining: 19
Ratelimit-Reset: 60
Referrer-Policy: strict-origin-when-cross-origin
Report-To: {"group":"heroku-nel","endpoints":[{"url":"https://nel.heroku.com/reports?s=FlFdo%2BPImmESfQk485cKpJLGaS3Arb6%2Bz9vUjf5w4As%3D\u0026sid=c4c9725f-1ab0-44d8-820f-430df2718e11\u0026ts=1774339335"}],"max_age":3600}
Reporting-Endpoints: heroku-nel="https://nel.heroku.com/reports?s=FlFdo%2BPImmESfQk485cKpJLGaS3Arb6%2Bz9vUjf5w4As%3D&sid=c4c9725f-1ab0-44d8-820f-430df2718e11&ts=1774339335"
Server: cloudflare
Strict-Transport-Security: max-age=31536000; includeSubDomains
Via: 1.1 heroku-router
X-Content-Type-Options: nosniff
X-Dns-Prefetch-Control: off
X-Download-Options: noopen
X-Frame-Options: DENY
X-Permitted-Cross-Domain-Policies: none
X-Powered-By: ReqRes.in - Deploy backends in 30 seconds
X-Ratelimit-Limit: 250
X-Ratelimit-Remaining: 148
X-Ratelimit-Reset: 1774396800
X-Reqres-Docs: https://reqres.in
X-Reqres-Message: This API is powered by ReqRes. Deploy your own backend in 30 seconds!
X-Reqres-Templates: https://app.reqres.in/templates
X-Reqres-Tip: Need more than /api/users? Build custom collections - app.reqres.in/dashboard
X-Reqres-Trial: true
X-Reqres-Trial-Days-Remaining: 14
X-Reqres-Trial-Expires: 2026-04-07T07:35:21.031Z
X-Reqres-Upgrade: https://app.reqres.in/upgrade
X-Request-Id: ceda6afa-1901-fa4a-7541-c2bbd2b48327
X-Robots-Tag: noindex, nofollow
X-Xss-Protection: 0
cf-cache-status: BYPASS
Content-Encoding: gzip
CF-RAY: 9e14270e4de803e9-HKG

{
    "page": 1,
    "per_page": 6,
    "total": 12,
    "total_pages": 2,
    "data": [
        {
            "id": 1,
            "email": "george.bluth@reqres.in",
            "first_name": "George",
            "last_name": "Bluth",
            "avatar": "https://reqres.in/img/faces/1-image.jpg"
        },
        {
            "id": 2,
            "email": "janet.weaver@reqres.in",
            "first_name": "Janet",
            "last_name": "Weaver",
            "avatar": "https://reqres.in/img/faces/2-image.jpg"
        },
        {
            "id": 3,
            "email": "emma.wong@reqres.in",
            "first_name": "Emma",
            "last_name": "Wong",
            "avatar": "https://reqres.in/img/faces/3-image.jpg"
        },
        {
            "id": 4,
            "email": "eve.holt@reqres.in",
            "first_name": "Eve",
            "last_name": "Holt",
            "avatar": "https://reqres.in/img/faces/4-image.jpg"
        },
        {
            "id": 5,
            "email": "charles.morris@reqres.in",
            "first_name": "Charles",
            "last_name": "Morris",
            "avatar": "https://reqres.in/img/faces/5-image.jpg"
        },
        {
            "id": 6,
            "email": "tracey.ramos@reqres.in",
            "first_name": "Tracey",
            "last_name": "Ramos",
            "avatar": "https://reqres.in/img/faces/6-image.jpg"
        }
    ],
    "support": {
        "url": "https://benhowdle.im/first-cto-playbook?utm_source=reqres&utm_medium=json&utm_campaign=referral",
        "text": "Become a better CTO. A playbook of painful stories and practical advice from a two-time startup CTO."
    },
    "_meta": {
        "powered_by": "ReqRes",
        "docs_url": "https://app.reqres.in/documentation",
        "upgrade_url": "https://app.reqres.in/upgrade",
        "example_url": "https://app.reqres.in/examples/notes-app",
        "variant": "v1_b",
        "message": "Need more than fake data? Projects give you real CRUD + auth in minutes.",
        "cta": {
            "label": "Get started",
            "url": "https://app.reqres.in/upgrade"
        },
        "context": "legacy_success"
    }
}
[SLA] GET /users -> 639ms
]]></system-out>
  </testcase>
  <testcase name="endpoints_shouldMeetSla[GET, /users/2, 200, 1500](2)" classname="tests.bai5.ReqresPerformanceApiTest" time="0.369">
    <system-out><![CDATA[Request method:	GET
Request URI:	https://reqres.in/api/users/2
Proxy:			<none>
Request params:	<none>
Query params:	<none>
Form params:	<none>
Path params:	<none>
Headers:		Accept=application/json
				User-Agent=lab10-api-tests/1.0
				x-api-key=reqres_7e9abe50e2074205afe71a02e24762c3
				Content-Type=application/json
Cookies:		<none>
Multiparts:		<none>
Body:			<none>
HTTP/1.1 200 OK
Date: Tue, 24 Mar 2026 08:02:16 GMT
Content-Type: application/json; charset=utf-8
Transfer-Encoding: chunked
Connection: keep-alive
Access-Control-Allow-Origin: *
Cache-Control: no-store
Cross-Origin-Opener-Policy: same-origin
Cross-Origin-Resource-Policy: same-origin
Etag: W/"2ee-Zr5oqRGXSANrBizT/MNHCB44AuQ"
Nel: {"report_to":"heroku-nel","response_headers":["Via"],"max_age":3600,"success_fraction":0.01,"failure_fraction":0.1}
Origin-Agent-Cluster: ?1
Ratelimit-Limit: 20
Ratelimit-Policy: 20;w=60
Ratelimit-Remaining: 17
Ratelimit-Reset: 53
Referrer-Policy: strict-origin-when-cross-origin
Report-To: {"group":"heroku-nel","endpoints":[{"url":"https://nel.heroku.com/reports?s=R%2Bm%2BpjXlf6v95m7REgcu8MTMFYhh2%2FQUhOZw7VxvPrs%3D\u0026sid=c4c9725f-1ab0-44d8-820f-430df2718e11\u0026ts=1774339336"}],"max_age":3600}
Reporting-Endpoints: heroku-nel="https://nel.heroku.com/reports?s=R%2Bm%2BpjXlf6v95m7REgcu8MTMFYhh2%2FQUhOZw7VxvPrs%3D&sid=c4c9725f-1ab0-44d8-820f-430df2718e11&ts=1774339336"
Server: cloudflare
Strict-Transport-Security: max-age=31536000; includeSubDomains
Via: 1.1 heroku-router
X-Content-Type-Options: nosniff
X-Dns-Prefetch-Control: off
X-Download-Options: noopen
X-Frame-Options: DENY
X-Permitted-Cross-Domain-Policies: none
X-Powered-By: ReqRes.in - Deploy backends in 30 seconds
X-Ratelimit-Limit: 250
X-Ratelimit-Remaining: 147
X-Ratelimit-Reset: 1774396800
X-Reqres-Docs: https://reqres.in
X-Reqres-Message: This API is powered by ReqRes. Deploy your own backend in 30 seconds!
X-Reqres-Templates: https://app.reqres.in/templates
X-Reqres-Tip: Test against your own data, not fixtures - app.reqres.in/dashboard
X-Reqres-Trial: true
X-Reqres-Trial-Days-Remaining: 14
X-Reqres-Trial-Expires: 2026-04-07T07:35:21.031Z
X-Reqres-Upgrade: https://app.reqres.in/upgrade
X-Request-Id: 695234c6-4fe7-6789-e654-603e04855677
X-Robots-Tag: noindex, nofollow
X-Xss-Protection: 0
cf-cache-status: BYPASS
Content-Encoding: gzip
CF-RAY: 9e1427125f9add44-HKG

{
    "data": {
        "id": 2,
        "email": "janet.weaver@reqres.in",
        "first_name": "Janet",
        "last_name": "Weaver",
        "avatar": "https://reqres.in/img/faces/2-image.jpg"
    },
    "support": {
        "url": "https://benhowdle.im/first-cto-playbook?utm_source=reqres&utm_medium=json&utm_campaign=referral",
        "text": "Become a better CTO. A playbook of painful stories and practical advice from a two-time startup CTO."
    },
    "_meta": {
        "powered_by": "ReqRes",
        "docs_url": "https://app.reqres.in/documentation",
        "upgrade_url": "https://app.reqres.in/upgrade",
        "example_url": "https://app.reqres.in/examples/notes-app",
        "variant": "v1_b",
        "message": "Need more than fake data? Projects give you real CRUD + auth in minutes.",
        "cta": {
            "label": "Get started",
            "url": "https://app.reqres.in/upgrade"
        },
        "context": "legacy_success"
    }
}
[SLA] GET /users/2 -> 363ms
]]></system-out>
  </testcase>
  <testcase name="endpoints_shouldMeetSla[POST, /users, 201, 3000](3)" classname="tests.bai5.ReqresPerformanceApiTest" time="0.378">
    <system-out><![CDATA[Request method:	POST
Request URI:	https://reqres.in/api/users
Proxy:			<none>
Request params:	<none>
Query params:	<none>
Form params:	<none>
Path params:	<none>
Headers:		Accept=application/json
				User-Agent=lab10-api-tests/1.0
				x-api-key=reqres_7e9abe50e2074205afe71a02e24762c3
				Content-Type=application/json
Cookies:		<none>
Multiparts:		<none>
Body:
{
    "name": "Perf User",
    "job": "Perf Tester"
}
HTTP/1.1 201 Created
Date: Tue, 24 Mar 2026 08:02:16 GMT
Content-Type: application/json; charset=utf-8
Content-Length: 471
Connection: keep-alive
Access-Control-Allow-Origin: *
Cache-Control: no-store
Cross-Origin-Opener-Policy: same-origin
Cross-Origin-Resource-Policy: same-origin
Etag: W/"1d7-yBb/N/BUowzxaR9ZwifiyrCImjc"
Nel: {"report_to":"heroku-nel","response_headers":["Via"],"max_age":3600,"success_fraction":0.01,"failure_fraction":0.1}
Origin-Agent-Cluster: ?1
Ratelimit-Limit: 20
Ratelimit-Policy: 20;w=60
Ratelimit-Remaining: 19
Ratelimit-Reset: 60
Referrer-Policy: strict-origin-when-cross-origin
Report-To: {"group":"heroku-nel","endpoints":[{"url":"https://nel.heroku.com/reports?s=R%2Bm%2BpjXlf6v95m7REgcu8MTMFYhh2%2FQUhOZw7VxvPrs%3D\u0026sid=c4c9725f-1ab0-44d8-820f-430df2718e11\u0026ts=1774339336"}],"max_age":3600}
Reporting-Endpoints: heroku-nel="https://nel.heroku.com/reports?s=R%2Bm%2BpjXlf6v95m7REgcu8MTMFYhh2%2FQUhOZw7VxvPrs%3D&sid=c4c9725f-1ab0-44d8-820f-430df2718e11&ts=1774339336"
Server: cloudflare
Strict-Transport-Security: max-age=31536000; includeSubDomains
Via: 1.1 heroku-router
X-Content-Type-Options: nosniff
X-Dns-Prefetch-Control: off
X-Download-Options: noopen
X-Frame-Options: DENY
X-Permitted-Cross-Domain-Policies: none
X-Powered-By: ReqRes.in - Deploy backends in 30 seconds
X-Ratelimit-Limit: 250
X-Ratelimit-Remaining: 146
X-Ratelimit-Reset: 1774396800
X-Reqres-Docs: https://reqres.in
X-Reqres-Message: This API is powered by ReqRes. Deploy your own backend in 30 seconds!
X-Reqres-Templates: https://app.reqres.in/templates
X-Reqres-Tip: Add real user auth to your app with magic codes - reqres.in/docs
[...]
    },
    {
        "userId": 10,
        "id": 93,
        "title": "beatae soluta recusandae",
        "body": "dolorem quibusdam ducimus consequuntur dicta aut quo laboriosam\nvoluptatem quis enim recusandae ut sed sunt\nnostrum est odit totam\nsit error sed sunt eveniet provident qui nulla"
    },
    {
        "userId": 10,
        "id": 94,
        "title": "qui qui voluptates illo iste minima",
        "body": "aspernatur expedita soluta quo ab ut similique\nexpedita dolores amet\nsed temporibus distinctio magnam saepe deleniti\nomnis facilis nam ipsum natus sint similique omnis"
    },
    {
        "userId": 10,
        "id": 95,
        "title": "id minus libero illum nam ad officiis",
        "body": "earum voluptatem facere provident blanditiis velit laboriosam\npariatur accusamus odio saepe\ncumque dolor qui a dicta ab doloribus consequatur omnis\ncorporis cupiditate eaque assumenda ad nesciunt"
    },
    {
        "userId": 10,
        "id": 96,
        "title": "quaerat velit veniam amet cupiditate aut numquam ut sequi",
        "body": "in non odio excepturi sint eum\nlabore voluptates vitae quia qui et\ninventore itaque rerum\nveniam non exercitationem delectus aut"
    },
    {
        "userId": 10,
        "id": 97,
        "title": "quas fugiat ut perspiciatis vero provident",
        "body": "eum non blanditiis soluta porro quibusdam voluptas\nvel voluptatem qui placeat dolores qui velit aut\nvel inventore aut cumque culpa explicabo aliquid at\nperspiciatis est et voluptatem dignissimos dolor itaque sit nam"
    },
    {
        "userId": 10,
        "id": 98,
        "title": "laboriosam dolor voluptates",
        "body": "doloremque ex facilis sit sint culpa\nsoluta assumenda eligendi non ut eius\nsequi ducimus vel quasi\nveritatis est dolores"
    },
    {
        "userId": 10,
        "id": 99,
        "title": "temporibus sit alias delectus eligendi possimus magni",
        "body": "quo deleniti praesentium dicta non quod\naut est molestias\nmolestias et officia quis nihil\nitaque dolorem quia"
    },
    {
        "userId": 10,
        "id": 100,
        "title": "at nam consequatur ea labore ea harum",
        "body": "cupiditate quo est a modi nesciunt soluta\nipsa voluptas error itaque dicta in\nautem qui minus magnam et distinctio eum\naccusamus ratione error aut"
    }
]
]]></system-out>
  </testcase>
  <testcase name="getSinglePost_shouldReturnPost1" classname="tests.bai7.PostApiTest" time="0.165">
    <system-out><![CDATA[Request method:	GET
Request URI:	https://jsonplaceholder.typicode.com/posts/1
Proxy:			<none>
Request params:	<none>
Query params:	<none>
Form params:	<none>
Path params:	<none>
Headers:		Accept=application/json
				User-Agent=lab10-api-tests/1.0
				Content-Type=application/json
Cookies:		<none>
Multiparts:		<none>
Body:			<none>
HTTP/1.1 200 OK
Date: Tue, 24 Mar 2026 08:02:28 GMT
Content-Type: application/json; charset=utf-8
Transfer-Encoding: chunked
Connection: keep-alive
access-control-allow-credentials: true
Cache-Control: max-age=43200
etag: W/"124-yiKdLzqO5gfBrJFrcdJ8Yq0LGnU"
expires: -1
nel: {"report_to":"heroku-nel","response_headers":["Via"],"max_age":3600,"success_fraction":0.01,"failure_fraction":0.1}
pragma: no-cache
report-to: {"group":"heroku-nel","endpoints":[{"url":"https://nel.heroku.com/reports?s=Y87BfwfGkmjrlwqs4hyPA%2Bz1%2BSPr5zLA8I2aENVWM4g%3D\u0026sid=e11707d5-02a7-43ef-b45e-2cf4d2036f7d\u0026ts=1754470020"}],"max_age":3600}
reporting-endpoints: heroku-nel="https://nel.heroku.com/reports?s=Y87BfwfGkmjrlwqs4hyPA%2Bz1%2BSPr5zLA8I2aENVWM4g%3D&sid=e11707d5-02a7-43ef-b45e-2cf4d2036f7d&ts=1754470020"
Server: cloudflare
vary: Origin, Accept-Encoding
via: 2.0 heroku-router
x-content-type-options: nosniff
x-powered-by: Express
x-ratelimit-limit: 1000
x-ratelimit-remaining: 999
x-ratelimit-reset: 1754470024
Age: 21784
cf-cache-status: HIT
Content-Encoding: gzip
CF-RAY: 9e14275f99ef105a-HKG
alt-svc: h3=":443"; ma=86400

{
    "userId": 1,
    "id": 1,
    "title": "sunt aut facere repellat provident occaecati excepturi optio reprehenderit",
    "body": "quia et suscipit\nsuscipit recusandae consequuntur expedita et cum\nreprehenderit molestiae ut ut quas totam\nnostrum rerum est autem sunt rem eveniet architecto"
}
]]></system-out>
  </testcase>
  <testcase name="updatePost_shouldReturnUpdatedPost" classname="tests.bai7.PostApiTest" time="0.895">
    <system-out><![CDATA[Request method:	PUT
Request URI:	https://jsonplaceholder.typicode.com/posts/1
Proxy:			<none>
Request params:	<none>
Query params:	<none>
Form params:	<none>
Path params:	<none>
Headers:		Accept=application/json
				User-Agent=lab10-api-tests/1.0
				Content-Type=application/json
Cookies:		<none>
Multiparts:		<none>
Body:
{
    "title": "Updated Title",
    "body": "Updated Body",
    "userId": 1
}
HTTP/1.1 200 OK
Date: Tue, 24 Mar 2026 08:02:29 GMT
Content-Type: application/json; charset=utf-8
Transfer-Encoding: chunked
Connection: keep-alive
access-control-allow-credentials: true
Cache-Control: no-cache
etag: W/"52-fxzevWTgoXHGfnvBiWoVh9yQK4w"
expires: -1
nel: {"report_to":"heroku-nel","response_headers":["Via"],"max_age":3600,"success_fraction":0.01,"failure_fraction":0.1}
pragma: no-cache
report-to: {"group":"heroku-nel","endpoints":[{"url":"https://nel.heroku.com/reports?s=0uHMqbSyw2M7QL3H3UwOz1OWPp%2BJ6MlnhSUGzSNAt9E%3D\u0026sid=e11707d5-02a7-43ef-b45e-2cf4d2036f7d\u0026ts=1774339349"}],"max_age":3600}
reporting-endpoints: heroku-nel="https://nel.heroku.com/reports?s=0uHMqbSyw2M7QL3H3UwOz1OWPp%2BJ6MlnhSUGzSNAt9E%3D&sid=e11707d5-02a7-43ef-b45e-2cf4d2036f7d&ts=1774339349"
Server: cloudflare
vary: Origin, Accept-Encoding
via: 2.0 heroku-router
x-content-type-options: nosniff
x-powered-by: Express
x-ratelimit-limit: 1000
x-ratelimit-remaining: 997
x-ratelimit-reset: 1774339398
cf-cache-status: DYNAMIC
Content-Encoding: gzip
CF-RAY: 9e1427613d45a0e9-HKG
alt-svc: h3=":443"; ma=86400

{
    "title": "Updated Title",
    "body": "Updated Body",
    "userId": 1,
    "id": 1
}
]]></system-out>
  </testcase>
  <testcase name="getCommentsByPost_shouldReturn5Comments" classname="tests.bai7.CommentApiTest" time="0.197">
    <system-out><![CDATA[Request method:	GET
Request URI:	https://jsonplaceholder.typicode.com/posts/1/comments
Proxy:			<none>
Request params:	<none>
Query params:	<none>
Form params:	<none>
Path params:	<none>
Headers:		Accept=application/json
				User-Agent=lab10-api-tests/1.0
				Content-Type=application/json
Cookies:		<none>
Multiparts:		<none>
Body:			<none>
HTTP/1.1 200 OK
Date: Tue, 24 Mar 2026 08:02:29 GMT
Content-Type: application/json; charset=utf-8
Transfer-Encoding: chunked
Connection: keep-alive
access-control-allow-credentials: true
Cache-Control: max-age=43200
Content-Encoding: gzip
etag: W/"5e6-4bSPS5tq8F8ZDeFJULWh6upjp7U"
expires: -1
nel: {"report_to":"heroku-nel","response_headers":["Via"],"max_age":3600,"success_fraction":0.01,"failure_fraction":0.1}
pragma: no-cache
report-to: {"group":"heroku-nel","endpoints":[{"url":"https://nel.heroku.com/reports?s=tx%2FsvRoGnZgmZMDCdvYtVHEbJKXkrxHW0Ubn7ACLCJo%3D\u0026sid=e11707d5-02a7-43ef-b45e-2cf4d2036f7d\u0026ts=1774035463"}],"max_age":3600}
reporting-endpoints: heroku-nel="https://nel.heroku.com/reports?s=tx%2FsvRoGnZgmZMDCdvYtVHEbJKXkrxHW0Ubn7ACLCJo%3D&sid=e11707d5-02a7-43ef-b45e-2cf4d2036f7d&ts=1774035463"
Server: cloudflare
vary: Origin, Accept-Encoding
via: 2.0 heroku-router
x-content-type-options: nosniff
x-powered-by: Express
x-ratelimit-limit: 1000
x-ratelimit-remaining: 999
x-ratelimit-reset: 1774035495
Age: 18890
cf-cache-status: HIT
CF-RAY: 9e1427667df8e34d-HKG
alt-svc: h3=":443"; ma=86400

[
    {
        "postId": 1,
        "id": 1,
        "name": "id labore ex et quam laborum",
        "email": "Eliseo@gardner.biz",
        "body": "laudantium enim quasi est quidem magnam voluptate ipsam eos\ntempora quo necessitatibus\ndolor quam autem quasi\nreiciendis et nam sapiente accusantium"
    },
    {
        "postId": 1,
        "id": 2,
        "name": "quo vero reiciendis velit similique earum",
        "email": "Jayne_Kuhic@sydney.com",
        "body": "est natus enim nihil est dolore omnis voluptatem numquam\net omnis occaecati quod ullam at\nvoluptatem error expedita pariatur\nnihil sint nostrum voluptatem reiciendis et"
    },
    {
        "postId": 1,
        "id": 3,
        "name": "odio adipisci rerum aut animi",
        "email": "Nikita@garfield.biz",
        "body": "quia molestiae reprehenderit quasi aspernatur\naut expedita occaecati aliquam eveniet laudantium\nomnis quibusdam delectus saepe quia accusamus maiores nam est\ncum et ducimus et vero voluptates excepturi deleniti ratione"
    },
    {
        "postId": 1,
        "id": 4,
        "name": "alias odio sit",
        "email": "Lew@alysha.tv",
        "body": "non et atque\noccaecati deserunt quas accusantium unde odit nobis qui voluptatem\nquia voluptas consequuntur itaque dolor\net qui rerum deleniti ut occaecati"
    },
    {
        "postId": 1,
        "id": 5,
        "name": "vero eaque aliquid doloribus et culpa",
        "email": "Hayden@althea.biz",
        "body": "harum non quasi et ratione\ntempore iure ex voluptates in ratione\nharum architecto fugit inventore cupiditate\nvoluptates magni quo et"
    }
]
]]></system-out>
  </testcase>
  <testcase name="getUser1_shouldMatchUserSchema" classname="tests.bai7.JsonPlaceholderUserApiTest" time="0.125">
    <system-out><![CDATA[Request method:	GET
Request URI:	https://jsonplaceholder.typicode.com/users/1
Proxy:			<none>
Request params:	<none>
Query params:	<none>
Form params:	<none>
Path params:	<none>
Headers:		Accept=application/json
				User-Agent=lab10-api-tests/1.0
				Content-Type=application/json
Cookies:		<none>
Multiparts:		<none>
Body:			<none>
HTTP/1.1 200 OK
Date: Tue, 24 Mar 2026 08:02:29 GMT
Content-Type: application/json; charset=utf-8
Transfer-Encoding: chunked
Connection: keep-alive
access-control-allow-credentials: true
Cache-Control: max-age=43200
etag: W/"1fd-+2Y3G3w049iSZtw5t1mzSnunngE"
expires: -1
nel: {"report_to":"heroku-nel","response_headers":["Via"],"max_age":3600,"success_fraction":0.01,"failure_fraction":0.1}
pragma: no-cache
report-to: {"group":"heroku-nel","endpoints":[{"url":"https://nel.heroku.com/reports?s=hh1VJKEvr2m84vp9808m8R7gFDWRgigx5jIbUSiZaZw%3D\u0026sid=e11707d5-02a7-43ef-b45e-2cf4d2036f7d\u0026ts=1773279248"}],"max_age":3600}
reporting-endpoints: heroku-nel="https://nel.heroku.com/reports?s=hh1VJKEvr2m84vp9808m8R7gFDWRgigx5jIbUSiZaZw%3D&sid=e11707d5-02a7-43ef-b45e-2cf4d2036f7d&ts=1773279248"
Server: cloudflare
vary: Origin, Accept-Encoding
via: 2.0 heroku-router
x-content-type-options: nosniff
x-powered-by: Express
x-ratelimit-limit: 1000
x-ratelimit-remaining: 996
x-ratelimit-reset: 1773279295
Age: 22761
cf-cache-status: HIT
Content-Encoding: gzip
CF-RAY: 9e1427675c3814b4-HKG
alt-svc: h3=":443"; ma=86400

{
    "id": 1,
    "name": "Leanne Graham",
    "username": "Bret",
    "email": "Sincere@april.biz",
    "address": {
        "street": "Kulas Light",
        "suite": "Apt. 556",
        "city": "Gwenborough",
        "zipcode": "92998-3874",
        "geo": {
            "lat": "-37.3159",
            "lng": "81.1496"
        }
    },
    "phone": "1-770-736-8031 x56442",
    "website": "hildegard.org",
    "company": {
        "name": "Romaguera-Crona",
        "catchPhrase": "Multi-layered client-server neural-net",
        "bs": "harness real-time e-markets"
    }
}
]]></system-out>
  </testcase>
  <testcase name="getUsers_shouldReturn10Users" classname="tests.bai7.JsonPlaceholderUserApiTest" time="0.124">
    <system-out><![CDATA[Request method:	GET
Request URI:	https://jsonplaceholder.typicode.com/users
Proxy:			<none>
Request params:	<none>
Query params:	<none>
Form params:	<none>
Path params:	<none>
Headers:		Accept=application/json
				User-Agent=lab10-api-tests/1.0
				Content-Type=application/json
Cookies:		<none>
Multiparts:		<none>
Body:			<none>
HTTP/1.1 200 OK
Date: Tue, 24 Mar 2026 08:02:29 GMT
Content-Type: application/json; charset=utf-8
Content-Length: 1847
Connection: keep-alive
access-control-allow-credentials: true
Cache-Control: max-age=43200
Content-Encoding: gzip
etag: W/"160d-1eMSsxeJRfnVLRBmYJSbCiJZ1qQ"
expires: -1
nel: {"report_to":"heroku-nel","response_headers":["Via"],"max_age":3600,"success_fraction":0.01,"failure_fraction":0.1}
pragma: no-cache
report-to: {"group":"heroku-nel","endpoints":[{"url":"https://nel.heroku.com/reports?s=UNIuloaS2kkY%2BGgCO6VubA6xgXo%2BjLeupU6Hbdojlto%3D\u0026sid=e11707d5-02a7-43ef-b45e-2cf4d2036f7d\u0026ts=1766222221"}],"max_age":3600}
reporting-endpoints: heroku-nel="https://nel.heroku.com/reports?s=UNIuloaS2kkY%2BGgCO6VubA6xgXo%2BjLeupU6Hbdojlto%3D&sid=e11707d5-02a7-43ef-b45e-2cf4d2036f7d&ts=1766222221"
Server: cloudflare
vary: Origin, Accept-Encoding
via: 2.0 heroku-router
x-content-type-options: nosniff
x-powered-by: Express
x-ratelimit-limit: 1000
x-ratelimit-remaining: 999
x-ratelimit-reset: 1766222261
Age: 18220
Accept-Ranges: bytes
cf-cache-status: HIT
CF-RAY: 9e142768191309b8-HKG
alt-svc: h3=":443"; ma=86400

[
    {
        "id": 1,
        "name": "Leanne Graham",
        "username": "Bret",
        "email": "Sincere@april.biz",
        "address": {
            "street": "Kulas Light",
            "suite": "Apt. 556",
            "city": "Gwenborough",
            "zipcode": "92998-3874",
            "geo": {
                "lat": "-37.3159",
                "lng": "81.1496"
            }
        },
        "phone": "1-770-736-8031 x56442",
        "website": "hildegard.org",
        "company": {
            "name": "Romaguera-Crona",
            "catchPhrase": "Multi-layered client-server neural-net",
            "bs": "harness real-time e-markets"
        }
    },
    {
        "id": 2,
        "name": "Ervin Howell",
        "username": "Antonette",
        "email": "Shanna@melissa.tv",
        "address": {
            "street": "Victor Plains",
            "suite": "Suite 879",
            "city": "Wisokyburgh",
            "zipcode": "90566-7771",
            "geo": {
                "lat": "-43.9509",
                "lng": "-34.4618"
            }
        },
        "phone": "010-692-6593 x09125",
        "website": "anastasia.net",
        "company": {
            "name": "Deckow-Crist",
            "catchPhrase": "Proactive didactic contingency",
            "bs": "synergize scalable supply-chains"
        }
    },
    {
        "id": 3,
        "name": "Clementine Bauch",
        "username": "Samantha",
        "email": "Nathan@yesenia.net",
        "address": {
            "street": "Douglas Extension",
            "suite": "Suite 847",
            "city": "McKenziehaven",
            "zipcode": "59590-4157",
            "geo": {
                "lat": "-68.6102",
                "lng": "-47.0653"
            }
        },
        "phone": "1-463-123-4447",
        "website": "ramiro.info",
        "company": {
            "name": "Romaguera-Jacobson",
            "catchPhrase": "Face to face bifurcated interface",
            "bs": "e-enable strategic applications"
        }
    },
    {
        "id": 4,
        "name": "Patricia Lebsack",
        "username": "Karianne",
        "email": "Julianne.OConner@kory.org",
        "address": {
            "street": "Hoeger Mall",
            "suite": "Apt. 692",
            "city": "South Elvis",
            "zipcode": "53919-4257",
            "geo": {
                "lat": "29.4572",
                "lng": "-164.2990"
            }
        },
        "phone": "493-170-9623 x156",
        "website": "kale.biz",
        "company": {
            "name": "Robel-Corkery",
            "catchPhrase": "Multi-tiered zero tolerance productivity",
            "bs": "transition cutting-edge web services"
        }
    },
    {
        "id": 5,
        "name": "Chelsey Dietrich",
        "username": "Kamren",
        "email": "Lucio_Hettinger@annie.ca",
        "address": {
            "street": "Skiles Walks",
            "suite": "Suite 351",
            "city": "Roscoeview",
            "zipcode": "33263",
            "geo": {
                "lat": "-31.8129",
                "lng": "62.5342"
            }
        },
        "phone": "(254)954-1289",
        "website": "demarco.info",
        "company": {
            "name": "Keebler LLC",
            "catchPhrase": "User-centric fault-tolerant solution",
            "bs": "revolutionize end-to-end systems"
        }
    },
    {
        "id": 6,
        "name": "Mrs. Dennis Schulist",
        "username": "Leopoldo_Corkery",
        "email": "Karley_Dach@jasper.info",
        "address": {
            "street": "Norberto Crossing",
            "suite": "Apt. 950",
            "city": "South Christy",
            "zipcode": "23505-1337",
            "geo": {
                "lat": "-71.4197",
                "lng": "71.7478"
            }
        },
        "phone": "1-477-935-8478 x6430",
        "website": "ola.org",
        "company": {
            "name": "Considine-Lockman",
            "catchPhrase": "Synchronised bottom-line interface",
            "bs": "e-enable innovative applications"
        }
    },
    {
        "id": 7,
        "name": "Kurtis Weissnat",
        "username": "Elwyn.Skiles",
        "email": "Telly.Hoeger@billy.biz",
        "address": {
            "street": "Rex Trail",
            "suite": "Suite 280",
            "city": "Howemouth",
            "zipcode": "58804-1099",
            "geo": {
                "lat": "24.8918",
                "lng": "21.8984"
            }
        },
        "phone": "210.067.6132",
        "website": "elvis.io",
        "company": {
            "name": "Johns Group",
            "catchPhrase": "Configurable multimedia task-force",
            "bs": "generate enterprise e-tailers"
        }
    },
    {
        "id": 8,
        "name": "Nicholas Runolfsdottir V",
        "username": "Maxime_Nienow",
        "email": "Sherwood@rosamond.me",
        "address": {
            "street": "Ellsworth Summit",
            "suite": "Suite 729",
            "city": "Aliyaview",
            "zipcode": "45169",
            "geo": {
                "lat": "-14.3990",
                "lng": "-120.7677"
            }
        },
        "phone": "586.493.6943 x140",
        "website": "jacynthe.com",
        "company": {
            "name": "Abernathy Group",
            "catchPhrase": "Implemented secondary concept",
            "bs": "e-enable extensible e-tailers"
        }
    },
    {
        "id": 9,
        "name": "Glenna Reichert",
        "username": "Delphine",
        "email": "Chaim_McDermott@dana.io",
        "address": {
            "street": "Dayna Park",
            "suite": "Suite 449",
            "city": "Bartholomebury",
            "zipcode": "76495-3109",
            "geo": {
                "lat": "24.6463",
                "lng": "-168.8889"
            }
        },
        "phone": "(775)976-6794 x41206",
        "website": "conrad.com",
        "company": {
            "name": "Yost and Sons",
            "catchPhrase": "Switchable contextually-based project",
            "bs": "aggregate real-time technologies"
        }
    },
    {
        "id": 10,
        "name": "Clementina DuBuque",
        "username": "Moriah.Stanton",
        "email": "Rey.Padberg@karina.biz",
        "address": {
            "street": "Kattie Turnpike",
            "suite": "Suite 198",
            "city": "Lebsackbury",
            "zipcode": "31428-2261",
            "geo": {
                "lat": "-38.2386",
                "lng": "57.2232"
            }
        },
        "phone": "024-648-3804",
        "website": "ambrose.net",
        "company": {
            "name": "Hoeger LLC",
            "catchPhrase": "Centralized empowering task-force",
            "bs": "target end-to-end models"
        }
    }
]
]]></system-out>
  </testcase>
</testsuite>