<?xml version="1.0" encoding="UTF-8"?>
<testng-results ignored="0" total="5" passed="5" failed="0" skipped="0">
  <reporter-output>
  </reporter-output>
  <suite started-at="2026-03-10T15:22:32 GMT+07:00" name="Lab8_Bai62_TextBox_WhiteBox_Suite" finished-at="2026-03-10T15:23:11 GMT+07:00" duration-ms="39229">
    <groups>
    </groups>
    <test started-at="2026-03-10T15:22:32 GMT+07:00" name="TextBox WhiteBox Tests" finished-at="2026-03-10T15:23:11 GMT+07:00" duration-ms="39229">
      <class name="lab8.bai62.TextBoxWhiteBoxTest">
        <test-method is-config="true" signature="setUp()[pri:0, instance:lab8.bai62.TextBoxWhiteBoxTest@3bd40a57]" started-at="2026-03-10T15:22:32 GMT+07:00" name="setUp" finished-at="2026-03-10T15:22:36 GMT+07:00" duration-ms="4010" status="PASS">
          <reporter-output>
          </reporter-output>
        </test-method> <!-- setUp -->
        <test-method signature="testEmptyFields_ShouldNotDisplayMeaningfulOutput()[pri:0, instance:lab8.bai62.TextBoxWhiteBoxTest@3bd40a57]" started-at="2026-03-10T15:22:36 GMT+07:00" name="testEmptyFields_ShouldNotDisplayMeaningfulOutput" description="Boundary - de trong tat ca field" finished-at="2026-03-10T15:22:47 GMT+07:00" duration-ms="10638" status="PASS">
          <reporter-output>
          </reporter-output>
        </test-method> <!-- testEmptyFields_ShouldNotDisplayMeaningfulOutput -->
        <test-method is-config="true" signature="tearDown()[pri:0, instance:lab8.bai62.TextBoxWhiteBoxTest@3bd40a57]" started-at="2026-03-10T15:22:47 GMT+07:00" name="tearDown" finished-at="2026-03-10T15:22:47 GMT+07:00" duration-ms="120" status="PASS">
          <reporter-output>
          </reporter-output>
        </test-method> <!-- tearDown -->
        <test-method is-config="true" signature="setUp()[pri:0, instance:lab8.bai62.TextBoxWhiteBoxTest@3bd40a57]" started-at="2026-03-10T15:22:47 GMT+07:00" name="setUp" finished-at="2026-03-10T15:22:50 GMT+07:00" duration-ms="3043" status="PASS">
          <reporter-output>
          </reporter-output>
        </test-method> <!-- setUp -->
        <test-method signature="testInvalidEmail_ShouldFailBrowserValidation()[pri:0, instance:lab8.bai62.TextBoxWhiteBoxTest@3bd40a57]" started-at="2026-03-10T15:22:50 GMT+07:00" name="testInvalidEmail_ShouldFailBrowserValidation" description="Boundary - email sai dinh dang" finished-at="2026-03-10T15:23:01 GMT+07:00" duration-ms="10703" status="PASS">
          <reporter-output>
          </reporter-output>
        </test-method> <!-- testInvalidEmail_ShouldFailBrowserValidation -->
        <test-method is-config="true" signature="tearDown()[pri:0, instance:lab8.bai62.TextBoxWhiteBoxTest@3bd40a57]" started-at="2026-03-10T15:23:01 GMT+07:00" name="tearDown" finished-at="2026-03-10T15:23:01 GMT+07:00" duration-ms="140" status="PASS">
          <reporter-output>
          </reporter-output>
        </test-method> <!-- tearDown -->
        <test-method is-config="true" signature="setUp()[pri:0, instance:lab8.bai62.TextBoxWhiteBoxTest@3bd40a57]" started-at="2026-03-10T15:23:01 GMT+07:00" name="setUp" finished-at="2026-03-10T15:23:04 GMT+07:00" duration-ms="2966" status="PASS">
          <reporter-output>
          </reporter-output>
        </test-method> <!-- setUp -->
        <test-method signature="testSpecialCharactersInName_ShouldAcceptText()[pri:0, instance:lab8.bai62.TextBoxWhiteBoxTest@3bd40a57]" started-at="2026-03-10T15:23:04 GMT+07:00" name="testSpecialCharactersInName_ShouldAcceptText" description="Boundary - name chua ky tu dac biet" finished-at="2026-03-10T15:23:04 GMT+07:00" duration-ms="343" status="PASS">
          <reporter-output>
          </reporter-output>
        </test-method> <!-- testSpecialCharactersInName_ShouldAcceptText -->
        <test-method is-config="true" signature="tearDown()[pri:0, instance:lab8.bai62.TextBoxWhiteBoxTest@3bd40a57]" started-at="2026-03-10T15:23:04 GMT+07:00" name="tearDown" finished-at="2026-03-10T15:23:04 GMT+07:00" duration-ms="103" status="PASS">
          <reporter-output>
          </reporter-output>
        </test-method> <!-- tearDown -->
        <test-method is-config="true" signature="setUp()[pri:0, instance:lab8.bai62.TextBoxWhiteBoxTest@3bd40a57]" started-at="2026-03-10T15:23:04 GMT+07:00" name="setUp" finished-at="2026-03-10T15:23:07 GMT+07:00" duration-ms="3150" status="PASS">
          <reporter-output>
          </reporter-output>
        </test-method> <!-- setUp -->
        <test-method signature="testValidInput_ShouldDisplayOutput()[pri:0, instance:lab8.bai62.TextBoxWhiteBoxTest@3bd40a57]" started-at="2026-03-10T15:23:07 GMT+07:00" name="testValidInput_ShouldDisplayOutput" description="Valid input - hien thi output sau khi submit" finished-at="2026-03-10T15:23:08 GMT+07:00" duration-ms="362" status="PASS">
          <reporter-output>
          </reporter-output>
        </test-method> <!-- testValidInput_ShouldDisplayOutput -->
        <test-method is-config="true" signature="tearDown()[pri:0, instance:lab8.bai62.TextBoxWhiteBoxTest@3bd40a57]" started-at="2026-03-10T15:23:08 GMT+07:00" name="tearDown" finished-at="2026-03-10T15:23:08 GMT+07:00" duration-ms="208" status="PASS">
          <reporter-output>
          </reporter-output>
        </test-method> <!-- tearDown -->
        <test-method is-config="true" signature="setUp()[pri:0, instance:lab8.bai62.TextBoxWhiteBoxTest@3bd40a57]" started-at="2026-03-10T15:23:08 GMT+07:00" name="setUp" finished-at="2026-03-10T15:23:11 GMT+07:00" duration-ms="3057" status="PASS">
          <reporter-output>
          </reporter-output>
        </test-method> <!-- setUp -->
        <test-method signature="testWhitespaceName_ShouldKeepWhitespaceInput()[pri:0, instance:lab8.bai62.TextBoxWhiteBoxTest@3bd40a57]" started-at="2026-03-10T15:23:11 GMT+07:00" name="testWhitespaceName_ShouldKeepWhitespaceInput" description="Boundary - name chi co khoang trang" finished-at="2026-03-10T15:23:11 GMT+07:00" duration-ms="240" status="PASS">
          <reporter-output>
          </reporter-output>
        </test-method> <!-- testWhitespaceName_ShouldKeepWhitespaceInput -->
        <test-method is-config="true" signature="tearDown()[pri:0, instance:lab8.bai62.TextBoxWhiteBoxTest@3bd40a57]" started-at="2026-03-10T15:23:11 GMT+07:00" name="tearDown" finished-at="2026-03-10T15:23:11 GMT+07:00" duration-ms="126" status="PASS">
          <reporter-output>
          </reporter-output>
        </test-method> <!-- tearDown -->
      </class> <!-- lab8.bai62.TextBoxWhiteBoxTest -->
    </test> <!-- TextBox WhiteBox Tests -->
  </suite> <!-- Lab8_Bai62_TextBox_WhiteBox_Suite -->
</testng-results>
