<?xml version="1.0" encoding="UTF-8"?>
<testsuite xmlns:xsi="http://www.w3.org/2001/XMLSchema-instance" xsi:noNamespaceSchemaLocation="https://maven.apache.org/surefire/maven-surefire-plugin/xsd/surefire-test-report-3.0.xsd" version="3.0" name="TestSuite" time="0.226" tests="8" errors="0" skipped="0" failures="0">
  <properties>
[...]
</properties>
  <testcase name="testPath1_InvalidWeight" classname="lab8.bai4.PhiShipBasisPathTest" time="0.002">
    <system-err><![CDATA[SLF4J: Failed to load class "org.slf4j.impl.StaticLoggerBinder".
SLF4J: Defaulting to no-operation (NOP) logger implementation
SLF4J: See http://www.slf4j.org/codes.html#StaticLoggerBinder for further details.
]]></system-err>
  </testcase>
  <testcase name="testPath2_NoiThanhNheKhongMember" classname="lab8.bai4.PhiShipBasisPathTest" time="0.0"/>
  <testcase name="testPath3_NoiThanhNangKhongMember" classname="lab8.bai4.PhiShipBasisPathTest" time="0.0"/>
  <testcase name="testPath4_NgoaiThanhNheKhongMember" classname="lab8.bai4.PhiShipBasisPathTest" time="0.0"/>
  <testcase name="testPath5_NgoaiThanhNangKhongMember" classname="lab8.bai4.PhiShipBasisPathTest" time="0.0"/>
  <testcase name="testPath6_TinhKhacNheKhongMember" classname="lab8.bai4.PhiShipBasisPathTest" time="0.0"/>
  <testcase name="testPath7_TinhKhacNangKhongMember" classname="lab8.bai4.PhiShipBasisPathTest" time="0.0"/>
  <testcase name="testPath8_NoiThanhNheCoMember" classname="lab8.bai4.PhiShipBasisPathTest" time="0.0"/>
</testsuite>