<?xml version="1.0" encoding="UTF-8"?>
<!-- Generated by org.testng.reporters.JUnitReportReporter -->
<testsuite hostname="DESKTOP-51N1MC5" failures="0" tests="5" name="lab8.bai62.TextBoxWhiteBoxTest" time="39.209" errors="0" timestamp="2026-03-10T15:23:11 GMT+07:00" skipped="0">
  <testcase classname="lab8.bai62.TextBoxWhiteBoxTest" name="testInvalidEmail_ShouldFailBrowserValidation" time="14.853"/>
  <testcase classname="lab8.bai62.TextBoxWhiteBoxTest" name="testEmptyFields_ShouldNotDisplayMeaningfulOutput" time="13.914"/>
  <testcase classname="lab8.bai62.TextBoxWhiteBoxTest" name="testWhitespaceName_ShouldKeepWhitespaceInput" time="3.309"/>
  <testcase classname="lab8.bai62.TextBoxWhiteBoxTest" name="testValidInput_ShouldDisplayOutput" time="3.627"/>
  <testcase classname="lab8.bai62.TextBoxWhiteBoxTest" name="testSpecialCharactersInName_ShouldAcceptText" time="3.506"/>
</testsuite> <!-- lab8.bai62.TextBoxWhiteBoxTest -->
