<?xml version="1.0" encoding="UTF-8"?>
<!-- Generated by org.testng.reporters.JUnitXMLReporter -->
<testsuite ignored="0" hostname="DESKTOP-51N1MC5" failures="0" tests="7" name="Condition and MCDC Tests" time="0.022" errors="0" timestamp="2026-03-10T15:06:01 GMT+07:00">
  <testcase classname="lab8.bai5.VayVonConditionCoverageTest" name="testConditionCoverage_AllFalse" time="0.003"/>
  <testcase classname="lab8.bai5.VayVonConditionCoverageTest" name="testConditionCoverage_AllTrue" time="0.001"/>
  <testcase classname="lab8.bai5.VayVonMCDCTest" name="testMCDC_BaseCase_DuocVay" time="0.0"/>
  <testcase classname="lab8.bai5.VayVonMCDCTest" name="testMCDC_DiemTinDungDocLap_Duoi700" time="0.0"/>
  <testcase classname="lab8.bai5.VayVonMCDCTest" name="testMCDC_TaiSanBaoLanhDocLap_CoTaiSan" time="0.0"/>
  <testcase classname="lab8.bai5.VayVonMCDCTest" name="testMCDC_ThuNhapDocLap_ThapHon10Tr" time="0.0"/>
  <testcase classname="lab8.bai5.VayVonMCDCTest" name="testMCDC_TuoiDocLap_ThapHon22" time="0.0"/>
</testsuite> <!-- Condition and MCDC Tests -->
