<?xml version="1.0" encoding="UTF-8"?>
<!-- Generated by org.testng.reporters.JUnitReportReporter -->
<testsuite hostname="DESKTOP-51N1MC5" failures="0" tests="8" name="lab8.bai4.PhiShipBasisPathTest" time="0.003" errors="0" timestamp="2026-03-10T14:59:15 GMT+07:00" skipped="0">
  <testcase classname="lab8.bai4.PhiShipBasisPathTest" name="testPath8_NoiThanhNheCoMember" time="0.000"/>
  <testcase classname="lab8.bai4.PhiShipBasisPathTest" name="testPath2_NoiThanhNheKhongMember" time="0.000"/>
  <testcase classname="lab8.bai4.PhiShipBasisPathTest" name="testPath6_TinhKhacNheKhongMember" time="0.000"/>
  <testcase classname="lab8.bai4.PhiShipBasisPathTest" name="testPath5_NgoaiThanhNangKhongMember" time="0.000"/>
  <testcase classname="lab8.bai4.PhiShipBasisPathTest" name="testPath7_TinhKhacNangKhongMember" time="0.000"/>
  <testcase classname="lab8.bai4.PhiShipBasisPathTest" name="testPath1_InvalidWeight" time="0.003"/>
  <testcase classname="lab8.bai4.PhiShipBasisPathTest" name="testPath3_NoiThanhNangKhongMember" time="0.000"/>
  <testcase classname="lab8.bai4.PhiShipBasisPathTest" name="testPath4_NgoaiThanhNheKhongMember" time="0.000"/>
</testsuite> <!-- lab8.bai4.PhiShipBasisPathTest -->
