<?xml version="1.0" encoding="UTF-8"?>
<!-- Generated by org.testng.reporters.JUnitReportReporter -->
<testsuite hostname="DESKTOP-51N1MC5" failures="0" tests="14" name="lab8.bai7.OrderProcessorTest" time="0.056" errors="0" timestamp="2026-03-10T15:41:24 GMT+07:00" skipped="0">
  <testcase classname="lab8.bai7.OrderProcessorTest" name="testBasisPath_P8_CouponSale20_Gold_COD" time="0.001"/>
  <testcase classname="lab8.bai7.OrderProcessorTest" name="testMCDC_Coupon_D3_Sale10" time="0.001"/>
  <testcase classname="lab8.bai7.OrderProcessorTest" name="testBasisPath_P1_NullItems" time="0.032"/>
  <testcase classname="lab8.bai7.OrderProcessorTest" name="testBasisPath_P3_NoCoupon_OnlineShipping" time="0.003"/>
  <testcase classname="lab8.bai7.OrderProcessorTest" name="testBasisPath_P2_NoCoupon_NoMember_NoShipping" time="0.005"/>
  <testcase classname="lab8.bai7.OrderProcessorTest" name="testBasisPath_P9_InvalidCoupon" time="0.002"/>
  <testcase classname="lab8.bai7.OrderProcessorTest" name="testBasisPath_P6_PlatinumMember_Online" time="0.002"/>
  <testcase classname="lab8.bai7.OrderProcessorTest" name="testCoverageBoost_EmptyList" time="0.002"/>
  <testcase classname="lab8.bai7.OrderProcessorTest" name="testMCDC_Coupon_A_NullCoupon" time="0.001"/>
  <testcase classname="lab8.bai7.OrderProcessorTest" name="testBasisPath_P4_NoCoupon_CODShipping" time="0.002"/>
  <testcase classname="lab8.bai7.OrderProcessorTest" name="testBasisPath_P7_CouponSale10" time="0.002"/>
  <testcase classname="lab8.bai7.OrderProcessorTest" name="testBasisPath_P5_GoldMember_COD" time="0.001"/>
  <testcase classname="lab8.bai7.OrderProcessorTest" name="testMCDC_Coupon_B_EmptyCoupon" time="0.001"/>
  <testcase classname="lab8.bai7.OrderProcessorTest" name="testMCDC_Coupon_D4_Sale20" time="0.001"/>
</testsuite> <!-- lab8.bai7.OrderProcessorTest -->
