<?xml version="1.0" encoding="UTF-8"?>
<testsuite xmlns:xsi="http://www.w3.org/2001/XMLSchema-instance" xsi:noNamespaceSchemaLocation="https://maven.apache.org/surefire/maven-surefire-plugin/xsd/surefire-test-report-3.0.xsd" version="3.0" name="TestSuite" time="0.645" tests="14" errors="0" skipped="0" failures="0">
  <properties>
[...]
</properties>
  <testcase name="testBasisPath_P1_NullItems" classname="lab8.bai7.OrderProcessorTest" time="0.075">
    <system-err><![CDATA[SLF4J: Failed to load class "org.slf4j.impl.StaticLoggerBinder".
SLF4J: Defaulting to no-operation (NOP) logger implementation
SLF4J: See http://www.slf4j.org/codes.html#StaticLoggerBinder for further details.
]]></system-err>
  </testcase>
  <testcase name="testBasisPath_P2_NoCoupon_NoMember_NoShipping" classname="lab8.bai7.OrderProcessorTest" time="0.005"/>
  <testcase name="testBasisPath_P3_NoCoupon_OnlineShipping" classname="lab8.bai7.OrderProcessorTest" time="0.003"/>
  <testcase name="testBasisPath_P4_NoCoupon_CODShipping" classname="lab8.bai7.OrderProcessorTest" time="0.002"/>
  <testcase name="testBasisPath_P5_GoldMember_COD" classname="lab8.bai7.OrderProcessorTest" time="0.002"/>
  <testcase name="testBasisPath_P6_PlatinumMember_Online" classname="lab8.bai7.OrderProcessorTest" time="0.001"/>
  <testcase name="testBasisPath_P7_CouponSale10" classname="lab8.bai7.OrderProcessorTest" time="0.002"/>
  <testcase name="testBasisPath_P8_CouponSale20_Gold_COD" classname="lab8.bai7.OrderProcessorTest" time="0.002"/>
  <testcase name="testBasisPath_P9_InvalidCoupon" classname="lab8.bai7.OrderProcessorTest" time="0.002"/>
  <testcase name="testCoverageBoost_EmptyList" classname="lab8.bai7.OrderProcessorTest" time="0.003"/>
  <testcase name="testMCDC_Coupon_A_NullCoupon" classname="lab8.bai7.OrderProcessorTest" time="0.001"/>
  <testcase name="testMCDC_Coupon_B_EmptyCoupon" classname="lab8.bai7.OrderProcessorTest" time="0.002"/>
  <testcase name="testMCDC_Coupon_D3_Sale10" classname="lab8.bai7.OrderProcessorTest" time="0.002"/>
  <testcase name="testMCDC_Coupon_D4_Sale20" classname="lab8.bai7.OrderProcessorTest" time="0.001"/>
</testsuite>